Loading model: analysis/profile.pt
  hidden=64, parameters=90,189
Scanning bank: C:/SoundBanks/IthacaPlayer/ks-grand  pattern=m*-vel*-f44.wav
  Found 704 WAV files
Loading references (duration=3.0s, sr=44100 Hz) …
  Loaded 704 notes

── Fine-tune: 704 reference notes, batch=8, epochs=40, lr=0.0003 ──

[epoch 0 / 40] initial evaluation:
  m021 vel0  MRSTFT=5.9474
  m021 vel1  MRSTFT=6.6110
  m021 vel2  MRSTFT=4.1968
  m021 vel3  MRSTFT=3.6584
  m021 vel4  MRSTFT=3.3205
  m021 vel5  MRSTFT=2.9435
  m021 vel6  MRSTFT=2.7947
  m021 vel7  MRSTFT=2.7641
  m022 vel0  MRSTFT=6.1481
  m022 vel1  MRSTFT=6.3312
  m022 vel2  MRSTFT=4.4945
  m022 vel3  MRSTFT=3.9833
  m022 vel4  MRSTFT=3.4587
  m022 vel5  MRSTFT=3.1886
  m022 vel6  MRSTFT=2.9503
  m022 vel7  MRSTFT=2.7909
  m023 vel0  MRSTFT=4.3059
  m023 vel1  MRSTFT=4.0030
  m023 vel2  MRSTFT=3.2140
  m023 vel3  MRSTFT=3.1131
  m023 vel4  MRSTFT=3.0159
  m023 vel5  MRSTFT=2.8308
  m023 vel6  MRSTFT=2.7153
  m023 vel7  MRSTFT=2.7832
  m024 vel0  MRSTFT=3.4338
  m024 vel1  MRSTFT=3.2174
  m024 vel2  MRSTFT=2.8807
  m024 vel3  MRSTFT=2.7670
  m024 vel4  MRSTFT=2.8150
  m024 vel5  MRSTFT=2.7492
  m024 vel6  MRSTFT=2.7000
  m024 vel7  MRSTFT=2.7689
  m025 vel0  MRSTFT=4.3197
  m025 vel1  MRSTFT=3.8084
  m025 vel2  MRSTFT=3.0583
  m025 vel3  MRSTFT=2.8829
  m025 vel4  MRSTFT=2.7561
  m025 vel5  MRSTFT=2.6241
  m025 vel6  MRSTFT=2.5732
  m025 vel7  MRSTFT=2.7228
  m026 vel0  MRSTFT=4.2596
  m026 vel1  MRSTFT=4.2036
  m026 vel2  MRSTFT=3.4938
  m026 vel3  MRSTFT=3.2104
  m026 vel4  MRSTFT=2.9842
  m026 vel5  MRSTFT=2.8388
  m026 vel6  MRSTFT=2.7837
  m026 vel7  MRSTFT=2.7619
  m027 vel0  MRSTFT=4.1531
  m027 vel1  MRSTFT=4.5917
  m027 vel2  MRSTFT=3.2614
  m027 vel3  MRSTFT=2.9784
  m027 vel4  MRSTFT=2.7882
  m027 vel5  MRSTFT=2.6339
  m027 vel6  MRSTFT=2.6525
  m027 vel7  MRSTFT=2.7144
  m028 vel0  MRSTFT=3.8549
  m028 vel1  MRSTFT=4.1400
  m028 vel2  MRSTFT=3.1911
  m028 vel3  MRSTFT=2.9292
  m028 vel4  MRSTFT=2.7764
  m028 vel5  MRSTFT=2.6765
  m028 vel6  MRSTFT=2.6184
  m028 vel7  MRSTFT=2.7075
  m029 vel0  MRSTFT=3.5321
  m029 vel1  MRSTFT=3.4463
  m029 vel2  MRSTFT=2.9743
  m029 vel3  MRSTFT=2.7673
  m029 vel4  MRSTFT=2.6116
  m029 vel5  MRSTFT=2.6051
  m029 vel6  MRSTFT=2.5757
  m029 vel7  MRSTFT=2.7104
  m030 vel0  MRSTFT=3.7705
  m030 vel1  MRSTFT=3.7740
  m030 vel2  MRSTFT=3.0183
  m030 vel3  MRSTFT=2.7555
  m030 vel4  MRSTFT=2.6515
  m030 vel5  MRSTFT=2.5952
  m030 vel6  MRSTFT=2.5826
  m030 vel7  MRSTFT=2.7165
  m031 vel0  MRSTFT=4.1517
  m031 vel1  MRSTFT=4.0510
  m031 vel2  MRSTFT=3.0011
  m031 vel3  MRSTFT=2.7780
  m031 vel4  MRSTFT=2.5939
  m031 vel5  MRSTFT=2.5577
  m031 vel6  MRSTFT=2.5546
  m031 vel7  MRSTFT=2.7182
  m032 vel0  MRSTFT=4.1032
  m032 vel1  MRSTFT=4.1730
  m032 vel2  MRSTFT=3.2203
  m032 vel3  MRSTFT=2.8780
  m032 vel4  MRSTFT=2.7565
  m032 vel5  MRSTFT=2.6508
  m032 vel6  MRSTFT=2.6140
  m032 vel7  MRSTFT=2.7200
  m033 vel0  MRSTFT=4.9847
  m033 vel1  MRSTFT=4.9209
  m033 vel2  MRSTFT=3.9372
  m033 vel3  MRSTFT=3.4853
  m033 vel4  MRSTFT=3.1788
  m033 vel5  MRSTFT=2.9187
  m033 vel6  MRSTFT=2.7408
  m033 vel7  MRSTFT=2.8020
  m034 vel0  MRSTFT=4.7930
  m034 vel1  MRSTFT=5.0921
  m034 vel2  MRSTFT=3.9997
  m034 vel3  MRSTFT=3.6633
  m034 vel4  MRSTFT=3.3063
  m034 vel5  MRSTFT=2.9957
  m034 vel6  MRSTFT=2.8099
  m034 vel7  MRSTFT=2.8106
  m035 vel0  MRSTFT=4.7787
  m035 vel1  MRSTFT=5.0891
  m035 vel2  MRSTFT=3.7842
  m035 vel3  MRSTFT=3.4648
  m035 vel4  MRSTFT=3.1806
  m035 vel5  MRSTFT=2.9346
  m035 vel6  MRSTFT=2.8516
  m035 vel7  MRSTFT=2.7657
  m036 vel0  MRSTFT=4.4710
  m036 vel1  MRSTFT=4.8393
  m036 vel2  MRSTFT=3.8712
  m036 vel3  MRSTFT=3.4548
  m036 vel4  MRSTFT=3.2193
  m036 vel5  MRSTFT=2.9890
  m036 vel6  MRSTFT=2.8751
  m036 vel7  MRSTFT=2.8440
  m037 vel0  MRSTFT=5.3194
  m037 vel1  MRSTFT=5.2644
  m037 vel2  MRSTFT=4.3349
  m037 vel3  MRSTFT=3.9343
  m037 vel4  MRSTFT=3.5970
  m037 vel5  MRSTFT=3.3535
  m037 vel6  MRSTFT=3.1886
  m037 vel7  MRSTFT=3.0903
  m038 vel0  MRSTFT=5.0017
  m038 vel1  MRSTFT=4.8405
  m038 vel2  MRSTFT=4.2479
  m038 vel3  MRSTFT=3.9160
  m038 vel4  MRSTFT=3.7164
  m038 vel5  MRSTFT=3.5178
  m038 vel6  MRSTFT=3.4323
  m038 vel7  MRSTFT=3.3036
  m039 vel0  MRSTFT=4.0217
  m039 vel1  MRSTFT=4.4549
  m039 vel2  MRSTFT=3.7242
  m039 vel3  MRSTFT=3.5098
  m039 vel4  MRSTFT=3.2944
  m039 vel5  MRSTFT=3.1632
  m039 vel6  MRSTFT=3.1449
  m039 vel7  MRSTFT=3.1174
  m040 vel0  MRSTFT=3.4443
  m040 vel1  MRSTFT=3.5946
  m040 vel2  MRSTFT=3.2846
  m040 vel3  MRSTFT=3.0852
  m040 vel4  MRSTFT=2.9786
  m040 vel5  MRSTFT=2.9500
  m040 vel6  MRSTFT=2.9848
  m040 vel7  MRSTFT=3.0227
  m041 vel0  MRSTFT=3.6851
  m041 vel1  MRSTFT=4.1616
  m041 vel2  MRSTFT=3.6756
  m041 vel3  MRSTFT=3.5320
  m041 vel4  MRSTFT=3.1445
  m041 vel5  MRSTFT=3.0377
  m041 vel6  MRSTFT=3.0570
  m041 vel7  MRSTFT=3.0056
  m042 vel0  MRSTFT=3.8701
  m042 vel1  MRSTFT=4.0266
  m042 vel2  MRSTFT=3.5030
  m042 vel3  MRSTFT=3.1620
  m042 vel4  MRSTFT=3.1761
  m042 vel5  MRSTFT=3.0777
  m042 vel6  MRSTFT=3.1174
  m042 vel7  MRSTFT=3.0765
  m043 vel0  MRSTFT=3.2478
  m043 vel1  MRSTFT=3.6711
  m043 vel2  MRSTFT=3.2811
  m043 vel3  MRSTFT=3.2637
  m043 vel4  MRSTFT=3.2671
  m043 vel5  MRSTFT=3.2867
  m043 vel6  MRSTFT=3.2953
  m043 vel7  MRSTFT=3.2301
  m044 vel0  MRSTFT=4.9928
  m044 vel1  MRSTFT=4.9283
  m044 vel2  MRSTFT=4.2072
  m044 vel3  MRSTFT=4.0418
  m044 vel4  MRSTFT=3.8056
  m044 vel5  MRSTFT=3.5596
  m044 vel6  MRSTFT=3.4713
  m044 vel7  MRSTFT=3.3059
  m045 vel0  MRSTFT=5.2380
  m045 vel1  MRSTFT=5.8292
  m045 vel2  MRSTFT=4.8432
  m045 vel3  MRSTFT=4.4976
  m045 vel4  MRSTFT=4.1534
  m045 vel5  MRSTFT=3.8993
  m045 vel6  MRSTFT=3.6886
  m045 vel7  MRSTFT=3.4417
  m046 vel0  MRSTFT=4.8774
  m046 vel1  MRSTFT=5.6092
  m046 vel2  MRSTFT=4.7062
  m046 vel3  MRSTFT=4.3410
  m046 vel4  MRSTFT=4.0359
  m046 vel5  MRSTFT=3.7581
  m046 vel6  MRSTFT=3.6660
  m046 vel7  MRSTFT=3.4307
  m047 vel0  MRSTFT=4.9757
  m047 vel1  MRSTFT=5.3378
  m047 vel2  MRSTFT=4.9152
  m047 vel3  MRSTFT=4.6616
  m047 vel4  MRSTFT=4.0819
  m047 vel5  MRSTFT=3.8553
  m047 vel6  MRSTFT=3.5195
  m047 vel7  MRSTFT=3.3249
  m048 vel0  MRSTFT=4.7274
  m048 vel1  MRSTFT=4.8509
  m048 vel2  MRSTFT=4.5032
  m048 vel3  MRSTFT=4.2341
  m048 vel4  MRSTFT=3.8545
  m048 vel5  MRSTFT=3.5275
  m048 vel6  MRSTFT=3.3912
  m048 vel7  MRSTFT=3.2675
  m049 vel0  MRSTFT=6.1307
  m049 vel1  MRSTFT=6.1108
  m049 vel2  MRSTFT=4.5595
  m049 vel3  MRSTFT=4.2574
  m049 vel4  MRSTFT=3.8567
  m049 vel5  MRSTFT=3.6453
  m049 vel6  MRSTFT=3.4636
  m049 vel7  MRSTFT=3.2886
  m050 vel0  MRSTFT=5.1249
  m050 vel1  MRSTFT=5.7746
  m050 vel2  MRSTFT=4.7094
  m050 vel3  MRSTFT=4.3741
  m050 vel4  MRSTFT=3.9677
  m050 vel5  MRSTFT=3.5796
  m050 vel6  MRSTFT=3.3538
  m050 vel7  MRSTFT=3.2165
  m051 vel0  MRSTFT=6.0806
  m051 vel1  MRSTFT=6.3455
  m051 vel2  MRSTFT=5.6405
  m051 vel3  MRSTFT=4.8624
  m051 vel4  MRSTFT=4.4516
  m051 vel5  MRSTFT=3.9726
  m051 vel6  MRSTFT=3.7008
  m051 vel7  MRSTFT=6.2016
  m052 vel0  MRSTFT=5.4613
  m052 vel1  MRSTFT=5.3522
  m052 vel2  MRSTFT=4.8075
  m052 vel3  MRSTFT=4.4683
  m052 vel4  MRSTFT=4.0801
  m052 vel5  MRSTFT=3.7231
  m052 vel6  MRSTFT=3.5298
  m052 vel7  MRSTFT=3.2977
  m053 vel0  MRSTFT=5.1942
  m053 vel1  MRSTFT=5.7190
  m053 vel2  MRSTFT=4.9930
  m053 vel3  MRSTFT=4.6120
  m053 vel4  MRSTFT=4.1463
  m053 vel5  MRSTFT=3.8725
  m053 vel6  MRSTFT=3.6833
  m053 vel7  MRSTFT=3.3510
  m054 vel0  MRSTFT=6.1018
  m054 vel1  MRSTFT=6.5143
  m054 vel2  MRSTFT=5.6284
  m054 vel3  MRSTFT=4.8396
  m054 vel4  MRSTFT=4.5185
  m054 vel5  MRSTFT=4.0548
  m054 vel6  MRSTFT=3.7243
  m054 vel7  MRSTFT=3.4259
  m055 vel0  MRSTFT=6.0557
  m055 vel1  MRSTFT=8.0273
  m055 vel2  MRSTFT=5.8523
  m055 vel3  MRSTFT=5.1309
  m055 vel4  MRSTFT=4.5869
  m055 vel5  MRSTFT=4.0554
  m055 vel6  MRSTFT=3.6487
  m055 vel7  MRSTFT=3.3804
  m056 vel0  MRSTFT=4.5359
  m056 vel1  MRSTFT=5.3297
  m056 vel2  MRSTFT=4.6302
  m056 vel3  MRSTFT=4.4506
  m056 vel4  MRSTFT=4.0498
  m056 vel5  MRSTFT=3.7024
  m056 vel6  MRSTFT=3.4551
  m056 vel7  MRSTFT=3.3386
  m057 vel0  MRSTFT=4.7714
  m057 vel1  MRSTFT=5.5687
  m057 vel2  MRSTFT=4.9932
  m057 vel3  MRSTFT=4.6865
  m057 vel4  MRSTFT=4.3241
  m057 vel5  MRSTFT=3.9400
  m057 vel6  MRSTFT=3.6905
  m057 vel7  MRSTFT=3.4438
  m058 vel0  MRSTFT=5.9909
  m058 vel1  MRSTFT=7.2340
  m058 vel2  MRSTFT=5.7712
  m058 vel3  MRSTFT=5.2587
  m058 vel4  MRSTFT=4.8643
  m058 vel5  MRSTFT=4.3932
  m058 vel6  MRSTFT=4.0713
  m058 vel7  MRSTFT=3.6309
  m059 vel0  MRSTFT=5.4857
  m059 vel1  MRSTFT=6.5044
  m059 vel2  MRSTFT=5.1864
  m059 vel3  MRSTFT=4.8058
  m059 vel4  MRSTFT=4.2189
  m059 vel5  MRSTFT=3.9615
  m059 vel6  MRSTFT=3.7190
  m059 vel7  MRSTFT=3.4596
  m060 vel0  MRSTFT=4.9635
  m060 vel1  MRSTFT=5.8756
  m060 vel2  MRSTFT=4.7524
  m060 vel3  MRSTFT=4.3456
  m060 vel4  MRSTFT=4.1359
  m060 vel5  MRSTFT=3.8128
  m060 vel6  MRSTFT=3.6286
  m060 vel7  MRSTFT=3.5226
  m061 vel0  MRSTFT=5.6953
  m061 vel1  MRSTFT=5.8028
  m061 vel2  MRSTFT=5.0893
  m061 vel3  MRSTFT=4.6840
  m061 vel4  MRSTFT=4.2765
  m061 vel5  MRSTFT=3.8767
  m061 vel6  MRSTFT=3.5600
  m061 vel7  MRSTFT=3.2765
  m062 vel0  MRSTFT=5.6375
  m062 vel1  MRSTFT=6.4000
  m062 vel2  MRSTFT=5.6732
  m062 vel3  MRSTFT=5.1960
  m062 vel4  MRSTFT=4.8618
  m062 vel5  MRSTFT=4.3860
  m062 vel6  MRSTFT=4.0483
  m062 vel7  MRSTFT=3.8201
  m063 vel0  MRSTFT=5.9734
  m063 vel1  MRSTFT=8.6856
  m063 vel2  MRSTFT=7.6375
  m063 vel3  MRSTFT=6.1784
  m063 vel4  MRSTFT=5.9785
  m063 vel5  MRSTFT=5.0680
  m063 vel6  MRSTFT=4.2792
  m063 vel7  MRSTFT=3.4614
  m064 vel0  MRSTFT=4.9075
  m064 vel1  MRSTFT=5.9125
  m064 vel2  MRSTFT=5.1265
  m064 vel3  MRSTFT=4.4806
  m064 vel4  MRSTFT=4.2019
  m064 vel5  MRSTFT=3.8718
  m064 vel6  MRSTFT=3.6796
  m064 vel7  MRSTFT=3.6251
  m065 vel0  MRSTFT=5.0988
  m065 vel1  MRSTFT=6.8128
  m065 vel2  MRSTFT=5.8084
  m065 vel3  MRSTFT=5.3630
  m065 vel4  MRSTFT=4.5606
  m065 vel5  MRSTFT=4.1558
  m065 vel6  MRSTFT=3.9086
  m065 vel7  MRSTFT=3.9244
  m066 vel0  MRSTFT=6.1949
  m066 vel1  MRSTFT=6.7579
  m066 vel2  MRSTFT=6.1827
  m066 vel3  MRSTFT=5.6521
  m066 vel4  MRSTFT=4.9494
  m066 vel5  MRSTFT=4.3448
  m066 vel6  MRSTFT=3.8241
  m066 vel7  MRSTFT=3.3515
  m067 vel0  MRSTFT=5.6860
  m067 vel1  MRSTFT=8.0125
  m067 vel2  MRSTFT=6.1223
  m067 vel3  MRSTFT=5.4549
  m067 vel4  MRSTFT=4.8645
  m067 vel5  MRSTFT=4.5670
  m067 vel6  MRSTFT=3.9103
  m067 vel7  MRSTFT=5.2429
  m068 vel0  MRSTFT=4.8608
  m068 vel1  MRSTFT=6.5294
  m068 vel2  MRSTFT=5.2686
  m068 vel3  MRSTFT=4.6314
  m068 vel4  MRSTFT=4.0863
  m068 vel5  MRSTFT=3.8161
  m068 vel6  MRSTFT=3.5616
  m068 vel7  MRSTFT=3.3601
  m069 vel0  MRSTFT=9.2016
  m069 vel1  MRSTFT=11.2544
  m069 vel2  MRSTFT=9.3023
  m069 vel3  MRSTFT=7.8037
  m069 vel4  MRSTFT=6.5059
  m069 vel5  MRSTFT=5.2817
  m069 vel6  MRSTFT=4.6174
  m069 vel7  MRSTFT=3.5405
  m070 vel0  MRSTFT=5.5305
  m070 vel1  MRSTFT=7.5967
  m070 vel2  MRSTFT=6.4957
  m070 vel3  MRSTFT=5.8411
  m070 vel4  MRSTFT=4.6990
  m070 vel5  MRSTFT=4.1437
  m070 vel6  MRSTFT=3.7887
  m070 vel7  MRSTFT=3.3895
  m071 vel0  MRSTFT=6.6622
  m071 vel1  MRSTFT=7.5893
  m071 vel2  MRSTFT=4.9867
  m071 vel3  MRSTFT=4.6686
  m071 vel4  MRSTFT=3.9953
  m071 vel5  MRSTFT=3.6714
  m071 vel6  MRSTFT=3.3828
  m071 vel7  MRSTFT=3.2670
  m072 vel0  MRSTFT=5.6675
  m072 vel1  MRSTFT=6.1049
  m072 vel2  MRSTFT=4.6164
  m072 vel3  MRSTFT=4.3767
  m072 vel4  MRSTFT=3.8413
  m072 vel5  MRSTFT=3.6261
  m072 vel6  MRSTFT=3.4542
  m072 vel7  MRSTFT=3.2813
  m073 vel0  MRSTFT=7.9616
  m073 vel1  MRSTFT=9.8734
  m073 vel2  MRSTFT=9.3735
  m073 vel3  MRSTFT=8.5854
  m073 vel4  MRSTFT=6.6444
  m073 vel5  MRSTFT=5.4635
  m073 vel6  MRSTFT=4.8749
  m073 vel7  MRSTFT=6.0544
  m074 vel0  MRSTFT=5.4115
  m074 vel1  MRSTFT=5.8239
  m074 vel2  MRSTFT=5.4759
  m074 vel3  MRSTFT=4.6858
  m074 vel4  MRSTFT=4.3624
  m074 vel5  MRSTFT=6.5069
  m074 vel6  MRSTFT=3.6078
  m074 vel7  MRSTFT=8.1421
  m075 vel0  MRSTFT=6.2128
  m075 vel1  MRSTFT=7.1075
  m075 vel2  MRSTFT=6.9678
  m075 vel3  MRSTFT=6.1137
  m075 vel4  MRSTFT=5.1166
  m075 vel5  MRSTFT=5.4821
  m075 vel6  MRSTFT=3.6611
  m075 vel7  MRSTFT=3.4523
  m076 vel0  MRSTFT=6.3888
  m076 vel1  MRSTFT=7.7769
  m076 vel2  MRSTFT=6.6573
  m076 vel3  MRSTFT=6.0967
  m076 vel4  MRSTFT=4.5927
  m076 vel5  MRSTFT=4.0360
  m076 vel6  MRSTFT=3.6253
  m076 vel7  MRSTFT=3.6520
  m077 vel0  MRSTFT=7.7095
  m077 vel1  MRSTFT=8.6881
  m077 vel2  MRSTFT=7.1412
  m077 vel3  MRSTFT=5.8125
  m077 vel4  MRSTFT=5.1256
  m077 vel5  MRSTFT=6.4735
  m077 vel6  MRSTFT=3.7371
  m077 vel7  MRSTFT=6.5132
  m078 vel0  MRSTFT=6.8125
  m078 vel1  MRSTFT=8.7279
  m078 vel2  MRSTFT=7.2039
  m078 vel3  MRSTFT=5.8662
  m078 vel4  MRSTFT=5.0516
  m078 vel5  MRSTFT=4.2261
  m078 vel6  MRSTFT=3.5012
  m078 vel7  MRSTFT=5.6664
  m079 vel0  MRSTFT=9.1893
  m079 vel1  MRSTFT=9.0870
  m079 vel2  MRSTFT=11.1555
  m079 vel3  MRSTFT=9.5788
  m079 vel4  MRSTFT=8.0000
  m079 vel5  MRSTFT=6.4648
  m079 vel6  MRSTFT=4.5897
  m079 vel7  MRSTFT=4.4959
  m080 vel0  MRSTFT=11.6851
  m080 vel1  MRSTFT=12.4144
  m080 vel2  MRSTFT=11.4052
  m080 vel3  MRSTFT=8.4962
  m080 vel4  MRSTFT=6.9039
  m080 vel5  MRSTFT=5.5625
  m080 vel6  MRSTFT=4.5828
  m080 vel7  MRSTFT=5.7119
  m081 vel0  MRSTFT=7.8333
  m081 vel1  MRSTFT=8.1041
  m081 vel2  MRSTFT=6.0057
  m081 vel3  MRSTFT=5.1789
  m081 vel4  MRSTFT=4.3510
  m081 vel5  MRSTFT=3.8047
  m081 vel6  MRSTFT=3.3594
  m081 vel7  MRSTFT=7.0553
  m082 vel0  MRSTFT=8.3791
  m082 vel1  MRSTFT=9.2732
  m082 vel2  MRSTFT=9.3993
  m082 vel3  MRSTFT=6.6513
  m082 vel4  MRSTFT=5.1902
  m082 vel5  MRSTFT=4.2262
  m082 vel6  MRSTFT=3.6966
  m082 vel7  MRSTFT=3.7972
  m083 vel0  MRSTFT=8.9747
  m083 vel1  MRSTFT=11.9262
  m083 vel2  MRSTFT=11.2591
  m083 vel3  MRSTFT=8.7530
  m083 vel4  MRSTFT=6.6238
  m083 vel5  MRSTFT=5.6738
  m083 vel6  MRSTFT=5.8301
  m083 vel7  MRSTFT=4.5593
  m084 vel0  MRSTFT=11.7312
  m084 vel1  MRSTFT=13.6711
  m084 vel2  MRSTFT=14.0623
  m084 vel3  MRSTFT=9.9604
  m084 vel4  MRSTFT=8.4161
  m084 vel5  MRSTFT=6.3474
  m084 vel6  MRSTFT=4.6881
  m084 vel7  MRSTFT=3.4339
  m085 vel0  MRSTFT=9.4182
  m085 vel1  MRSTFT=12.8172
  m085 vel2  MRSTFT=8.4776
  m085 vel3  MRSTFT=6.0039
  m085 vel4  MRSTFT=4.4216
  m085 vel5  MRSTFT=3.6809
  m085 vel6  MRSTFT=3.2813
  m085 vel7  MRSTFT=9.0707
  m086 vel0  MRSTFT=10.1228
  m086 vel1  MRSTFT=12.2708
  m086 vel2  MRSTFT=10.1570
  m086 vel3  MRSTFT=7.4138
  m086 vel4  MRSTFT=6.1269
  m086 vel5  MRSTFT=4.8973
  m086 vel6  MRSTFT=4.0109
  m086 vel7  MRSTFT=3.2915
  m087 vel0  MRSTFT=12.2441
  m087 vel1  MRSTFT=11.2967
  m087 vel2  MRSTFT=24.6556
  m087 vel3  MRSTFT=18.8540
  m087 vel4  MRSTFT=17.0471
  m087 vel5  MRSTFT=14.2541
  m087 vel6  MRSTFT=8.8736
  m087 vel7  MRSTFT=4.4052
  m088 vel0  MRSTFT=11.6636
  m088 vel1  MRSTFT=10.2353
  m088 vel2  MRSTFT=9.9701
  m088 vel3  MRSTFT=7.1235
  m088 vel4  MRSTFT=5.7725
  m088 vel5  MRSTFT=5.0587
  m088 vel6  MRSTFT=3.5678
  m088 vel7  MRSTFT=4.6458
  m089 vel0  MRSTFT=9.7115
  m089 vel1  MRSTFT=11.4595
  m089 vel2  MRSTFT=8.1438
  m089 vel3  MRSTFT=6.1131
  m089 vel4  MRSTFT=4.9026
  m089 vel5  MRSTFT=6.6146
  m089 vel6  MRSTFT=3.4297
  m089 vel7  MRSTFT=6.9277
  m090 vel0  MRSTFT=16.9921
  m090 vel1  MRSTFT=18.7122
  m090 vel2  MRSTFT=22.5575
  m090 vel3  MRSTFT=16.8031
  m090 vel4  MRSTFT=13.2044
  m090 vel5  MRSTFT=10.1811
  m090 vel6  MRSTFT=6.8959
  m090 vel7  MRSTFT=9.0001
  m091 vel0  MRSTFT=19.2598
  m091 vel1  MRSTFT=18.1434
  m091 vel2  MRSTFT=16.6267
  m091 vel3  MRSTFT=11.5779
  m091 vel4  MRSTFT=8.6066
  m091 vel5  MRSTFT=6.5731
  m091 vel6  MRSTFT=4.4253
  m091 vel7  MRSTFT=8.5544
  m092 vel0  MRSTFT=13.3836
  m092 vel1  MRSTFT=17.8162
  m092 vel2  MRSTFT=22.8478
  m092 vel3  MRSTFT=13.4705
  m092 vel4  MRSTFT=10.2430
  m092 vel5  MRSTFT=7.3616
  m092 vel6  MRSTFT=6.8795
  m092 vel7  MRSTFT=9.2750
  m093 vel0  MRSTFT=19.1139
  m093 vel1  MRSTFT=18.1107
  m093 vel2  MRSTFT=14.5215
  m093 vel3  MRSTFT=10.1793
  m093 vel4  MRSTFT=6.6707
  m093 vel5  MRSTFT=4.9012
  m093 vel6  MRSTFT=4.0440
  m093 vel7  MRSTFT=7.8936
  m094 vel0  MRSTFT=17.0053
  m094 vel1  MRSTFT=15.2734
  m094 vel2  MRSTFT=19.0130
  m094 vel3  MRSTFT=13.5581
  m094 vel4  MRSTFT=8.7355
  m094 vel5  MRSTFT=7.0897
  m094 vel6  MRSTFT=6.0425
  m094 vel7  MRSTFT=8.1380
  m095 vel0  MRSTFT=20.4776
  m095 vel1  MRSTFT=23.9545
  m095 vel2  MRSTFT=18.2786
  m095 vel3  MRSTFT=13.4125
  m095 vel4  MRSTFT=9.1574
  m095 vel5  MRSTFT=7.2874
  m095 vel6  MRSTFT=5.4643
  m095 vel7  MRSTFT=8.8319
  m096 vel0  MRSTFT=19.0757
  m096 vel1  MRSTFT=19.2148
  m096 vel2  MRSTFT=19.2852
  m096 vel3  MRSTFT=15.4424
  m096 vel4  MRSTFT=9.7001
  m096 vel5  MRSTFT=6.9241
  m096 vel6  MRSTFT=5.5220
  m096 vel7  MRSTFT=7.9024
  m097 vel0  MRSTFT=15.2359
  m097 vel1  MRSTFT=16.8876
  m097 vel2  MRSTFT=21.7125
  m097 vel3  MRSTFT=16.5639
  m097 vel4  MRSTFT=14.4615
  m097 vel5  MRSTFT=9.3038
  m097 vel6  MRSTFT=6.1996
  m097 vel7  MRSTFT=8.5043
  m098 vel0  MRSTFT=14.8239
  m098 vel1  MRSTFT=26.3993
  m098 vel2  MRSTFT=18.0738
  m098 vel3  MRSTFT=15.3655
  m098 vel4  MRSTFT=16.2623
  m098 vel5  MRSTFT=14.0730
  m098 vel6  MRSTFT=10.9704
  m098 vel7  MRSTFT=7.8332
  m099 vel0  MRSTFT=13.9486
  m099 vel1  MRSTFT=16.6126
  m099 vel2  MRSTFT=24.4631
  m099 vel3  MRSTFT=20.7463
  m099 vel4  MRSTFT=15.9716
  m099 vel5  MRSTFT=11.4873
  m099 vel6  MRSTFT=8.0999
  m099 vel7  MRSTFT=7.5053
  m100 vel0  MRSTFT=17.3855
  m100 vel1  MRSTFT=18.6319
  m100 vel2  MRSTFT=22.7114
  m100 vel3  MRSTFT=12.3867
  m100 vel4  MRSTFT=12.2284
  m100 vel5  MRSTFT=14.9128
  m100 vel6  MRSTFT=15.0991
  m100 vel7  MRSTFT=7.4630
  m101 vel0  MRSTFT=19.4602
  m101 vel1  MRSTFT=20.6531
  m101 vel2  MRSTFT=23.3010
  m101 vel3  MRSTFT=18.2076
  m101 vel4  MRSTFT=12.2135
  m101 vel5  MRSTFT=11.0616
  m101 vel6  MRSTFT=10.1493
  m101 vel7  MRSTFT=7.6604
  m102 vel0  MRSTFT=10.2258
  m102 vel1  MRSTFT=15.0834
  m102 vel2  MRSTFT=28.0324
  m102 vel3  MRSTFT=14.8210
  m102 vel4  MRSTFT=15.6200
  m102 vel5  MRSTFT=14.1311
  m102 vel6  MRSTFT=11.5847
  m102 vel7  MRSTFT=7.7223
  m103 vel0  MRSTFT=16.3849
  m103 vel1  MRSTFT=18.9013
  m103 vel2  MRSTFT=29.7259
  m103 vel3  MRSTFT=15.6155
  m103 vel4  MRSTFT=15.9696
  m103 vel5  MRSTFT=14.1282
  m103 vel6  MRSTFT=11.6084
  m103 vel7  MRSTFT=8.4739
  m104 vel0  MRSTFT=16.6063
  m104 vel1  MRSTFT=12.5317
  m104 vel2  MRSTFT=29.9254
  m104 vel3  MRSTFT=16.0864
  m104 vel4  MRSTFT=12.2410
  m104 vel5  MRSTFT=15.1949
  m104 vel6  MRSTFT=11.2411
  m104 vel7  MRSTFT=8.5723
  m105 vel0  MRSTFT=17.8368
  m105 vel1  MRSTFT=8.9551
  m105 vel2  MRSTFT=24.4796
  m105 vel3  MRSTFT=14.4190
  m105 vel4  MRSTFT=13.1658
  m105 vel5  MRSTFT=12.5306
  m105 vel6  MRSTFT=9.6590
  m105 vel7  MRSTFT=9.6061
  m106 vel0  MRSTFT=14.6525
  m106 vel1  MRSTFT=13.4161
  m106 vel2  MRSTFT=26.7731
  m106 vel3  MRSTFT=18.3492
  m106 vel4  MRSTFT=10.0048
  m106 vel5  MRSTFT=14.0276
  m106 vel6  MRSTFT=9.3426
  m106 vel7  MRSTFT=9.2443
  m107 vel0  MRSTFT=10.2082
  m107 vel1  MRSTFT=18.5365
  m107 vel2  MRSTFT=26.3012
  m107 vel3  MRSTFT=19.2462
  m107 vel4  MRSTFT=15.7466
  m107 vel5  MRSTFT=17.6458
  m107 vel6  MRSTFT=12.1542
  m107 vel7  MRSTFT=9.9334
  m108 vel0  MRSTFT=18.7226
  m108 vel1  MRSTFT=21.4257
  m108 vel2  MRSTFT=3.5380
  m108 vel3  MRSTFT=16.3756
  m108 vel4  MRSTFT=3.6819
  m108 vel5  MRSTFT=18.3108
  m108 vel6  MRSTFT=11.3615
  m108 vel7  MRSTFT=10.4436
  ── mean MRSTFT = 6.8891  (704/704 notes) ──
  sample -> m021_vel3.wav
  sample -> m048_vel3.wav
  sample -> m060_vel3.wav
  sample -> m084_vel5.wav
  sample -> m096_vel5.wav
[epoch   10/40] loss=5.1600  lr=2.58e-04  t=189.7s

[epoch 10 eval]
  m021 vel0  MRSTFT=4.4921
  m021 vel1  MRSTFT=5.1736
  m021 vel2  MRSTFT=2.8932
  m021 vel3  MRSTFT=2.4440
  m021 vel4  MRSTFT=2.1726
  m021 vel5  MRSTFT=1.9389
  m021 vel6  MRSTFT=1.9224
  m021 vel7  MRSTFT=2.0799
  m022 vel0  MRSTFT=4.7219
  m022 vel1  MRSTFT=5.0070
  m022 vel2  MRSTFT=3.2723
  m022 vel3  MRSTFT=2.8192
  m022 vel4  MRSTFT=2.3471
  m022 vel5  MRSTFT=2.1308
  m022 vel6  MRSTFT=1.9810
  m022 vel7  MRSTFT=1.9925
  m023 vel0  MRSTFT=2.8653
  m023 vel1  MRSTFT=2.6918
  m023 vel2  MRSTFT=2.0064
  m023 vel3  MRSTFT=1.9388
  m023 vel4  MRSTFT=1.9125
  m023 vel5  MRSTFT=1.8132
  m023 vel6  MRSTFT=1.8179
  m023 vel7  MRSTFT=2.0066
  m024 vel0  MRSTFT=1.9800
  m024 vel1  MRSTFT=1.8842
  m024 vel2  MRSTFT=1.6496
  m024 vel3  MRSTFT=1.6142
  m024 vel4  MRSTFT=1.7431
  m024 vel5  MRSTFT=1.7433
  m024 vel6  MRSTFT=1.8018
  m024 vel7  MRSTFT=1.9702
  m025 vel0  MRSTFT=2.9058
  m025 vel1  MRSTFT=2.5229
  m025 vel2  MRSTFT=1.8530
  m025 vel3  MRSTFT=1.7247
  m025 vel4  MRSTFT=1.6870
  m025 vel5  MRSTFT=1.6089
  m025 vel6  MRSTFT=1.6807
  m025 vel7  MRSTFT=1.9780
  m026 vel0  MRSTFT=2.7692
  m026 vel1  MRSTFT=2.8840
  m026 vel2  MRSTFT=2.2555
  m026 vel3  MRSTFT=2.0070
  m026 vel4  MRSTFT=1.8115
  m026 vel5  MRSTFT=1.7029
  m026 vel6  MRSTFT=1.7653
  m026 vel7  MRSTFT=1.9272
  m027 vel0  MRSTFT=2.6360
  m027 vel1  MRSTFT=3.2675
  m027 vel2  MRSTFT=2.0413
  m027 vel3  MRSTFT=1.8540
  m027 vel4  MRSTFT=1.7199
  m027 vel5  MRSTFT=1.6411
  m027 vel6  MRSTFT=1.7524
  m027 vel7  MRSTFT=1.9621
  m028 vel0  MRSTFT=2.4205
  m028 vel1  MRSTFT=2.8503
  m028 vel2  MRSTFT=2.0580
  m028 vel3  MRSTFT=1.8566
  m028 vel4  MRSTFT=1.7896
  m028 vel5  MRSTFT=1.7527
  m028 vel6  MRSTFT=1.8172
  m028 vel7  MRSTFT=1.9935
  m029 vel0  MRSTFT=2.0664
  m029 vel1  MRSTFT=2.1426
  m029 vel2  MRSTFT=1.8481
  m029 vel3  MRSTFT=1.7257
  m029 vel4  MRSTFT=1.6256
  m029 vel5  MRSTFT=1.7078
  m029 vel6  MRSTFT=1.7656
  m029 vel7  MRSTFT=2.0527
  m030 vel0  MRSTFT=2.3086
  m030 vel1  MRSTFT=2.5146
  m030 vel2  MRSTFT=1.8440
  m030 vel3  MRSTFT=1.6771
  m030 vel4  MRSTFT=1.6678
  m030 vel5  MRSTFT=1.7125
  m030 vel6  MRSTFT=1.8148
  m030 vel7  MRSTFT=2.1385
  m031 vel0  MRSTFT=2.7311
  m031 vel1  MRSTFT=2.7810
  m031 vel2  MRSTFT=1.7852
  m031 vel3  MRSTFT=1.6469
  m031 vel4  MRSTFT=1.5497
  m031 vel5  MRSTFT=1.6290
  m031 vel6  MRSTFT=1.6960
  m031 vel7  MRSTFT=2.0278
  m032 vel0  MRSTFT=2.6746
  m032 vel1  MRSTFT=2.8198
  m032 vel2  MRSTFT=1.9949
  m032 vel3  MRSTFT=1.7076
  m032 vel4  MRSTFT=1.6264
  m032 vel5  MRSTFT=1.5815
  m032 vel6  MRSTFT=1.6146
  m032 vel7  MRSTFT=1.9034
  m033 vel0  MRSTFT=3.5880
  m033 vel1  MRSTFT=3.6583
  m033 vel2  MRSTFT=2.7805
  m033 vel3  MRSTFT=2.3951
  m033 vel4  MRSTFT=2.0947
  m033 vel5  MRSTFT=1.8614
  m033 vel6  MRSTFT=1.6937
  m033 vel7  MRSTFT=1.8858
  m034 vel0  MRSTFT=3.3685
  m034 vel1  MRSTFT=3.7546
  m034 vel2  MRSTFT=2.7783
  m034 vel3  MRSTFT=2.4813
  m034 vel4  MRSTFT=2.1692
  m034 vel5  MRSTFT=1.8890
  m034 vel6  MRSTFT=1.7227
  m034 vel7  MRSTFT=1.9087
  m035 vel0  MRSTFT=3.2475
  m035 vel1  MRSTFT=3.6313
  m035 vel2  MRSTFT=2.4096
  m035 vel3  MRSTFT=2.1838
  m035 vel4  MRSTFT=1.9556
  m035 vel5  MRSTFT=1.7524
  m035 vel6  MRSTFT=1.7281
  m035 vel7  MRSTFT=1.8570
  m036 vel0  MRSTFT=2.7660
  m036 vel1  MRSTFT=3.2196
  m036 vel2  MRSTFT=2.3683
  m036 vel3  MRSTFT=2.0259
  m036 vel4  MRSTFT=1.8610
  m036 vel5  MRSTFT=1.6852
  m036 vel6  MRSTFT=1.6186
  m036 vel7  MRSTFT=1.8453
  m037 vel0  MRSTFT=3.4397
  m037 vel1  MRSTFT=3.4248
  m037 vel2  MRSTFT=2.5514
  m037 vel3  MRSTFT=2.2196
  m037 vel4  MRSTFT=1.9151
  m037 vel5  MRSTFT=1.7097
  m037 vel6  MRSTFT=1.6163
  m037 vel7  MRSTFT=1.8870
  m038 vel0  MRSTFT=3.0970
  m038 vel1  MRSTFT=2.9411
  m038 vel2  MRSTFT=2.4018
  m038 vel3  MRSTFT=2.0938
  m038 vel4  MRSTFT=1.9143
  m038 vel5  MRSTFT=1.7215
  m038 vel6  MRSTFT=1.6621
  m038 vel7  MRSTFT=1.8464
  m039 vel0  MRSTFT=2.3071
  m039 vel1  MRSTFT=2.7520
  m039 vel2  MRSTFT=2.0896
  m039 vel3  MRSTFT=1.9093
  m039 vel4  MRSTFT=1.7026
  m039 vel5  MRSTFT=1.5804
  m039 vel6  MRSTFT=1.6233
  m039 vel7  MRSTFT=1.8844
  m040 vel0  MRSTFT=1.8008
  m040 vel1  MRSTFT=1.9593
  m040 vel2  MRSTFT=1.7298
  m040 vel3  MRSTFT=1.5581
  m040 vel4  MRSTFT=1.4609
  m040 vel5  MRSTFT=1.4654
  m040 vel6  MRSTFT=1.5329
  m040 vel7  MRSTFT=1.8845
  m041 vel0  MRSTFT=1.9968
  m041 vel1  MRSTFT=2.4125
  m041 vel2  MRSTFT=1.9631
  m041 vel3  MRSTFT=1.8558
  m041 vel4  MRSTFT=1.5375
  m041 vel5  MRSTFT=1.4539
  m041 vel6  MRSTFT=1.5291
  m041 vel7  MRSTFT=1.8074
  m042 vel0  MRSTFT=2.1288
  m042 vel1  MRSTFT=2.2609
  m042 vel2  MRSTFT=1.7735
  m042 vel3  MRSTFT=1.4920
  m042 vel4  MRSTFT=1.4994
  m042 vel5  MRSTFT=1.4873
  m042 vel6  MRSTFT=1.5514
  m042 vel7  MRSTFT=1.7763
  m043 vel0  MRSTFT=1.4886
  m043 vel1  MRSTFT=1.8766
  m043 vel2  MRSTFT=1.5292
  m043 vel3  MRSTFT=1.5332
  m043 vel4  MRSTFT=1.5325
  m043 vel5  MRSTFT=1.6077
  m043 vel6  MRSTFT=1.6755
  m043 vel7  MRSTFT=1.8428
  m044 vel0  MRSTFT=3.1248
  m044 vel1  MRSTFT=3.0436
  m044 vel2  MRSTFT=2.3450
  m044 vel3  MRSTFT=2.1469
  m044 vel4  MRSTFT=1.9173
  m044 vel5  MRSTFT=1.6406
  m044 vel6  MRSTFT=1.5694
  m044 vel7  MRSTFT=1.7034
  m045 vel0  MRSTFT=3.3638
  m045 vel1  MRSTFT=3.8864
  m045 vel2  MRSTFT=2.8891
  m045 vel3  MRSTFT=2.4982
  m045 vel4  MRSTFT=2.1416
  m045 vel5  MRSTFT=1.8580
  m045 vel6  MRSTFT=1.6359
  m045 vel7  MRSTFT=1.7074
  m046 vel0  MRSTFT=2.9940
  m046 vel1  MRSTFT=3.6512
  m046 vel2  MRSTFT=2.7405
  m046 vel3  MRSTFT=2.3364
  m046 vel4  MRSTFT=2.0249
  m046 vel5  MRSTFT=1.7199
  m046 vel6  MRSTFT=1.6524
  m046 vel7  MRSTFT=1.7390
  m047 vel0  MRSTFT=3.1741
  m047 vel1  MRSTFT=3.4192
  m047 vel2  MRSTFT=2.9977
  m047 vel3  MRSTFT=2.6929
  m047 vel4  MRSTFT=2.1225
  m047 vel5  MRSTFT=1.8580
  m047 vel6  MRSTFT=1.5313
  m047 vel7  MRSTFT=1.6316
  m048 vel0  MRSTFT=3.0299
  m048 vel1  MRSTFT=2.9983
  m048 vel2  MRSTFT=2.5846
  m048 vel3  MRSTFT=2.2722
  m048 vel4  MRSTFT=1.9028
  m048 vel5  MRSTFT=1.5449
  m048 vel6  MRSTFT=1.4851
  m048 vel7  MRSTFT=1.7128
  m049 vel0  MRSTFT=4.3920
  m049 vel1  MRSTFT=4.2163
  m049 vel2  MRSTFT=2.6157
  m049 vel3  MRSTFT=2.2680
  m049 vel4  MRSTFT=1.8843
  m049 vel5  MRSTFT=1.6807
  m049 vel6  MRSTFT=1.5049
  m049 vel7  MRSTFT=1.6378
  m050 vel0  MRSTFT=3.3769
  m050 vel1  MRSTFT=3.8560
  m050 vel2  MRSTFT=2.7178
  m050 vel3  MRSTFT=2.3450
  m050 vel4  MRSTFT=1.9630
  m050 vel5  MRSTFT=1.6046
  m050 vel6  MRSTFT=1.3913
  m050 vel7  MRSTFT=1.5300
  m051 vel0  MRSTFT=4.2572
  m051 vel1  MRSTFT=4.3815
  m051 vel2  MRSTFT=3.5628
  m051 vel3  MRSTFT=2.7585
  m051 vel4  MRSTFT=2.3474
  m051 vel5  MRSTFT=1.8487
  m051 vel6  MRSTFT=1.5492
  m051 vel7  MRSTFT=3.9061
  m052 vel0  MRSTFT=3.7546
  m052 vel1  MRSTFT=3.4361
  m052 vel2  MRSTFT=2.7993
  m052 vel3  MRSTFT=2.3955
  m052 vel4  MRSTFT=2.0189
  m052 vel5  MRSTFT=1.6855
  m052 vel6  MRSTFT=1.5445
  m052 vel7  MRSTFT=1.6244
  m053 vel0  MRSTFT=3.3347
  m053 vel1  MRSTFT=3.6083
  m053 vel2  MRSTFT=2.7609
  m053 vel3  MRSTFT=2.3620
  m053 vel4  MRSTFT=1.8561
  m053 vel5  MRSTFT=1.6484
  m053 vel6  MRSTFT=1.5656
  m053 vel7  MRSTFT=1.5382
  m054 vel0  MRSTFT=4.3325
  m054 vel1  MRSTFT=4.4745
  m054 vel2  MRSTFT=3.4185
  m054 vel3  MRSTFT=2.5878
  m054 vel4  MRSTFT=2.2888
  m054 vel5  MRSTFT=1.8520
  m054 vel6  MRSTFT=1.6004
  m054 vel7  MRSTFT=1.6270
  m055 vel0  MRSTFT=4.3820
  m055 vel1  MRSTFT=6.1014
  m055 vel2  MRSTFT=3.7754
  m055 vel3  MRSTFT=2.9817
  m055 vel4  MRSTFT=2.5240
  m055 vel5  MRSTFT=1.9996
  m055 vel6  MRSTFT=1.6452
  m055 vel7  MRSTFT=1.6859
  m056 vel0  MRSTFT=2.9554
  m056 vel1  MRSTFT=3.4815
  m056 vel2  MRSTFT=2.6525
  m056 vel3  MRSTFT=2.4235
  m056 vel4  MRSTFT=1.9994
  m056 vel5  MRSTFT=1.6887
  m056 vel6  MRSTFT=1.5007
  m056 vel7  MRSTFT=1.6018
  m057 vel0  MRSTFT=3.0409
  m057 vel1  MRSTFT=3.6192
  m057 vel2  MRSTFT=2.9035
  m057 vel3  MRSTFT=2.5546
  m057 vel4  MRSTFT=2.1181
  m057 vel5  MRSTFT=1.7506
  m057 vel6  MRSTFT=1.5344
  m057 vel7  MRSTFT=1.4596
  m058 vel0  MRSTFT=4.1718
  m058 vel1  MRSTFT=5.2661
  m058 vel2  MRSTFT=3.6862
  m058 vel3  MRSTFT=3.1070
  m058 vel4  MRSTFT=2.6693
  m058 vel5  MRSTFT=2.1563
  m058 vel6  MRSTFT=1.7852
  m058 vel7  MRSTFT=1.4831
  m059 vel0  MRSTFT=3.7946
  m059 vel1  MRSTFT=4.6203
  m059 vel2  MRSTFT=3.2264
  m059 vel3  MRSTFT=2.7795
  m059 vel4  MRSTFT=2.1424
  m059 vel5  MRSTFT=1.8426
  m059 vel6  MRSTFT=1.5586
  m059 vel7  MRSTFT=1.4936
  m060 vel0  MRSTFT=3.3193
  m060 vel1  MRSTFT=4.0049
  m060 vel2  MRSTFT=2.7757
  m060 vel3  MRSTFT=2.3249
  m060 vel4  MRSTFT=2.0435
  m060 vel5  MRSTFT=1.7137
  m060 vel6  MRSTFT=1.5382
  m060 vel7  MRSTFT=1.6798
  m061 vel0  MRSTFT=4.2117
  m061 vel1  MRSTFT=4.1640
  m061 vel2  MRSTFT=3.3439
  m061 vel3  MRSTFT=2.8764
  m061 vel4  MRSTFT=2.3950
  m061 vel5  MRSTFT=1.9806
  m061 vel6  MRSTFT=1.7260
  m061 vel7  MRSTFT=1.6635
  m062 vel0  MRSTFT=3.7455
  m062 vel1  MRSTFT=4.3425
  m062 vel2  MRSTFT=3.5053
  m062 vel3  MRSTFT=2.9802
  m062 vel4  MRSTFT=2.5623
  m062 vel5  MRSTFT=1.9682
  m062 vel6  MRSTFT=1.5621
  m062 vel7  MRSTFT=1.6031
  m063 vel0  MRSTFT=4.1592
  m063 vel1  MRSTFT=6.6641
  m063 vel2  MRSTFT=5.4084
  m063 vel3  MRSTFT=3.8663
  m063 vel4  MRSTFT=3.5983
  m063 vel5  MRSTFT=2.6253
  m063 vel6  MRSTFT=1.8741
  m063 vel7  MRSTFT=1.4938
  m064 vel0  MRSTFT=3.1395
  m064 vel1  MRSTFT=3.9600
  m064 vel2  MRSTFT=3.0593
  m064 vel3  MRSTFT=2.3339
  m064 vel4  MRSTFT=1.9559
  m064 vel5  MRSTFT=1.5718
  m064 vel6  MRSTFT=1.5050
  m064 vel7  MRSTFT=1.7246
  m065 vel0  MRSTFT=3.0664
  m065 vel1  MRSTFT=4.5564
  m065 vel2  MRSTFT=3.4191
  m065 vel3  MRSTFT=2.8992
  m065 vel4  MRSTFT=2.0683
  m065 vel5  MRSTFT=1.7010
  m065 vel6  MRSTFT=1.4988
  m065 vel7  MRSTFT=2.0650
  m066 vel0  MRSTFT=4.2075
  m066 vel1  MRSTFT=4.5393
  m066 vel2  MRSTFT=3.8788
  m066 vel3  MRSTFT=3.3554
  m066 vel4  MRSTFT=2.6396
  m066 vel5  MRSTFT=2.1239
  m066 vel6  MRSTFT=1.7575
  m066 vel7  MRSTFT=1.6202
  m067 vel0  MRSTFT=3.7789
  m067 vel1  MRSTFT=5.9109
  m067 vel2  MRSTFT=3.8842
  m067 vel3  MRSTFT=3.1507
  m067 vel4  MRSTFT=2.5533
  m067 vel5  MRSTFT=2.2566
  m067 vel6  MRSTFT=1.6240
  m067 vel7  MRSTFT=3.1555
  m068 vel0  MRSTFT=3.1080
  m068 vel1  MRSTFT=4.5678
  m068 vel2  MRSTFT=3.2290
  m068 vel3  MRSTFT=2.5723
  m068 vel4  MRSTFT=1.9874
  m068 vel5  MRSTFT=1.7222
  m068 vel6  MRSTFT=1.5436
  m068 vel7  MRSTFT=1.6321
  m069 vel0  MRSTFT=7.5206
  m069 vel1  MRSTFT=9.3589
  m069 vel2  MRSTFT=7.3194
  m069 vel3  MRSTFT=5.7709
  m069 vel4  MRSTFT=4.4093
  m069 vel5  MRSTFT=3.1910
  m069 vel6  MRSTFT=2.5540
  m069 vel7  MRSTFT=1.6489
  m070 vel0  MRSTFT=3.7078
  m070 vel1  MRSTFT=5.5976
  m070 vel2  MRSTFT=4.3921
  m070 vel3  MRSTFT=3.6634
  m070 vel4  MRSTFT=2.5310
  m070 vel5  MRSTFT=1.9632
  m070 vel6  MRSTFT=1.5955
  m070 vel7  MRSTFT=1.4707
  m071 vel0  MRSTFT=4.8771
  m071 vel1  MRSTFT=5.5982
  m071 vel2  MRSTFT=2.9033
  m071 vel3  MRSTFT=2.5775
  m071 vel4  MRSTFT=1.8927
  m071 vel5  MRSTFT=1.5842
  m071 vel6  MRSTFT=1.3290
  m071 vel7  MRSTFT=1.4611
  m072 vel0  MRSTFT=3.7325
  m072 vel1  MRSTFT=4.0696
  m072 vel2  MRSTFT=2.5063
  m072 vel3  MRSTFT=2.2750
  m072 vel4  MRSTFT=1.7014
  m072 vel5  MRSTFT=1.4897
  m072 vel6  MRSTFT=1.4324
  m072 vel7  MRSTFT=1.5666
  m073 vel0  MRSTFT=6.1971
  m073 vel1  MRSTFT=7.9792
  m073 vel2  MRSTFT=7.3705
  m073 vel3  MRSTFT=6.6090
  m073 vel4  MRSTFT=4.6497
  m073 vel5  MRSTFT=3.4946
  m073 vel6  MRSTFT=2.9727
  m073 vel7  MRSTFT=4.2844
  m074 vel0  MRSTFT=3.3540
  m074 vel1  MRSTFT=3.6661
  m074 vel2  MRSTFT=3.2343
  m074 vel3  MRSTFT=2.4747
  m074 vel4  MRSTFT=2.1171
  m074 vel5  MRSTFT=4.2971
  m074 vel6  MRSTFT=1.4758
  m074 vel7  MRSTFT=6.5825
  m075 vel0  MRSTFT=4.3432
  m075 vel1  MRSTFT=5.1620
  m075 vel2  MRSTFT=4.9479
  m075 vel3  MRSTFT=4.1115
  m075 vel4  MRSTFT=3.0756
  m075 vel5  MRSTFT=3.3679
  m075 vel6  MRSTFT=1.7131
  m075 vel7  MRSTFT=1.6241
  m076 vel0  MRSTFT=4.7035
  m076 vel1  MRSTFT=5.8733
  m076 vel2  MRSTFT=4.6744
  m076 vel3  MRSTFT=4.0895
  m076 vel4  MRSTFT=2.5589
  m076 vel5  MRSTFT=2.0441
  m076 vel6  MRSTFT=1.6991
  m076 vel7  MRSTFT=1.9635
  m077 vel0  MRSTFT=5.9567
  m077 vel1  MRSTFT=6.7938
  m077 vel2  MRSTFT=5.1331
  m077 vel3  MRSTFT=3.8221
  m077 vel4  MRSTFT=3.1277
  m077 vel5  MRSTFT=4.3920
  m077 vel6  MRSTFT=1.7861
  m077 vel7  MRSTFT=5.0602
  m078 vel0  MRSTFT=5.0832
  m078 vel1  MRSTFT=6.8731
  m078 vel2  MRSTFT=5.2750
  m078 vel3  MRSTFT=3.9193
  m078 vel4  MRSTFT=3.1151
  m078 vel5  MRSTFT=2.2829
  m078 vel6  MRSTFT=1.5891
  m078 vel7  MRSTFT=4.3055
  m079 vel0  MRSTFT=7.5736
  m079 vel1  MRSTFT=7.4069
  m079 vel2  MRSTFT=9.3653
  m079 vel3  MRSTFT=7.7857
  m079 vel4  MRSTFT=6.1956
  m079 vel5  MRSTFT=4.6828
  m079 vel6  MRSTFT=2.8395
  m079 vel7  MRSTFT=2.9877
  m080 vel0  MRSTFT=10.0559
  m080 vel1  MRSTFT=10.6472
  m080 vel2  MRSTFT=9.5135
  m080 vel3  MRSTFT=6.6531
  m080 vel4  MRSTFT=5.0735
  m080 vel5  MRSTFT=3.7156
  m080 vel6  MRSTFT=2.7642
  m080 vel7  MRSTFT=4.4561
  m081 vel0  MRSTFT=6.1631
  m081 vel1  MRSTFT=6.3259
  m081 vel2  MRSTFT=4.1551
  m081 vel3  MRSTFT=3.2827
  m081 vel4  MRSTFT=2.4484
  m081 vel5  MRSTFT=1.8624
  m081 vel6  MRSTFT=1.3924
  m081 vel7  MRSTFT=6.5128
  m082 vel0  MRSTFT=6.8099
  m082 vel1  MRSTFT=7.6279
  m082 vel2  MRSTFT=7.6240
  m082 vel3  MRSTFT=4.8758
  m082 vel4  MRSTFT=3.3973
  m082 vel5  MRSTFT=2.3285
  m082 vel6  MRSTFT=1.6040
  m082 vel7  MRSTFT=1.5332
  m083 vel0  MRSTFT=7.2756
  m083 vel1  MRSTFT=10.1064
  m083 vel2  MRSTFT=9.2989
  m083 vel3  MRSTFT=6.8314
  m083 vel4  MRSTFT=4.5728
  m083 vel5  MRSTFT=3.4128
  m083 vel6  MRSTFT=2.9413
  m083 vel7  MRSTFT=4.4102
  m084 vel0  MRSTFT=10.3179
  m084 vel1  MRSTFT=12.2102
  m084 vel2  MRSTFT=12.5057
  m084 vel3  MRSTFT=8.4115
  m084 vel4  MRSTFT=6.8583
  m084 vel5  MRSTFT=4.7784
  m084 vel6  MRSTFT=3.0940
  m084 vel7  MRSTFT=2.1009
  m085 vel0  MRSTFT=7.9879
  m085 vel1  MRSTFT=11.3259
  m085 vel2  MRSTFT=6.8583
  m085 vel3  MRSTFT=4.4198
  m085 vel4  MRSTFT=2.7072
  m085 vel5  MRSTFT=1.9155
  m085 vel6  MRSTFT=1.6079
  m085 vel7  MRSTFT=6.9453
  m086 vel0  MRSTFT=8.7118
  m086 vel1  MRSTFT=10.7501
  m086 vel2  MRSTFT=8.5849
  m086 vel3  MRSTFT=5.8351
  m086 vel4  MRSTFT=4.4998
  m086 vel5  MRSTFT=3.2541
  m086 vel6  MRSTFT=2.3325
  m086 vel7  MRSTFT=2.6027
  m087 vel0  MRSTFT=10.8655
  m087 vel1  MRSTFT=9.8223
  m087 vel2  MRSTFT=22.9709
  m087 vel3  MRSTFT=17.2734
  m087 vel4  MRSTFT=15.5186
  m087 vel5  MRSTFT=12.8504
  m087 vel6  MRSTFT=7.5433
  m087 vel7  MRSTFT=3.8409
  m088 vel0  MRSTFT=10.2378
  m088 vel1  MRSTFT=8.7519
  m088 vel2  MRSTFT=8.4624
  m088 vel3  MRSTFT=5.6264
  m088 vel4  MRSTFT=4.2424
  m088 vel5  MRSTFT=3.5233
  m088 vel6  MRSTFT=2.1412
  m088 vel7  MRSTFT=5.2201
  m089 vel0  MRSTFT=8.2654
  m089 vel1  MRSTFT=9.9475
  m089 vel2  MRSTFT=6.7199
  m089 vel3  MRSTFT=4.7120
  m089 vel4  MRSTFT=3.4771
  m089 vel5  MRSTFT=5.3406
  m089 vel6  MRSTFT=2.2212
  m089 vel7  MRSTFT=3.6983
  m090 vel0  MRSTFT=15.4154
  m090 vel1  MRSTFT=17.0562
  m090 vel2  MRSTFT=20.9140
  m090 vel3  MRSTFT=15.2404
  m090 vel4  MRSTFT=11.7365
  m090 vel5  MRSTFT=8.7354
  m090 vel6  MRSTFT=6.0804
  m090 vel7  MRSTFT=4.6342
  m091 vel0  MRSTFT=17.4987
  m091 vel1  MRSTFT=16.4083
  m091 vel2  MRSTFT=14.9691
  m091 vel3  MRSTFT=10.0417
  m091 vel4  MRSTFT=7.1714
  m091 vel5  MRSTFT=5.0931
  m091 vel6  MRSTFT=3.7803
  m091 vel7  MRSTFT=4.1032
  m092 vel0  MRSTFT=11.7466
  m092 vel1  MRSTFT=16.0930
  m092 vel2  MRSTFT=21.0760
  m092 vel3  MRSTFT=11.9660
  m092 vel4  MRSTFT=8.8275
  m092 vel5  MRSTFT=6.0006
  m092 vel6  MRSTFT=6.5479
  m092 vel7  MRSTFT=4.2900
  m093 vel0  MRSTFT=17.2596
  m093 vel1  MRSTFT=16.2827
  m093 vel2  MRSTFT=12.9539
  m093 vel3  MRSTFT=8.7071
  m093 vel4  MRSTFT=5.2944
  m093 vel5  MRSTFT=3.6317
  m093 vel6  MRSTFT=3.6713
  m093 vel7  MRSTFT=2.8911
  m094 vel0  MRSTFT=15.1380
  m094 vel1  MRSTFT=13.5348
  m094 vel2  MRSTFT=17.2667
  m094 vel3  MRSTFT=11.9970
  m094 vel4  MRSTFT=7.3147
  m094 vel5  MRSTFT=5.8329
  m094 vel6  MRSTFT=5.8575
  m094 vel7  MRSTFT=3.0771
  m095 vel0  MRSTFT=18.4242
  m095 vel1  MRSTFT=21.8383
  m095 vel2  MRSTFT=16.5391
  m095 vel3  MRSTFT=11.8732
  m095 vel4  MRSTFT=7.7136
  m095 vel5  MRSTFT=6.0466
  m095 vel6  MRSTFT=5.3764
  m095 vel7  MRSTFT=3.6533
  m096 vel0  MRSTFT=17.0224
  m096 vel1  MRSTFT=17.2992
  m096 vel2  MRSTFT=17.4269
  m096 vel3  MRSTFT=13.6991
  m096 vel4  MRSTFT=8.1667
  m096 vel5  MRSTFT=5.6283
  m096 vel6  MRSTFT=5.4568
  m096 vel7  MRSTFT=3.0394
  m097 vel0  MRSTFT=13.2323
  m097 vel1  MRSTFT=14.9282
  m097 vel2  MRSTFT=19.6877
  m097 vel3  MRSTFT=14.7430
  m097 vel4  MRSTFT=12.6566
  m097 vel5  MRSTFT=7.9180
  m097 vel6  MRSTFT=6.1855
  m097 vel7  MRSTFT=3.0170
  m098 vel0  MRSTFT=12.9106
  m098 vel1  MRSTFT=24.2077
  m098 vel2  MRSTFT=16.2620
  m098 vel3  MRSTFT=13.6853
  m098 vel4  MRSTFT=14.5385
  m098 vel5  MRSTFT=12.6139
  m098 vel6  MRSTFT=10.7618
  m098 vel7  MRSTFT=2.8900
  m099 vel0  MRSTFT=12.0430
  m099 vel1  MRSTFT=14.7054
  m099 vel2  MRSTFT=22.3587
  m099 vel3  MRSTFT=18.8341
  m099 vel4  MRSTFT=14.1448
  m099 vel5  MRSTFT=9.9412
  m099 vel6  MRSTFT=7.9597
  m099 vel7  MRSTFT=2.4594
  m100 vel0  MRSTFT=15.3474
  m100 vel1  MRSTFT=16.6600
  m100 vel2  MRSTFT=20.7315
  m100 vel3  MRSTFT=10.7046
  m100 vel4  MRSTFT=10.5356
  m100 vel5  MRSTFT=13.2486
  m100 vel6  MRSTFT=14.9211
  m100 vel7  MRSTFT=2.3310
  m101 vel0  MRSTFT=17.3831
  m101 vel1  MRSTFT=18.6435
  m101 vel2  MRSTFT=21.3696
  m101 vel3  MRSTFT=16.3617
  m101 vel4  MRSTFT=10.4788
  m101 vel5  MRSTFT=9.4514
  m101 vel6  MRSTFT=9.3143
  m101 vel7  MRSTFT=2.8030
  m102 vel0  MRSTFT=8.4738
  m102 vel1  MRSTFT=13.3159
  m102 vel2  MRSTFT=25.9346
  m102 vel3  MRSTFT=13.0136
  m102 vel4  MRSTFT=13.6811
  m102 vel5  MRSTFT=12.3438
  m102 vel6  MRSTFT=11.4892
  m102 vel7  MRSTFT=2.5920
  m103 vel0  MRSTFT=14.5333
  m103 vel1  MRSTFT=17.0429
  m103 vel2  MRSTFT=27.6836
  m103 vel3  MRSTFT=13.8001
  m103 vel4  MRSTFT=14.0293
  m103 vel5  MRSTFT=12.2828
  m103 vel6  MRSTFT=10.9098
  m103 vel7  MRSTFT=3.2066
  m104 vel0  MRSTFT=14.8901
  m104 vel1  MRSTFT=10.9682
  m104 vel2  MRSTFT=28.1453
  m104 vel3  MRSTFT=14.4658
  m104 vel4  MRSTFT=10.5365
  m104 vel5  MRSTFT=13.5369
  m104 vel6  MRSTFT=11.2464
  m104 vel7  MRSTFT=2.7104
  m105 vel0  MRSTFT=16.2129
  m105 vel1  MRSTFT=7.5241
  m105 vel2  MRSTFT=22.8378
  m105 vel3  MRSTFT=12.8723
  m105 vel4  MRSTFT=11.4945
  m105 vel5  MRSTFT=10.9955
  m105 vel6  MRSTFT=9.7368
  m105 vel7  MRSTFT=3.5892
  m106 vel0  MRSTFT=13.1241
  m106 vel1  MRSTFT=11.8925
  m106 vel2  MRSTFT=25.1132
  m106 vel3  MRSTFT=16.6889
  m106 vel4  MRSTFT=8.3212
  m106 vel5  MRSTFT=12.4011
  m106 vel6  MRSTFT=9.2891
  m106 vel7  MRSTFT=3.8163
  m107 vel0  MRSTFT=8.9515
  m107 vel1  MRSTFT=17.2527
  m107 vel2  MRSTFT=24.9013
  m107 vel3  MRSTFT=17.8513
  m107 vel4  MRSTFT=14.2951
  m107 vel5  MRSTFT=16.2880
  m107 vel6  MRSTFT=12.3230
  m107 vel7  MRSTFT=5.1407
  m108 vel0  MRSTFT=17.6440
  m108 vel1  MRSTFT=20.3233
  m108 vel2  MRSTFT=2.6220
  m108 vel3  MRSTFT=15.3397
  m108 vel4  MRSTFT=2.6997
  m108 vel5  MRSTFT=17.2352
  m108 vel6  MRSTFT=11.3827
  m108 vel7  MRSTFT=4.5347
  ── mean MRSTFT = 5.1428  (704/704 notes) ──
  sample -> m021_vel3.wav
  sample -> m048_vel3.wav
  sample -> m060_vel3.wav
  sample -> m084_vel5.wav
  sample -> m096_vel5.wav
  ✓ new best: 5.1428
[epoch   20/40] loss=5.1961  lr=1.58e-04  t=215.8s

[epoch 20 eval]
  m021 vel0  MRSTFT=4.4808
  m021 vel1  MRSTFT=5.1331
  m021 vel2  MRSTFT=2.8506
  m021 vel3  MRSTFT=2.3990
  m021 vel4  MRSTFT=2.1491
  m021 vel5  MRSTFT=1.9164
  m021 vel6  MRSTFT=1.9246
  m021 vel7  MRSTFT=2.0803
  m022 vel0  MRSTFT=4.7098
  m022 vel1  MRSTFT=4.9972
  m022 vel2  MRSTFT=3.2468
  m022 vel3  MRSTFT=2.8006
  m022 vel4  MRSTFT=2.3269
  m022 vel5  MRSTFT=2.1184
  m022 vel6  MRSTFT=1.9692
  m022 vel7  MRSTFT=1.9868
  m023 vel0  MRSTFT=2.8606
  m023 vel1  MRSTFT=2.6898
  m023 vel2  MRSTFT=1.9963
  m023 vel3  MRSTFT=1.9187
  m023 vel4  MRSTFT=1.8924
  m023 vel5  MRSTFT=1.7978
  m023 vel6  MRSTFT=1.8165
  m023 vel7  MRSTFT=2.0017
  m024 vel0  MRSTFT=1.9632
  m024 vel1  MRSTFT=1.8824
  m024 vel2  MRSTFT=1.6338
  m024 vel3  MRSTFT=1.5968
  m024 vel4  MRSTFT=1.7326
  m024 vel5  MRSTFT=1.7272
  m024 vel6  MRSTFT=1.7901
  m024 vel7  MRSTFT=1.9567
  m025 vel0  MRSTFT=2.8955
  m025 vel1  MRSTFT=2.5081
  m025 vel2  MRSTFT=1.8332
  m025 vel3  MRSTFT=1.7054
  m025 vel4  MRSTFT=1.6821
  m025 vel5  MRSTFT=1.6202
  m025 vel6  MRSTFT=1.6824
  m025 vel7  MRSTFT=1.9636
  m026 vel0  MRSTFT=2.7372
  m026 vel1  MRSTFT=2.8515
  m026 vel2  MRSTFT=2.2179
  m026 vel3  MRSTFT=1.9586
  m026 vel4  MRSTFT=1.7523
  m026 vel5  MRSTFT=1.6547
  m026 vel6  MRSTFT=1.7320
  m026 vel7  MRSTFT=1.9029
  m027 vel0  MRSTFT=2.6235
  m027 vel1  MRSTFT=3.2555
  m027 vel2  MRSTFT=2.0104
  m027 vel3  MRSTFT=1.8227
  m027 vel4  MRSTFT=1.6820
  m027 vel5  MRSTFT=1.6259
  m027 vel6  MRSTFT=1.7260
  m027 vel7  MRSTFT=1.9380
  m028 vel0  MRSTFT=2.4072
  m028 vel1  MRSTFT=2.8494
  m028 vel2  MRSTFT=2.0438
  m028 vel3  MRSTFT=1.8394
  m028 vel4  MRSTFT=1.7603
  m028 vel5  MRSTFT=1.7300
  m028 vel6  MRSTFT=1.7815
  m028 vel7  MRSTFT=1.9620
  m029 vel0  MRSTFT=2.0576
  m029 vel1  MRSTFT=2.1275
  m029 vel2  MRSTFT=1.8142
  m029 vel3  MRSTFT=1.7031
  m029 vel4  MRSTFT=1.5885
  m029 vel5  MRSTFT=1.6623
  m029 vel6  MRSTFT=1.7126
  m029 vel7  MRSTFT=1.9762
  m030 vel0  MRSTFT=2.2608
  m030 vel1  MRSTFT=2.4709
  m030 vel2  MRSTFT=1.8008
  m030 vel3  MRSTFT=1.6286
  m030 vel4  MRSTFT=1.5935
  m030 vel5  MRSTFT=1.6392
  m030 vel6  MRSTFT=1.7361
  m030 vel7  MRSTFT=2.0345
  m031 vel0  MRSTFT=2.6992
  m031 vel1  MRSTFT=2.7471
  m031 vel2  MRSTFT=1.7366
  m031 vel3  MRSTFT=1.6007
  m031 vel4  MRSTFT=1.5269
  m031 vel5  MRSTFT=1.5780
  m031 vel6  MRSTFT=1.6388
  m031 vel7  MRSTFT=1.9438
  m032 vel0  MRSTFT=2.6451
  m032 vel1  MRSTFT=2.8015
  m032 vel2  MRSTFT=1.9805
  m032 vel3  MRSTFT=1.7019
  m032 vel4  MRSTFT=1.6119
  m032 vel5  MRSTFT=1.5473
  m032 vel6  MRSTFT=1.5923
  m032 vel7  MRSTFT=1.8314
  m033 vel0  MRSTFT=3.5603
  m033 vel1  MRSTFT=3.6733
  m033 vel2  MRSTFT=2.8056
  m033 vel3  MRSTFT=2.4245
  m033 vel4  MRSTFT=2.1443
  m033 vel5  MRSTFT=1.8882
  m033 vel6  MRSTFT=1.7181
  m033 vel7  MRSTFT=1.8258
  m034 vel0  MRSTFT=3.3329
  m034 vel1  MRSTFT=3.7510
  m034 vel2  MRSTFT=2.7845
  m034 vel3  MRSTFT=2.4639
  m034 vel4  MRSTFT=2.1844
  m034 vel5  MRSTFT=1.8806
  m034 vel6  MRSTFT=1.7304
  m034 vel7  MRSTFT=1.8459
  m035 vel0  MRSTFT=3.2004
  m035 vel1  MRSTFT=3.5908
  m035 vel2  MRSTFT=2.3797
  m035 vel3  MRSTFT=2.1536
  m035 vel4  MRSTFT=1.9198
  m035 vel5  MRSTFT=1.7302
  m035 vel6  MRSTFT=1.6884
  m035 vel7  MRSTFT=1.8052
  m036 vel0  MRSTFT=2.7430
  m036 vel1  MRSTFT=3.1781
  m036 vel2  MRSTFT=2.3075
  m036 vel3  MRSTFT=1.9659
  m036 vel4  MRSTFT=1.7762
  m036 vel5  MRSTFT=1.6021
  m036 vel6  MRSTFT=1.5376
  m036 vel7  MRSTFT=1.8118
  m037 vel0  MRSTFT=3.4207
  m037 vel1  MRSTFT=3.3884
  m037 vel2  MRSTFT=2.5180
  m037 vel3  MRSTFT=2.1861
  m037 vel4  MRSTFT=1.8838
  m037 vel5  MRSTFT=1.6875
  m037 vel6  MRSTFT=1.6100
  m037 vel7  MRSTFT=1.9080
  m038 vel0  MRSTFT=3.0686
  m038 vel1  MRSTFT=2.8951
  m038 vel2  MRSTFT=2.3663
  m038 vel3  MRSTFT=2.0573
  m038 vel4  MRSTFT=1.8983
  m038 vel5  MRSTFT=1.7193
  m038 vel6  MRSTFT=1.6621
  m038 vel7  MRSTFT=1.8769
  m039 vel0  MRSTFT=2.2966
  m039 vel1  MRSTFT=2.7202
  m039 vel2  MRSTFT=2.0631
  m039 vel3  MRSTFT=1.8856
  m039 vel4  MRSTFT=1.6816
  m039 vel5  MRSTFT=1.5565
  m039 vel6  MRSTFT=1.6108
  m039 vel7  MRSTFT=1.9093
  m040 vel0  MRSTFT=1.8090
  m040 vel1  MRSTFT=1.9531
  m040 vel2  MRSTFT=1.7304
  m040 vel3  MRSTFT=1.5561
  m040 vel4  MRSTFT=1.4536
  m040 vel5  MRSTFT=1.4597
  m040 vel6  MRSTFT=1.5308
  m040 vel7  MRSTFT=1.9323
  m041 vel0  MRSTFT=2.0217
  m041 vel1  MRSTFT=2.4110
  m041 vel2  MRSTFT=1.9706
  m041 vel3  MRSTFT=1.8472
  m041 vel4  MRSTFT=1.5454
  m041 vel5  MRSTFT=1.4880
  m041 vel6  MRSTFT=1.5637
  m041 vel7  MRSTFT=1.8500
  m042 vel0  MRSTFT=2.1248
  m042 vel1  MRSTFT=2.2524
  m042 vel2  MRSTFT=1.7885
  m042 vel3  MRSTFT=1.4989
  m042 vel4  MRSTFT=1.4725
  m042 vel5  MRSTFT=1.5043
  m042 vel6  MRSTFT=1.5630
  m042 vel7  MRSTFT=1.8037
  m043 vel0  MRSTFT=1.4928
  m043 vel1  MRSTFT=1.8783
  m043 vel2  MRSTFT=1.5108
  m043 vel3  MRSTFT=1.5134
  m043 vel4  MRSTFT=1.5221
  m043 vel5  MRSTFT=1.6110
  m043 vel6  MRSTFT=1.7318
  m043 vel7  MRSTFT=1.9523
  m044 vel0  MRSTFT=3.1646
  m044 vel1  MRSTFT=3.0568
  m044 vel2  MRSTFT=2.3606
  m044 vel3  MRSTFT=2.1792
  m044 vel4  MRSTFT=1.9436
  m044 vel5  MRSTFT=1.7568
  m044 vel6  MRSTFT=1.7170
  m044 vel7  MRSTFT=1.9424
  m045 vel0  MRSTFT=3.4444
  m045 vel1  MRSTFT=3.9785
  m045 vel2  MRSTFT=3.0264
  m045 vel3  MRSTFT=2.6525
  m045 vel4  MRSTFT=2.2839
  m045 vel5  MRSTFT=2.0417
  m045 vel6  MRSTFT=1.9431
  m045 vel7  MRSTFT=2.0144
  m046 vel0  MRSTFT=3.0902
  m046 vel1  MRSTFT=3.7555
  m046 vel2  MRSTFT=2.8361
  m046 vel3  MRSTFT=2.5076
  m046 vel4  MRSTFT=2.2227
  m046 vel5  MRSTFT=1.9605
  m046 vel6  MRSTFT=1.8632
  m046 vel7  MRSTFT=2.0005
  m047 vel0  MRSTFT=3.3029
  m047 vel1  MRSTFT=3.5862
  m047 vel2  MRSTFT=3.1974
  m047 vel3  MRSTFT=2.9168
  m047 vel4  MRSTFT=2.3558
  m047 vel5  MRSTFT=2.2154
  m047 vel6  MRSTFT=1.9703
  m047 vel7  MRSTFT=2.0152
  m048 vel0  MRSTFT=3.2145
  m048 vel1  MRSTFT=3.1908
  m048 vel2  MRSTFT=2.8235
  m048 vel3  MRSTFT=2.5517
  m048 vel4  MRSTFT=2.2336
  m048 vel5  MRSTFT=2.0176
  m048 vel6  MRSTFT=1.9175
  m048 vel7  MRSTFT=2.0821
  m049 vel0  MRSTFT=4.4588
  m049 vel1  MRSTFT=4.3030
  m049 vel2  MRSTFT=2.8036
  m049 vel3  MRSTFT=2.4887
  m049 vel4  MRSTFT=2.1560
  m049 vel5  MRSTFT=2.0210
  m049 vel6  MRSTFT=1.9356
  m049 vel7  MRSTFT=2.0805
  m050 vel0  MRSTFT=3.5866
  m050 vel1  MRSTFT=4.0681
  m050 vel2  MRSTFT=2.9940
  m050 vel3  MRSTFT=2.6855
  m050 vel4  MRSTFT=2.3806
  m050 vel5  MRSTFT=2.1360
  m050 vel6  MRSTFT=2.0387
  m050 vel7  MRSTFT=2.1213
  m051 vel0  MRSTFT=4.5442
  m051 vel1  MRSTFT=4.6326
  m051 vel2  MRSTFT=3.9617
  m051 vel3  MRSTFT=3.2018
  m051 vel4  MRSTFT=2.8472
  m051 vel5  MRSTFT=2.4896
  m051 vel6  MRSTFT=2.2661
  m051 vel7  MRSTFT=4.4763
  m052 vel0  MRSTFT=4.0434
  m052 vel1  MRSTFT=3.7945
  m052 vel2  MRSTFT=3.2458
  m052 vel3  MRSTFT=2.9299
  m052 vel4  MRSTFT=2.6519
  m052 vel5  MRSTFT=2.4070
  m052 vel6  MRSTFT=2.2947
  m052 vel7  MRSTFT=2.3097
  m053 vel0  MRSTFT=3.8432
  m053 vel1  MRSTFT=4.1203
  m053 vel2  MRSTFT=3.3565
  m053 vel3  MRSTFT=3.0024
  m053 vel4  MRSTFT=2.6057
  m053 vel5  MRSTFT=2.4432
  m053 vel6  MRSTFT=2.3664
  m053 vel7  MRSTFT=2.3470
  m054 vel0  MRSTFT=4.8196
  m054 vel1  MRSTFT=4.9861
  m054 vel2  MRSTFT=4.0585
  m054 vel3  MRSTFT=3.3136
  m054 vel4  MRSTFT=3.0643
  m054 vel5  MRSTFT=2.7137
  m054 vel6  MRSTFT=2.4562
  m054 vel7  MRSTFT=2.3953
  m055 vel0  MRSTFT=4.7772
  m055 vel1  MRSTFT=6.5145
  m055 vel2  MRSTFT=4.3685
  m055 vel3  MRSTFT=3.6468
  m055 vel4  MRSTFT=3.2655
  m055 vel5  MRSTFT=2.8635
  m055 vel6  MRSTFT=2.6002
  m055 vel7  MRSTFT=2.4532
  m056 vel0  MRSTFT=3.2873
  m056 vel1  MRSTFT=3.8666
  m056 vel2  MRSTFT=3.1596
  m056 vel3  MRSTFT=2.9647
  m056 vel4  MRSTFT=2.6155
  m056 vel5  MRSTFT=2.3665
  m056 vel6  MRSTFT=2.2306
  m056 vel7  MRSTFT=2.3338
  m057 vel0  MRSTFT=3.3887
  m057 vel1  MRSTFT=3.9555
  m057 vel2  MRSTFT=3.3281
  m057 vel3  MRSTFT=2.9809
  m057 vel4  MRSTFT=2.6846
  m057 vel5  MRSTFT=2.4020
  m057 vel6  MRSTFT=2.2224
  m057 vel7  MRSTFT=2.2134
  m058 vel0  MRSTFT=4.5568
  m058 vel1  MRSTFT=5.6644
  m058 vel2  MRSTFT=4.2010
  m058 vel3  MRSTFT=3.6395
  m058 vel4  MRSTFT=3.3216
  m058 vel5  MRSTFT=2.8862
  m058 vel6  MRSTFT=2.5748
  m058 vel7  MRSTFT=2.2581
  m059 vel0  MRSTFT=4.1576
  m059 vel1  MRSTFT=5.0171
  m059 vel2  MRSTFT=3.7098
  m059 vel3  MRSTFT=3.3010
  m059 vel4  MRSTFT=2.7536
  m059 vel5  MRSTFT=2.4982
  m059 vel6  MRSTFT=2.3139
  m059 vel7  MRSTFT=2.2138
  m060 vel0  MRSTFT=3.6655
  m060 vel1  MRSTFT=4.5180
  m060 vel2  MRSTFT=3.3757
  m060 vel3  MRSTFT=2.9779
  m060 vel4  MRSTFT=2.7383
  m060 vel5  MRSTFT=2.4625
  m060 vel6  MRSTFT=2.3275
  m060 vel7  MRSTFT=2.3956
  m061 vel0  MRSTFT=4.3758
  m061 vel1  MRSTFT=4.3648
  m061 vel2  MRSTFT=3.6744
  m061 vel3  MRSTFT=3.2369
  m061 vel4  MRSTFT=2.8561
  m061 vel5  MRSTFT=2.4917
  m061 vel6  MRSTFT=2.2727
  m061 vel7  MRSTFT=2.1468
  m062 vel0  MRSTFT=3.9491
  m062 vel1  MRSTFT=4.5929
  m062 vel2  MRSTFT=3.8354
  m062 vel3  MRSTFT=3.3322
  m062 vel4  MRSTFT=2.9889
  m062 vel5  MRSTFT=2.4692
  m062 vel6  MRSTFT=2.1603
  m062 vel7  MRSTFT=2.0790
  m063 vel0  MRSTFT=4.2244
  m063 vel1  MRSTFT=6.8248
  m063 vel2  MRSTFT=5.6892
  m063 vel3  MRSTFT=4.1705
  m063 vel4  MRSTFT=3.9608
  m063 vel5  MRSTFT=3.0356
  m063 vel6  MRSTFT=2.3918
  m063 vel7  MRSTFT=1.8986
  m064 vel0  MRSTFT=3.2491
  m064 vel1  MRSTFT=4.1121
  m064 vel2  MRSTFT=3.2830
  m064 vel3  MRSTFT=2.6096
  m064 vel4  MRSTFT=2.2791
  m064 vel5  MRSTFT=1.9585
  m064 vel6  MRSTFT=1.8934
  m064 vel7  MRSTFT=2.0124
  m065 vel0  MRSTFT=3.0620
  m065 vel1  MRSTFT=4.5811
  m065 vel2  MRSTFT=3.5316
  m065 vel3  MRSTFT=3.0289
  m065 vel4  MRSTFT=2.2143
  m065 vel5  MRSTFT=1.8810
  m065 vel6  MRSTFT=1.7311
  m065 vel7  MRSTFT=2.2048
  m066 vel0  MRSTFT=4.2049
  m066 vel1  MRSTFT=4.5247
  m066 vel2  MRSTFT=3.8974
  m066 vel3  MRSTFT=3.4063
  m066 vel4  MRSTFT=2.7191
  m066 vel5  MRSTFT=2.2257
  m066 vel6  MRSTFT=1.8602
  m066 vel7  MRSTFT=1.7342
  m067 vel0  MRSTFT=3.7833
  m067 vel1  MRSTFT=5.9005
  m067 vel2  MRSTFT=3.9289
  m067 vel3  MRSTFT=3.2138
  m067 vel4  MRSTFT=2.6196
  m067 vel5  MRSTFT=2.3470
  m067 vel6  MRSTFT=1.7398
  m067 vel7  MRSTFT=3.1469
  m068 vel0  MRSTFT=3.1313
  m068 vel1  MRSTFT=4.5955
  m068 vel2  MRSTFT=3.2806
  m068 vel3  MRSTFT=2.6344
  m068 vel4  MRSTFT=2.0720
  m068 vel5  MRSTFT=1.8183
  m068 vel6  MRSTFT=1.6411
  m068 vel7  MRSTFT=1.6924
  m069 vel0  MRSTFT=7.5392
  m069 vel1  MRSTFT=9.3815
  m069 vel2  MRSTFT=7.3884
  m069 vel3  MRSTFT=5.8684
  m069 vel4  MRSTFT=4.5249
  m069 vel5  MRSTFT=3.3455
  m069 vel6  MRSTFT=2.7504
  m069 vel7  MRSTFT=1.7904
  m070 vel0  MRSTFT=3.7189
  m070 vel1  MRSTFT=5.6050
  m070 vel2  MRSTFT=4.4102
  m070 vel3  MRSTFT=3.6892
  m070 vel4  MRSTFT=2.5792
  m070 vel5  MRSTFT=2.0321
  m070 vel6  MRSTFT=1.6815
  m070 vel7  MRSTFT=1.5106
  m071 vel0  MRSTFT=4.8817
  m071 vel1  MRSTFT=5.5972
  m071 vel2  MRSTFT=2.9087
  m071 vel3  MRSTFT=2.5859
  m071 vel4  MRSTFT=1.9089
  m071 vel5  MRSTFT=1.5993
  m071 vel6  MRSTFT=1.3307
  m071 vel7  MRSTFT=1.4918
  m072 vel0  MRSTFT=3.7366
  m072 vel1  MRSTFT=4.0690
  m072 vel2  MRSTFT=2.5137
  m072 vel3  MRSTFT=2.2793
  m072 vel4  MRSTFT=1.7048
  m072 vel5  MRSTFT=1.4914
  m072 vel6  MRSTFT=1.4256
  m072 vel7  MRSTFT=1.6003
  m073 vel0  MRSTFT=6.1982
  m073 vel1  MRSTFT=7.9760
  m073 vel2  MRSTFT=7.3743
  m073 vel3  MRSTFT=6.6120
  m073 vel4  MRSTFT=4.6649
  m073 vel5  MRSTFT=3.5181
  m073 vel6  MRSTFT=3.0087
  m073 vel7  MRSTFT=4.2345
  m074 vel0  MRSTFT=3.3551
  m074 vel1  MRSTFT=3.6617
  m074 vel2  MRSTFT=3.2250
  m074 vel3  MRSTFT=2.4676
  m074 vel4  MRSTFT=2.1089
  m074 vel5  MRSTFT=4.2256
  m074 vel6  MRSTFT=1.4618
  m074 vel7  MRSTFT=6.4629
  m075 vel0  MRSTFT=4.3423
  m075 vel1  MRSTFT=5.1599
  m075 vel2  MRSTFT=4.9445
  m075 vel3  MRSTFT=4.1093
  m075 vel4  MRSTFT=3.0731
  m075 vel5  MRSTFT=3.3318
  m075 vel6  MRSTFT=1.7148
  m075 vel7  MRSTFT=1.6147
  m076 vel0  MRSTFT=4.7042
  m076 vel1  MRSTFT=5.8761
  m076 vel2  MRSTFT=4.6764
  m076 vel3  MRSTFT=4.0902
  m076 vel4  MRSTFT=2.5613
  m076 vel5  MRSTFT=2.0504
  m076 vel6  MRSTFT=1.7141
  m076 vel7  MRSTFT=1.9784
  m077 vel0  MRSTFT=5.9559
  m077 vel1  MRSTFT=6.7920
  m077 vel2  MRSTFT=5.1307
  m077 vel3  MRSTFT=3.8244
  m077 vel4  MRSTFT=3.1303
  m077 vel5  MRSTFT=4.3589
  m077 vel6  MRSTFT=1.8115
  m077 vel7  MRSTFT=5.0039
  m078 vel0  MRSTFT=5.0822
  m078 vel1  MRSTFT=6.8713
  m078 vel2  MRSTFT=5.2735
  m078 vel3  MRSTFT=3.9187
  m078 vel4  MRSTFT=3.1129
  m078 vel5  MRSTFT=2.2869
  m078 vel6  MRSTFT=1.6019
  m078 vel7  MRSTFT=4.2530
  m079 vel0  MRSTFT=7.5699
  m079 vel1  MRSTFT=7.4075
  m079 vel2  MRSTFT=9.3662
  m079 vel3  MRSTFT=7.7893
  m079 vel4  MRSTFT=6.2042
  m079 vel5  MRSTFT=4.7019
  m079 vel6  MRSTFT=2.8709
  m079 vel7  MRSTFT=2.9909
  m080 vel0  MRSTFT=10.0534
  m080 vel1  MRSTFT=10.6437
  m080 vel2  MRSTFT=9.5088
  m080 vel3  MRSTFT=6.6479
  m080 vel4  MRSTFT=5.0730
  m080 vel5  MRSTFT=3.7204
  m080 vel6  MRSTFT=2.7821
  m080 vel7  MRSTFT=4.4117
  m081 vel0  MRSTFT=6.1553
  m081 vel1  MRSTFT=6.3201
  m081 vel2  MRSTFT=4.1515
  m081 vel3  MRSTFT=3.2747
  m081 vel4  MRSTFT=2.4455
  m081 vel5  MRSTFT=1.8638
  m081 vel6  MRSTFT=1.4069
  m081 vel7  MRSTFT=6.4350
  m082 vel0  MRSTFT=6.8000
  m082 vel1  MRSTFT=7.6210
  m082 vel2  MRSTFT=7.6183
  m082 vel3  MRSTFT=4.8758
  m082 vel4  MRSTFT=3.3993
  m082 vel5  MRSTFT=2.3335
  m082 vel6  MRSTFT=1.6276
  m082 vel7  MRSTFT=1.5656
  m083 vel0  MRSTFT=7.2706
  m083 vel1  MRSTFT=10.0997
  m083 vel2  MRSTFT=9.2906
  m083 vel3  MRSTFT=6.8213
  m083 vel4  MRSTFT=4.5566
  m083 vel5  MRSTFT=3.3992
  m083 vel6  MRSTFT=2.9513
  m083 vel7  MRSTFT=4.5159
  m084 vel0  MRSTFT=10.3361
  m084 vel1  MRSTFT=12.2126
  m084 vel2  MRSTFT=12.4818
  m084 vel3  MRSTFT=8.3832
  m084 vel4  MRSTFT=6.8097
  m084 vel5  MRSTFT=4.7189
  m084 vel6  MRSTFT=3.0524
  m084 vel7  MRSTFT=1.8045
  m085 vel0  MRSTFT=7.9808
  m085 vel1  MRSTFT=11.3228
  m085 vel2  MRSTFT=6.8569
  m085 vel3  MRSTFT=4.4185
  m085 vel4  MRSTFT=2.7019
  m085 vel5  MRSTFT=1.9006
  m085 vel6  MRSTFT=1.5761
  m085 vel7  MRSTFT=7.3035
  m086 vel0  MRSTFT=8.7015
  m086 vel1  MRSTFT=10.7365
  m086 vel2  MRSTFT=8.5799
  m086 vel3  MRSTFT=5.8206
  m086 vel4  MRSTFT=4.4763
  m086 vel5  MRSTFT=3.2083
  m086 vel6  MRSTFT=2.2728
  m086 vel7  MRSTFT=2.1877
  m087 vel0  MRSTFT=10.8697
  m087 vel1  MRSTFT=9.8126
  m087 vel2  MRSTFT=22.9430
  m087 vel3  MRSTFT=17.2418
  m087 vel4  MRSTFT=15.4873
  m087 vel5  MRSTFT=12.8099
  m087 vel6  MRSTFT=7.4638
  m087 vel7  MRSTFT=3.5403
  m088 vel0  MRSTFT=10.2347
  m088 vel1  MRSTFT=8.7481
  m088 vel2  MRSTFT=8.4554
  m088 vel3  MRSTFT=5.6132
  m088 vel4  MRSTFT=4.2167
  m088 vel5  MRSTFT=3.4663
  m088 vel6  MRSTFT=1.9134
  m088 vel7  MRSTFT=4.6057
  m089 vel0  MRSTFT=8.2516
  m089 vel1  MRSTFT=9.9408
  m089 vel2  MRSTFT=6.7112
  m089 vel3  MRSTFT=4.7085
  m089 vel4  MRSTFT=3.4669
  m089 vel5  MRSTFT=5.2229
  m089 vel6  MRSTFT=1.8261
  m089 vel7  MRSTFT=4.2185
  m090 vel0  MRSTFT=15.4283
  m090 vel1  MRSTFT=17.0593
  m090 vel2  MRSTFT=20.9097
  m090 vel3  MRSTFT=15.2305
  m090 vel4  MRSTFT=11.7245
  m090 vel5  MRSTFT=8.7132
  m090 vel6  MRSTFT=5.4705
  m090 vel7  MRSTFT=5.1939
  m091 vel0  MRSTFT=17.4977
  m091 vel1  MRSTFT=16.4063
  m091 vel2  MRSTFT=14.9555
  m091 vel3  MRSTFT=10.0194
  m091 vel4  MRSTFT=7.1441
  m091 vel5  MRSTFT=5.0534
  m091 vel6  MRSTFT=2.8808
  m091 vel7  MRSTFT=4.4290
  m092 vel0  MRSTFT=11.7418
  m092 vel1  MRSTFT=16.0875
  m092 vel2  MRSTFT=21.0556
  m092 vel3  MRSTFT=11.9470
  m092 vel4  MRSTFT=8.7953
  m092 vel5  MRSTFT=5.8945
  m092 vel6  MRSTFT=5.4865
  m092 vel7  MRSTFT=4.4980
  m093 vel0  MRSTFT=17.2592
  m093 vel1  MRSTFT=16.2815
  m093 vel2  MRSTFT=12.9160
  m093 vel3  MRSTFT=8.6613
  m093 vel4  MRSTFT=5.2380
  m093 vel5  MRSTFT=3.4756
  m093 vel6  MRSTFT=2.5863
  m093 vel7  MRSTFT=2.8941
  m094 vel0  MRSTFT=15.1390
  m094 vel1  MRSTFT=13.5348
  m094 vel2  MRSTFT=17.2344
  m094 vel3  MRSTFT=11.9573
  m094 vel4  MRSTFT=7.2710
  m094 vel5  MRSTFT=5.6176
  m094 vel6  MRSTFT=4.6959
  m094 vel7  MRSTFT=3.0806
  m095 vel0  MRSTFT=18.4106
  m095 vel1  MRSTFT=21.8228
  m095 vel2  MRSTFT=16.4986
  m095 vel3  MRSTFT=11.8288
  m095 vel4  MRSTFT=7.6621
  m095 vel5  MRSTFT=5.7582
  m095 vel6  MRSTFT=4.0480
  m095 vel7  MRSTFT=3.7181
  m096 vel0  MRSTFT=17.0158
  m096 vel1  MRSTFT=17.3002
  m096 vel2  MRSTFT=17.4110
  m096 vel3  MRSTFT=13.6747
  m096 vel4  MRSTFT=8.1371
  m096 vel5  MRSTFT=5.3076
  m096 vel6  MRSTFT=4.1352
  m096 vel7  MRSTFT=2.9758
  m097 vel0  MRSTFT=13.2215
  m097 vel1  MRSTFT=14.9168
  m097 vel2  MRSTFT=19.6686
  m097 vel3  MRSTFT=14.7180
  m097 vel4  MRSTFT=12.6210
  m097 vel5  MRSTFT=7.5253
  m097 vel6  MRSTFT=4.6429
  m097 vel7  MRSTFT=3.2672
  m098 vel0  MRSTFT=12.9226
  m098 vel1  MRSTFT=24.2222
  m098 vel2  MRSTFT=16.2717
  m098 vel3  MRSTFT=13.6872
  m098 vel4  MRSTFT=14.5242
  m098 vel5  MRSTFT=12.3561
  m098 vel6  MRSTFT=9.3629
  m098 vel7  MRSTFT=2.9754
  m099 vel0  MRSTFT=12.0494
  m099 vel1  MRSTFT=14.7150
  m099 vel2  MRSTFT=22.3566
  m099 vel3  MRSTFT=18.8291
  m099 vel4  MRSTFT=14.1310
  m099 vel5  MRSTFT=9.6392
  m099 vel6  MRSTFT=6.3924
  m099 vel7  MRSTFT=2.7261
  m100 vel0  MRSTFT=15.3467
  m100 vel1  MRSTFT=16.6617
  m100 vel2  MRSTFT=20.7347
  m100 vel3  MRSTFT=10.7042
  m100 vel4  MRSTFT=10.5299
  m100 vel5  MRSTFT=12.8872
  m100 vel6  MRSTFT=13.1950
  m100 vel7  MRSTFT=2.6459
  m101 vel0  MRSTFT=17.3851
  m101 vel1  MRSTFT=18.6484
  m101 vel2  MRSTFT=21.3730
  m101 vel3  MRSTFT=16.3630
  m101 vel4  MRSTFT=10.4723
  m101 vel5  MRSTFT=9.1664
  m101 vel6  MRSTFT=9.1330
  m101 vel7  MRSTFT=3.1031
  m102 vel0  MRSTFT=8.4620
  m102 vel1  MRSTFT=13.3046
  m102 vel2  MRSTFT=25.9329
  m102 vel3  MRSTFT=13.0091
  m102 vel4  MRSTFT=13.6819
  m102 vel5  MRSTFT=11.9972
  m102 vel6  MRSTFT=9.7078
  m102 vel7  MRSTFT=2.8785
  m103 vel0  MRSTFT=14.5309
  m103 vel1  MRSTFT=17.0450
  m103 vel2  MRSTFT=27.6975
  m103 vel3  MRSTFT=13.8044
  m103 vel4  MRSTFT=14.0314
  m103 vel5  MRSTFT=12.0446
  m103 vel6  MRSTFT=10.5649
  m103 vel7  MRSTFT=3.5684
  m104 vel0  MRSTFT=14.8840
  m104 vel1  MRSTFT=10.9641
  m104 vel2  MRSTFT=28.1229
  m104 vel3  MRSTFT=14.4424
  m104 vel4  MRSTFT=10.5193
  m104 vel5  MRSTFT=13.2474
  m104 vel6  MRSTFT=9.5402
  m104 vel7  MRSTFT=3.2574
  m105 vel0  MRSTFT=16.2120
  m105 vel1  MRSTFT=7.5301
  m105 vel2  MRSTFT=22.8395
  m105 vel3  MRSTFT=12.8762
  m105 vel4  MRSTFT=11.4975
  m105 vel5  MRSTFT=10.7112
  m105 vel6  MRSTFT=8.1425
  m105 vel7  MRSTFT=4.0330
  m106 vel0  MRSTFT=13.1224
  m106 vel1  MRSTFT=11.8877
  m106 vel2  MRSTFT=25.1076
  m106 vel3  MRSTFT=16.6874
  m106 vel4  MRSTFT=8.3107
  m106 vel5  MRSTFT=12.1721
  m106 vel6  MRSTFT=7.8541
  m106 vel7  MRSTFT=3.9331
  m107 vel0  MRSTFT=8.9332
  m107 vel1  MRSTFT=17.2267
  m107 vel2  MRSTFT=24.8831
  m107 vel3  MRSTFT=17.8194
  m107 vel4  MRSTFT=14.2599
  m107 vel5  MRSTFT=16.0698
  m107 vel6  MRSTFT=10.9671
  m107 vel7  MRSTFT=4.9601
  m108 vel0  MRSTFT=17.6157
  m108 vel1  MRSTFT=20.2847
  m108 vel2  MRSTFT=2.5757
  m108 vel3  MRSTFT=15.2816
  m108 vel4  MRSTFT=2.6584
  m108 vel5  MRSTFT=17.1649
  m108 vel6  MRSTFT=10.4834
  m108 vel7  MRSTFT=4.4498
  ── mean MRSTFT = 5.2061  (704/704 notes) ──
  sample -> m021_vel3.wav
  sample -> m048_vel3.wav
  sample -> m060_vel3.wav
  sample -> m084_vel5.wav
  sample -> m096_vel5.wav
[epoch   30/40] loss=5.1797  lr=5.67e-05  t=325.2s

[epoch 30 eval]
  m021 vel0  MRSTFT=4.4917
  m021 vel1  MRSTFT=5.1420
  m021 vel2  MRSTFT=2.8564
  m021 vel3  MRSTFT=2.3936
  m021 vel4  MRSTFT=2.1473
  m021 vel5  MRSTFT=1.9129
  m021 vel6  MRSTFT=1.9154
  m021 vel7  MRSTFT=2.0684
  m022 vel0  MRSTFT=4.7173
  m022 vel1  MRSTFT=5.0110
  m022 vel2  MRSTFT=3.2505
  m022 vel3  MRSTFT=2.8014
  m022 vel4  MRSTFT=2.3235
  m022 vel5  MRSTFT=2.1173
  m022 vel6  MRSTFT=1.9743
  m022 vel7  MRSTFT=1.9850
  m023 vel0  MRSTFT=2.8585
  m023 vel1  MRSTFT=2.6903
  m023 vel2  MRSTFT=1.9944
  m023 vel3  MRSTFT=1.9124
  m023 vel4  MRSTFT=1.8822
  m023 vel5  MRSTFT=1.7898
  m023 vel6  MRSTFT=1.8100
  m023 vel7  MRSTFT=1.9926
  m024 vel0  MRSTFT=1.9612
  m024 vel1  MRSTFT=1.8855
  m024 vel2  MRSTFT=1.6319
  m024 vel3  MRSTFT=1.5954
  m024 vel4  MRSTFT=1.7272
  m024 vel5  MRSTFT=1.7191
  m024 vel6  MRSTFT=1.7848
  m024 vel7  MRSTFT=1.9472
  m025 vel0  MRSTFT=2.8980
  m025 vel1  MRSTFT=2.5098
  m025 vel2  MRSTFT=1.8316
  m025 vel3  MRSTFT=1.6991
  m025 vel4  MRSTFT=1.6750
  m025 vel5  MRSTFT=1.6210
  m025 vel6  MRSTFT=1.6695
  m025 vel7  MRSTFT=1.9483
  m026 vel0  MRSTFT=2.7393
  m026 vel1  MRSTFT=2.8563
  m026 vel2  MRSTFT=2.2159
  m026 vel3  MRSTFT=1.9577
  m026 vel4  MRSTFT=1.7494
  m026 vel5  MRSTFT=1.6453
  m026 vel6  MRSTFT=1.7186
  m026 vel7  MRSTFT=1.8833
  m027 vel0  MRSTFT=2.6229
  m027 vel1  MRSTFT=3.2598
  m027 vel2  MRSTFT=2.0036
  m027 vel3  MRSTFT=1.8101
  m027 vel4  MRSTFT=1.6689
  m027 vel5  MRSTFT=1.6127
  m027 vel6  MRSTFT=1.7075
  m027 vel7  MRSTFT=1.9225
  m028 vel0  MRSTFT=2.3833
  m028 vel1  MRSTFT=2.8361
  m028 vel2  MRSTFT=2.0190
  m028 vel3  MRSTFT=1.8120
  m028 vel4  MRSTFT=1.7262
  m028 vel5  MRSTFT=1.6960
  m028 vel6  MRSTFT=1.7496
  m028 vel7  MRSTFT=1.9342
  m029 vel0  MRSTFT=2.0397
  m029 vel1  MRSTFT=2.1242
  m029 vel2  MRSTFT=1.8033
  m029 vel3  MRSTFT=1.6967
  m029 vel4  MRSTFT=1.5778
  m029 vel5  MRSTFT=1.6481
  m029 vel6  MRSTFT=1.6995
  m029 vel7  MRSTFT=1.9615
  m030 vel0  MRSTFT=2.2523
  m030 vel1  MRSTFT=2.4706
  m030 vel2  MRSTFT=1.7985
  m030 vel3  MRSTFT=1.6293
  m030 vel4  MRSTFT=1.5858
  m030 vel5  MRSTFT=1.6322
  m030 vel6  MRSTFT=1.7222
  m030 vel7  MRSTFT=2.0137
  m031 vel0  MRSTFT=2.6912
  m031 vel1  MRSTFT=2.7451
  m031 vel2  MRSTFT=1.7279
  m031 vel3  MRSTFT=1.6012
  m031 vel4  MRSTFT=1.5309
  m031 vel5  MRSTFT=1.5738
  m031 vel6  MRSTFT=1.6328
  m031 vel7  MRSTFT=1.9150
  m032 vel0  MRSTFT=2.6390
  m032 vel1  MRSTFT=2.8078
  m032 vel2  MRSTFT=1.9856
  m032 vel3  MRSTFT=1.7152
  m032 vel4  MRSTFT=1.6264
  m032 vel5  MRSTFT=1.5540
  m032 vel6  MRSTFT=1.5995
  m032 vel7  MRSTFT=1.7988
  m033 vel0  MRSTFT=3.5532
  m033 vel1  MRSTFT=3.6790
  m033 vel2  MRSTFT=2.8136
  m033 vel3  MRSTFT=2.4353
  m033 vel4  MRSTFT=2.1596
  m033 vel5  MRSTFT=1.8917
  m033 vel6  MRSTFT=1.7175
  m033 vel7  MRSTFT=1.7889
  m034 vel0  MRSTFT=3.3253
  m034 vel1  MRSTFT=3.7620
  m034 vel2  MRSTFT=2.7985
  m034 vel3  MRSTFT=2.4772
  m034 vel4  MRSTFT=2.2083
  m034 vel5  MRSTFT=1.8923
  m034 vel6  MRSTFT=1.7443
  m034 vel7  MRSTFT=1.8163
  m035 vel0  MRSTFT=3.1946
  m035 vel1  MRSTFT=3.5891
  m035 vel2  MRSTFT=2.3803
  m035 vel3  MRSTFT=2.1564
  m035 vel4  MRSTFT=1.9214
  m035 vel5  MRSTFT=1.7523
  m035 vel6  MRSTFT=1.6982
  m035 vel7  MRSTFT=1.7760
  m036 vel0  MRSTFT=2.7246
  m036 vel1  MRSTFT=3.1694
  m036 vel2  MRSTFT=2.3016
  m036 vel3  MRSTFT=1.9655
  m036 vel4  MRSTFT=1.7810
  m036 vel5  MRSTFT=1.6098
  m036 vel6  MRSTFT=1.5456
  m036 vel7  MRSTFT=1.7756
  m037 vel0  MRSTFT=3.4030
  m037 vel1  MRSTFT=3.3749
  m037 vel2  MRSTFT=2.5193
  m037 vel3  MRSTFT=2.1849
  m037 vel4  MRSTFT=1.8919
  m037 vel5  MRSTFT=1.7006
  m037 vel6  MRSTFT=1.6149
  m037 vel7  MRSTFT=1.8908
  m038 vel0  MRSTFT=3.0723
  m038 vel1  MRSTFT=2.9018
  m038 vel2  MRSTFT=2.3731
  m038 vel3  MRSTFT=2.0674
  m038 vel4  MRSTFT=1.8954
  m038 vel5  MRSTFT=1.7024
  m038 vel6  MRSTFT=1.6375
  m038 vel7  MRSTFT=1.8329
  m039 vel0  MRSTFT=2.3018
  m039 vel1  MRSTFT=2.7252
  m039 vel2  MRSTFT=2.0732
  m039 vel3  MRSTFT=1.8979
  m039 vel4  MRSTFT=1.6937
  m039 vel5  MRSTFT=1.5691
  m039 vel6  MRSTFT=1.6210
  m039 vel7  MRSTFT=1.9053
  m040 vel0  MRSTFT=1.8067
  m040 vel1  MRSTFT=1.9521
  m040 vel2  MRSTFT=1.7321
  m040 vel3  MRSTFT=1.5559
  m040 vel4  MRSTFT=1.4575
  m040 vel5  MRSTFT=1.4637
  m040 vel6  MRSTFT=1.5296
  m040 vel7  MRSTFT=1.9288
  m041 vel0  MRSTFT=2.0229
  m041 vel1  MRSTFT=2.4179
  m041 vel2  MRSTFT=1.9851
  m041 vel3  MRSTFT=1.8622
  m041 vel4  MRSTFT=1.5564
  m041 vel5  MRSTFT=1.5035
  m041 vel6  MRSTFT=1.5711
  m041 vel7  MRSTFT=1.8493
  m042 vel0  MRSTFT=2.1178
  m042 vel1  MRSTFT=2.2505
  m042 vel2  MRSTFT=1.7913
  m042 vel3  MRSTFT=1.4982
  m042 vel4  MRSTFT=1.4759
  m042 vel5  MRSTFT=1.5054
  m042 vel6  MRSTFT=1.5610
  m042 vel7  MRSTFT=1.8106
  m043 vel0  MRSTFT=1.4798
  m043 vel1  MRSTFT=1.8750
  m043 vel2  MRSTFT=1.5086
  m043 vel3  MRSTFT=1.5104
  m043 vel4  MRSTFT=1.5137
  m043 vel5  MRSTFT=1.5923
  m043 vel6  MRSTFT=1.7009
  m043 vel7  MRSTFT=1.9357
  m044 vel0  MRSTFT=3.1736
  m044 vel1  MRSTFT=3.0647
  m044 vel2  MRSTFT=2.3778
  m044 vel3  MRSTFT=2.1913
  m044 vel4  MRSTFT=1.9334
  m044 vel5  MRSTFT=1.7442
  m044 vel6  MRSTFT=1.6829
  m044 vel7  MRSTFT=1.9268
  m045 vel0  MRSTFT=3.4829
  m045 vel1  MRSTFT=4.0188
  m045 vel2  MRSTFT=3.0806
  m045 vel3  MRSTFT=2.6959
  m045 vel4  MRSTFT=2.3137
  m045 vel5  MRSTFT=2.0542
  m045 vel6  MRSTFT=1.9278
  m045 vel7  MRSTFT=1.9967
  m046 vel0  MRSTFT=3.1265
  m046 vel1  MRSTFT=3.7840
  m046 vel2  MRSTFT=2.8787
  m046 vel3  MRSTFT=2.5515
  m046 vel4  MRSTFT=2.2564
  m046 vel5  MRSTFT=1.9677
  m046 vel6  MRSTFT=1.8438
  m046 vel7  MRSTFT=1.9730
  m047 vel0  MRSTFT=3.3165
  m047 vel1  MRSTFT=3.6108
  m047 vel2  MRSTFT=3.2343
  m047 vel3  MRSTFT=2.9364
  m047 vel4  MRSTFT=2.3607
  m047 vel5  MRSTFT=2.1976
  m047 vel6  MRSTFT=1.9324
  m047 vel7  MRSTFT=2.0040
  m048 vel0  MRSTFT=3.2221
  m048 vel1  MRSTFT=3.1964
  m048 vel2  MRSTFT=2.8344
  m048 vel3  MRSTFT=2.5389
  m048 vel4  MRSTFT=2.2200
  m048 vel5  MRSTFT=1.9887
  m048 vel6  MRSTFT=1.8726
  m048 vel7  MRSTFT=2.0756
  m049 vel0  MRSTFT=4.4283
  m049 vel1  MRSTFT=4.2612
  m049 vel2  MRSTFT=2.7775
  m049 vel3  MRSTFT=2.4468
  m049 vel4  MRSTFT=2.1068
  m049 vel5  MRSTFT=1.9596
  m049 vel6  MRSTFT=1.8474
  m049 vel7  MRSTFT=2.0558
  m050 vel0  MRSTFT=3.5477
  m050 vel1  MRSTFT=4.0171
  m050 vel2  MRSTFT=2.9353
  m050 vel3  MRSTFT=2.6115
  m050 vel4  MRSTFT=2.2836
  m050 vel5  MRSTFT=2.0066
  m050 vel6  MRSTFT=1.9069
  m050 vel7  MRSTFT=2.0117
  m051 vel0  MRSTFT=4.4909
  m051 vel1  MRSTFT=4.5617
  m051 vel2  MRSTFT=3.8741
  m051 vel3  MRSTFT=3.1020
  m051 vel4  MRSTFT=2.7306
  m051 vel5  MRSTFT=2.3523
  m051 vel6  MRSTFT=2.1135
  m051 vel7  MRSTFT=4.3529
  m052 vel0  MRSTFT=3.9882
  m052 vel1  MRSTFT=3.7253
  m052 vel2  MRSTFT=3.1846
  m052 vel3  MRSTFT=2.8310
  m052 vel4  MRSTFT=2.5412
  m052 vel5  MRSTFT=2.2732
  m052 vel6  MRSTFT=2.1519
  m052 vel7  MRSTFT=2.1735
  m053 vel0  MRSTFT=3.8462
  m053 vel1  MRSTFT=4.1176
  m053 vel2  MRSTFT=3.3616
  m053 vel3  MRSTFT=2.9922
  m053 vel4  MRSTFT=2.5718
  m053 vel5  MRSTFT=2.4021
  m053 vel6  MRSTFT=2.3009
  m053 vel7  MRSTFT=2.2811
  m054 vel0  MRSTFT=4.7807
  m054 vel1  MRSTFT=4.9144
  m054 vel2  MRSTFT=3.9785
  m054 vel3  MRSTFT=3.2099
  m054 vel4  MRSTFT=2.9543
  m054 vel5  MRSTFT=2.5778
  m054 vel6  MRSTFT=2.3036
  m054 vel7  MRSTFT=2.3044
  m055 vel0  MRSTFT=4.7332
  m055 vel1  MRSTFT=6.4447
  m055 vel2  MRSTFT=4.2836
  m055 vel3  MRSTFT=3.5450
  m055 vel4  MRSTFT=3.1478
  m055 vel5  MRSTFT=2.7342
  m055 vel6  MRSTFT=2.4623
  m055 vel7  MRSTFT=2.3362
  m056 vel0  MRSTFT=3.2091
  m056 vel1  MRSTFT=3.7602
  m056 vel2  MRSTFT=3.0473
  m056 vel3  MRSTFT=2.8413
  m056 vel4  MRSTFT=2.4711
  m056 vel5  MRSTFT=2.1992
  m056 vel6  MRSTFT=2.0496
  m056 vel7  MRSTFT=2.1738
  m057 vel0  MRSTFT=3.3821
  m057 vel1  MRSTFT=3.9544
  m057 vel2  MRSTFT=3.3229
  m057 vel3  MRSTFT=2.9724
  m057 vel4  MRSTFT=2.6760
  m057 vel5  MRSTFT=2.3757
  m057 vel6  MRSTFT=2.1760
  m057 vel7  MRSTFT=2.1993
  m058 vel0  MRSTFT=4.5120
  m058 vel1  MRSTFT=5.6204
  m058 vel2  MRSTFT=4.1578
  m058 vel3  MRSTFT=3.5985
  m058 vel4  MRSTFT=3.2605
  m058 vel5  MRSTFT=2.8156
  m058 vel6  MRSTFT=2.4844
  m058 vel7  MRSTFT=2.1881
  m059 vel0  MRSTFT=4.1260
  m059 vel1  MRSTFT=4.9625
  m059 vel2  MRSTFT=3.6539
  m059 vel3  MRSTFT=3.2400
  m059 vel4  MRSTFT=2.6733
  m059 vel5  MRSTFT=2.4171
  m059 vel6  MRSTFT=2.2245
  m059 vel7  MRSTFT=2.1943
  m060 vel0  MRSTFT=3.6510
  m060 vel1  MRSTFT=4.4887
  m060 vel2  MRSTFT=3.3365
  m060 vel3  MRSTFT=2.9231
  m060 vel4  MRSTFT=2.6736
  m060 vel5  MRSTFT=2.3828
  m060 vel6  MRSTFT=2.2501
  m060 vel7  MRSTFT=2.3279
  m061 vel0  MRSTFT=4.3387
  m061 vel1  MRSTFT=4.3153
  m061 vel2  MRSTFT=3.6096
  m061 vel3  MRSTFT=3.1597
  m061 vel4  MRSTFT=2.7695
  m061 vel5  MRSTFT=2.3911
  m061 vel6  MRSTFT=2.1704
  m061 vel7  MRSTFT=2.0727
  m062 vel0  MRSTFT=3.9401
  m062 vel1  MRSTFT=4.5780
  m062 vel2  MRSTFT=3.8155
  m062 vel3  MRSTFT=3.3076
  m062 vel4  MRSTFT=2.9601
  m062 vel5  MRSTFT=2.4335
  m062 vel6  MRSTFT=2.1219
  m062 vel7  MRSTFT=2.0439
  m063 vel0  MRSTFT=4.2147
  m063 vel1  MRSTFT=6.8217
  m063 vel2  MRSTFT=5.6869
  m063 vel3  MRSTFT=4.1611
  m063 vel4  MRSTFT=3.9420
  m063 vel5  MRSTFT=2.9942
  m063 vel6  MRSTFT=2.3388
  m063 vel7  MRSTFT=1.8080
  m064 vel0  MRSTFT=3.2583
  m064 vel1  MRSTFT=4.1124
  m064 vel2  MRSTFT=3.2795
  m064 vel3  MRSTFT=2.6049
  m064 vel4  MRSTFT=2.2646
  m064 vel5  MRSTFT=1.9404
  m064 vel6  MRSTFT=1.8558
  m064 vel7  MRSTFT=1.9802
  m065 vel0  MRSTFT=3.0476
  m065 vel1  MRSTFT=4.5696
  m065 vel2  MRSTFT=3.5267
  m065 vel3  MRSTFT=3.0184
  m065 vel4  MRSTFT=2.1938
  m065 vel5  MRSTFT=1.8489
  m065 vel6  MRSTFT=1.6824
  m065 vel7  MRSTFT=2.1745
  m066 vel0  MRSTFT=4.2025
  m066 vel1  MRSTFT=4.5183
  m066 vel2  MRSTFT=3.8939
  m066 vel3  MRSTFT=3.4039
  m066 vel4  MRSTFT=2.7142
  m066 vel5  MRSTFT=2.2162
  m066 vel6  MRSTFT=1.8364
  m066 vel7  MRSTFT=1.7034
  m067 vel0  MRSTFT=3.7865
  m067 vel1  MRSTFT=5.9045
  m067 vel2  MRSTFT=3.9358
  m067 vel3  MRSTFT=3.2196
  m067 vel4  MRSTFT=2.6215
  m067 vel5  MRSTFT=2.3478
  m067 vel6  MRSTFT=1.7370
  m067 vel7  MRSTFT=3.1593
  m068 vel0  MRSTFT=3.1196
  m068 vel1  MRSTFT=4.5842
  m068 vel2  MRSTFT=3.2716
  m068 vel3  MRSTFT=2.6237
  m068 vel4  MRSTFT=2.0549
  m068 vel5  MRSTFT=1.7931
  m068 vel6  MRSTFT=1.6096
  m068 vel7  MRSTFT=1.6567
  m069 vel0  MRSTFT=7.5321
  m069 vel1  MRSTFT=9.3789
  m069 vel2  MRSTFT=7.3825
  m069 vel3  MRSTFT=5.8635
  m069 vel4  MRSTFT=4.5152
  m069 vel5  MRSTFT=3.3325
  m069 vel6  MRSTFT=2.7321
  m069 vel7  MRSTFT=1.7694
  m070 vel0  MRSTFT=3.7111
  m070 vel1  MRSTFT=5.6024
  m070 vel2  MRSTFT=4.4057
  m070 vel3  MRSTFT=3.6819
  m070 vel4  MRSTFT=2.5726
  m070 vel5  MRSTFT=2.0204
  m070 vel6  MRSTFT=1.6637
  m070 vel7  MRSTFT=1.4938
  m071 vel0  MRSTFT=4.8800
  m071 vel1  MRSTFT=5.6005
  m071 vel2  MRSTFT=2.9103
  m071 vel3  MRSTFT=2.5874
  m071 vel4  MRSTFT=1.9106
  m071 vel5  MRSTFT=1.5996
  m071 vel6  MRSTFT=1.3320
  m071 vel7  MRSTFT=1.4798
  m072 vel0  MRSTFT=3.7281
  m072 vel1  MRSTFT=4.0728
  m072 vel2  MRSTFT=2.5137
  m072 vel3  MRSTFT=2.2799
  m072 vel4  MRSTFT=1.7073
  m072 vel5  MRSTFT=1.4889
  m072 vel6  MRSTFT=1.4235
  m072 vel7  MRSTFT=1.5860
  m073 vel0  MRSTFT=6.1955
  m073 vel1  MRSTFT=7.9823
  m073 vel2  MRSTFT=7.3750
  m073 vel3  MRSTFT=6.6131
  m073 vel4  MRSTFT=4.6580
  m073 vel5  MRSTFT=3.5076
  m073 vel6  MRSTFT=2.9919
  m073 vel7  MRSTFT=4.2629
  m074 vel0  MRSTFT=3.3533
  m074 vel1  MRSTFT=3.6657
  m074 vel2  MRSTFT=3.2281
  m074 vel3  MRSTFT=2.4674
  m074 vel4  MRSTFT=2.1102
  m074 vel5  MRSTFT=4.2697
  m074 vel6  MRSTFT=1.4626
  m074 vel7  MRSTFT=6.5257
  m075 vel0  MRSTFT=4.3416
  m075 vel1  MRSTFT=5.1669
  m075 vel2  MRSTFT=4.9502
  m075 vel3  MRSTFT=4.1099
  m075 vel4  MRSTFT=3.0738
  m075 vel5  MRSTFT=3.3513
  m075 vel6  MRSTFT=1.7048
  m075 vel7  MRSTFT=1.6061
  m076 vel0  MRSTFT=4.6961
  m076 vel1  MRSTFT=5.8753
  m076 vel2  MRSTFT=4.6739
  m076 vel3  MRSTFT=4.0851
  m076 vel4  MRSTFT=2.5527
  m076 vel5  MRSTFT=2.0355
  m076 vel6  MRSTFT=1.6919
  m076 vel7  MRSTFT=1.9560
  m077 vel0  MRSTFT=5.9518
  m077 vel1  MRSTFT=6.7961
  m077 vel2  MRSTFT=5.1272
  m077 vel3  MRSTFT=3.8144
  m077 vel4  MRSTFT=3.1187
  m077 vel5  MRSTFT=4.3760
  m077 vel6  MRSTFT=1.7824
  m077 vel7  MRSTFT=5.0313
  m078 vel0  MRSTFT=5.0816
  m078 vel1  MRSTFT=6.8773
  m078 vel2  MRSTFT=5.2730
  m078 vel3  MRSTFT=3.9143
  m078 vel4  MRSTFT=3.1085
  m078 vel5  MRSTFT=2.2751
  m078 vel6  MRSTFT=1.5867
  m078 vel7  MRSTFT=4.2774
  m079 vel0  MRSTFT=7.5699
  m079 vel1  MRSTFT=7.4100
  m079 vel2  MRSTFT=9.3639
  m079 vel3  MRSTFT=7.7846
  m079 vel4  MRSTFT=6.1966
  m079 vel5  MRSTFT=4.6833
  m079 vel6  MRSTFT=2.8462
  m079 vel7  MRSTFT=2.9843
  m080 vel0  MRSTFT=10.0557
  m080 vel1  MRSTFT=10.6488
  m080 vel2  MRSTFT=9.5123
  m080 vel3  MRSTFT=6.6486
  m080 vel4  MRSTFT=5.0679
  m080 vel5  MRSTFT=3.7109
  m080 vel6  MRSTFT=2.7682
  m080 vel7  MRSTFT=4.4335
  m081 vel0  MRSTFT=6.1571
  m081 vel1  MRSTFT=6.3226
  m081 vel2  MRSTFT=4.1506
  m081 vel3  MRSTFT=3.2764
  m081 vel4  MRSTFT=2.4434
  m081 vel5  MRSTFT=1.8568
  m081 vel6  MRSTFT=1.3972
  m081 vel7  MRSTFT=6.4677
  m082 vel0  MRSTFT=6.8003
  m082 vel1  MRSTFT=7.6206
  m082 vel2  MRSTFT=7.6167
  m082 vel3  MRSTFT=4.8725
  m082 vel4  MRSTFT=3.3947
  m082 vel5  MRSTFT=2.3281
  m082 vel6  MRSTFT=1.6231
  m082 vel7  MRSTFT=1.5553
  m083 vel0  MRSTFT=7.2649
  m083 vel1  MRSTFT=10.0979
  m083 vel2  MRSTFT=9.2897
  m083 vel3  MRSTFT=6.8211
  m083 vel4  MRSTFT=4.5600
  m083 vel5  MRSTFT=3.4006
  m083 vel6  MRSTFT=2.9459
  m083 vel7  MRSTFT=4.5017
  m084 vel0  MRSTFT=10.3363
  m084 vel1  MRSTFT=12.2135
  m084 vel2  MRSTFT=12.4772
  m084 vel3  MRSTFT=8.3762
  m084 vel4  MRSTFT=6.8005
  m084 vel5  MRSTFT=4.7118
  m084 vel6  MRSTFT=3.0449
  m084 vel7  MRSTFT=1.9498
  m085 vel0  MRSTFT=7.9788
  m085 vel1  MRSTFT=11.3221
  m085 vel2  MRSTFT=6.8520
  m085 vel3  MRSTFT=4.4147
  m085 vel4  MRSTFT=2.6987
  m085 vel5  MRSTFT=1.9004
  m085 vel6  MRSTFT=1.5752
  m085 vel7  MRSTFT=6.8917
  m086 vel0  MRSTFT=8.6953
  m086 vel1  MRSTFT=10.7353
  m086 vel2  MRSTFT=8.5750
  m086 vel3  MRSTFT=5.8176
  m086 vel4  MRSTFT=4.4746
  m086 vel5  MRSTFT=3.2032
  m086 vel6  MRSTFT=2.2732
  m086 vel7  MRSTFT=2.5747
  m087 vel0  MRSTFT=10.8663
  m087 vel1  MRSTFT=9.8159
  m087 vel2  MRSTFT=22.9494
  m087 vel3  MRSTFT=17.2460
  m087 vel4  MRSTFT=15.4889
  m087 vel5  MRSTFT=12.8083
  m087 vel6  MRSTFT=7.4522
  m087 vel7  MRSTFT=3.8857
  m088 vel0  MRSTFT=10.2321
  m088 vel1  MRSTFT=8.7483
  m088 vel2  MRSTFT=8.4483
  m088 vel3  MRSTFT=5.6032
  m088 vel4  MRSTFT=4.2109
  m088 vel5  MRSTFT=3.4529
  m088 vel6  MRSTFT=1.9101
  m088 vel7  MRSTFT=5.4778
  m089 vel0  MRSTFT=8.2464
  m089 vel1  MRSTFT=9.9350
  m089 vel2  MRSTFT=6.6940
  m089 vel3  MRSTFT=4.6939
  m089 vel4  MRSTFT=3.4516
  m089 vel5  MRSTFT=5.2019
  m089 vel6  MRSTFT=1.8178
  m089 vel7  MRSTFT=3.3346
  m090 vel0  MRSTFT=15.4287
  m090 vel1  MRSTFT=17.0641
  m090 vel2  MRSTFT=20.9089
  m090 vel3  MRSTFT=15.2278
  m090 vel4  MRSTFT=11.7212
  m090 vel5  MRSTFT=8.7065
  m090 vel6  MRSTFT=5.4620
  m090 vel7  MRSTFT=4.0107
  m091 vel0  MRSTFT=17.5020
  m091 vel1  MRSTFT=16.4099
  m091 vel2  MRSTFT=14.9479
  m091 vel3  MRSTFT=10.0094
  m091 vel4  MRSTFT=7.1324
  m091 vel5  MRSTFT=5.0452
  m091 vel6  MRSTFT=2.8672
  m091 vel7  MRSTFT=3.6105
  m092 vel0  MRSTFT=11.7466
  m092 vel1  MRSTFT=16.0938
  m092 vel2  MRSTFT=21.0545
  m092 vel3  MRSTFT=11.9409
  m092 vel4  MRSTFT=8.7852
  m092 vel5  MRSTFT=5.8821
  m092 vel6  MRSTFT=5.5117
  m092 vel7  MRSTFT=3.7041
  m093 vel0  MRSTFT=17.2607
  m093 vel1  MRSTFT=16.2847
  m093 vel2  MRSTFT=12.9000
  m093 vel3  MRSTFT=8.6443
  m093 vel4  MRSTFT=5.2192
  m093 vel5  MRSTFT=3.4526
  m093 vel6  MRSTFT=2.6156
  m093 vel7  MRSTFT=2.3484
  m094 vel0  MRSTFT=15.1416
  m094 vel1  MRSTFT=13.5368
  m094 vel2  MRSTFT=17.2228
  m094 vel3  MRSTFT=11.9466
  m094 vel4  MRSTFT=7.2598
  m094 vel5  MRSTFT=5.5975
  m094 vel6  MRSTFT=4.7384
  m094 vel7  MRSTFT=2.6286
  m095 vel0  MRSTFT=18.4107
  m095 vel1  MRSTFT=21.8262
  m095 vel2  MRSTFT=16.4876
  m095 vel3  MRSTFT=11.8161
  m095 vel4  MRSTFT=7.6463
  m095 vel5  MRSTFT=5.7387
  m095 vel6  MRSTFT=4.0963
  m095 vel7  MRSTFT=3.1891
  m096 vel0  MRSTFT=17.0174
  m096 vel1  MRSTFT=17.2984
  m096 vel2  MRSTFT=17.3985
  m096 vel3  MRSTFT=13.6621
  m096 vel4  MRSTFT=8.1181
  m096 vel5  MRSTFT=5.2888
  m096 vel6  MRSTFT=4.2061
  m096 vel7  MRSTFT=2.7850
  m097 vel0  MRSTFT=13.2261
  m097 vel1  MRSTFT=14.9228
  m097 vel2  MRSTFT=19.6718
  m097 vel3  MRSTFT=14.7190
  m097 vel4  MRSTFT=12.6170
  m097 vel5  MRSTFT=7.5125
  m097 vel6  MRSTFT=4.7152
  m097 vel7  MRSTFT=2.6621
  m098 vel0  MRSTFT=12.9227
  m098 vel1  MRSTFT=24.2250
  m098 vel2  MRSTFT=16.2697
  m098 vel3  MRSTFT=13.6877
  m098 vel4  MRSTFT=14.5181
  m098 vel5  MRSTFT=12.3467
  m098 vel6  MRSTFT=9.4218
  m098 vel7  MRSTFT=2.6823
  m099 vel0  MRSTFT=12.0475
  m099 vel1  MRSTFT=14.7142
  m099 vel2  MRSTFT=22.3577
  m099 vel3  MRSTFT=18.8276
  m099 vel4  MRSTFT=14.1263
  m099 vel5  MRSTFT=9.6209
  m099 vel6  MRSTFT=6.4200
  m099 vel7  MRSTFT=2.2962
  m100 vel0  MRSTFT=15.3490
  m100 vel1  MRSTFT=16.6645
  m100 vel2  MRSTFT=20.7346
  m100 vel3  MRSTFT=10.7055
  m100 vel4  MRSTFT=10.5292
  m100 vel5  MRSTFT=12.8819
  m100 vel6  MRSTFT=13.2517
  m100 vel7  MRSTFT=2.2439
  m101 vel0  MRSTFT=17.3827
  m101 vel1  MRSTFT=18.6453
  m101 vel2  MRSTFT=21.3661
  m101 vel3  MRSTFT=16.3597
  m101 vel4  MRSTFT=10.4680
  m101 vel5  MRSTFT=9.1492
  m101 vel6  MRSTFT=9.0994
  m101 vel7  MRSTFT=2.7496
  m102 vel0  MRSTFT=8.4710
  m102 vel1  MRSTFT=13.3130
  m102 vel2  MRSTFT=25.9420
  m102 vel3  MRSTFT=13.0175
  m102 vel4  MRSTFT=13.6917
  m102 vel5  MRSTFT=12.0054
  m102 vel6  MRSTFT=9.7174
  m102 vel7  MRSTFT=2.5447
  m103 vel0  MRSTFT=14.5388
  m103 vel1  MRSTFT=17.0631
  m103 vel2  MRSTFT=27.7158
  m103 vel3  MRSTFT=13.8186
  m103 vel4  MRSTFT=14.0482
  m103 vel5  MRSTFT=12.0464
  m103 vel6  MRSTFT=10.5571
  m103 vel7  MRSTFT=3.1776
  m104 vel0  MRSTFT=14.8892
  m104 vel1  MRSTFT=10.9751
  m104 vel2  MRSTFT=28.1410
  m104 vel3  MRSTFT=14.4641
  m104 vel4  MRSTFT=10.5377
  m104 vel5  MRSTFT=13.2544
  m104 vel6  MRSTFT=9.5132
  m104 vel7  MRSTFT=2.7290
  m105 vel0  MRSTFT=16.2372
  m105 vel1  MRSTFT=7.5591
  m105 vel2  MRSTFT=22.8598
  m105 vel3  MRSTFT=12.8975
  m105 vel4  MRSTFT=11.5140
  m105 vel5  MRSTFT=10.7223
  m105 vel6  MRSTFT=8.1070
  m105 vel7  MRSTFT=3.5076
  m106 vel0  MRSTFT=13.1306
  m106 vel1  MRSTFT=11.9036
  m106 vel2  MRSTFT=25.1085
  m106 vel3  MRSTFT=16.6968
  m106 vel4  MRSTFT=8.3105
  m106 vel5  MRSTFT=12.1785
  m106 vel6  MRSTFT=7.8128
  m106 vel7  MRSTFT=3.5873
  m107 vel0  MRSTFT=8.9466
  m107 vel1  MRSTFT=17.2391
  m107 vel2  MRSTFT=24.8749
  m107 vel3  MRSTFT=17.8279
  m107 vel4  MRSTFT=14.2725
  m107 vel5  MRSTFT=16.0874
  m107 vel6  MRSTFT=10.9535
  m107 vel7  MRSTFT=4.8610
  m108 vel0  MRSTFT=17.6107
  m108 vel1  MRSTFT=20.2632
  m108 vel2  MRSTFT=2.5637
  m108 vel3  MRSTFT=15.2734
  m108 vel4  MRSTFT=2.6424
  m108 vel5  MRSTFT=17.1597
  m108 vel6  MRSTFT=10.4613
  m108 vel7  MRSTFT=3.8655
  ── mean MRSTFT = 5.1804  (704/704 notes) ──
  sample -> m021_vel3.wav
  sample -> m048_vel3.wav
  sample -> m060_vel3.wav
  sample -> m084_vel5.wav
  sample -> m096_vel5.wav
[epoch   40/40] loss=5.1577  lr=1.50e-05  t=223.0s

[epoch 40 eval]
  m021 vel0  MRSTFT=4.4884
  m021 vel1  MRSTFT=5.1337
  m021 vel2  MRSTFT=2.8477
  m021 vel3  MRSTFT=2.3823
  m021 vel4  MRSTFT=2.1441
  m021 vel5  MRSTFT=1.9141
  m021 vel6  MRSTFT=1.9188
  m021 vel7  MRSTFT=2.0775
  m022 vel0  MRSTFT=4.7150
  m022 vel1  MRSTFT=5.0061
  m022 vel2  MRSTFT=3.2470
  m022 vel3  MRSTFT=2.7980
  m022 vel4  MRSTFT=2.3246
  m022 vel5  MRSTFT=2.1181
  m022 vel6  MRSTFT=1.9813
  m022 vel7  MRSTFT=1.9933
  m023 vel0  MRSTFT=2.8589
  m023 vel1  MRSTFT=2.6843
  m023 vel2  MRSTFT=1.9863
  m023 vel3  MRSTFT=1.9063
  m023 vel4  MRSTFT=1.8768
  m023 vel5  MRSTFT=1.7869
  m023 vel6  MRSTFT=1.8123
  m023 vel7  MRSTFT=1.9990
  m024 vel0  MRSTFT=1.9605
  m024 vel1  MRSTFT=1.8823
  m024 vel2  MRSTFT=1.6260
  m024 vel3  MRSTFT=1.5940
  m024 vel4  MRSTFT=1.7259
  m024 vel5  MRSTFT=1.7180
  m024 vel6  MRSTFT=1.7840
  m024 vel7  MRSTFT=1.9529
  m025 vel0  MRSTFT=2.9013
  m025 vel1  MRSTFT=2.5096
  m025 vel2  MRSTFT=1.8320
  m025 vel3  MRSTFT=1.6970
  m025 vel4  MRSTFT=1.6726
  m025 vel5  MRSTFT=1.6191
  m025 vel6  MRSTFT=1.6636
  m025 vel7  MRSTFT=1.9478
  m026 vel0  MRSTFT=2.7472
  m026 vel1  MRSTFT=2.8634
  m026 vel2  MRSTFT=2.2245
  m026 vel3  MRSTFT=1.9606
  m026 vel4  MRSTFT=1.7515
  m026 vel5  MRSTFT=1.6411
  m026 vel6  MRSTFT=1.7120
  m026 vel7  MRSTFT=1.8869
  m027 vel0  MRSTFT=2.6211
  m027 vel1  MRSTFT=3.2547
  m027 vel2  MRSTFT=1.9975
  m027 vel3  MRSTFT=1.8042
  m027 vel4  MRSTFT=1.6598
  m027 vel5  MRSTFT=1.6026
  m027 vel6  MRSTFT=1.6985
  m027 vel7  MRSTFT=1.9230
  m028 vel0  MRSTFT=2.3710
  m028 vel1  MRSTFT=2.8252
  m028 vel2  MRSTFT=2.0101
  m028 vel3  MRSTFT=1.8005
  m028 vel4  MRSTFT=1.7139
  m028 vel5  MRSTFT=1.6856
  m028 vel6  MRSTFT=1.7411
  m028 vel7  MRSTFT=1.9344
  m029 vel0  MRSTFT=2.0493
  m029 vel1  MRSTFT=2.1321
  m029 vel2  MRSTFT=1.8148
  m029 vel3  MRSTFT=1.7021
  m029 vel4  MRSTFT=1.5885
  m029 vel5  MRSTFT=1.6553
  m029 vel6  MRSTFT=1.7111
  m029 vel7  MRSTFT=1.9703
  m030 vel0  MRSTFT=2.2642
  m030 vel1  MRSTFT=2.4822
  m030 vel2  MRSTFT=1.8103
  m030 vel3  MRSTFT=1.6410
  m030 vel4  MRSTFT=1.6007
  m030 vel5  MRSTFT=1.6455
  m030 vel6  MRSTFT=1.7376
  m030 vel7  MRSTFT=2.0296
  m031 vel0  MRSTFT=2.6998
  m031 vel1  MRSTFT=2.7456
  m031 vel2  MRSTFT=1.7266
  m031 vel3  MRSTFT=1.6009
  m031 vel4  MRSTFT=1.5306
  m031 vel5  MRSTFT=1.5751
  m031 vel6  MRSTFT=1.6362
  m031 vel7  MRSTFT=1.9274
  m032 vel0  MRSTFT=2.6464
  m032 vel1  MRSTFT=2.7951
  m032 vel2  MRSTFT=1.9677
  m032 vel3  MRSTFT=1.6930
  m032 vel4  MRSTFT=1.6109
  m032 vel5  MRSTFT=1.5433
  m032 vel6  MRSTFT=1.5878
  m032 vel7  MRSTFT=1.8017
  m033 vel0  MRSTFT=3.5574
  m033 vel1  MRSTFT=3.6641
  m033 vel2  MRSTFT=2.7921
  m033 vel3  MRSTFT=2.4091
  m033 vel4  MRSTFT=2.1345
  m033 vel5  MRSTFT=1.8711
  m033 vel6  MRSTFT=1.6983
  m033 vel7  MRSTFT=1.7911
  m034 vel0  MRSTFT=3.3264
  m034 vel1  MRSTFT=3.7504
  m034 vel2  MRSTFT=2.7848
  m034 vel3  MRSTFT=2.4660
  m034 vel4  MRSTFT=2.1946
  m034 vel5  MRSTFT=1.8790
  m034 vel6  MRSTFT=1.7339
  m034 vel7  MRSTFT=1.8202
  m035 vel0  MRSTFT=3.1957
  m035 vel1  MRSTFT=3.5850
  m035 vel2  MRSTFT=2.3774
  m035 vel3  MRSTFT=2.1522
  m035 vel4  MRSTFT=1.9192
  m035 vel5  MRSTFT=1.7502
  m035 vel6  MRSTFT=1.7037
  m035 vel7  MRSTFT=1.7999
  m036 vel0  MRSTFT=2.7139
  m036 vel1  MRSTFT=3.1617
  m036 vel2  MRSTFT=2.2931
  m036 vel3  MRSTFT=1.9569
  m036 vel4  MRSTFT=1.7747
  m036 vel5  MRSTFT=1.6083
  m036 vel6  MRSTFT=1.5455
  m036 vel7  MRSTFT=1.7962
  m037 vel0  MRSTFT=3.3747
  m037 vel1  MRSTFT=3.3470
  m037 vel2  MRSTFT=2.4913
  m037 vel3  MRSTFT=2.1611
  m037 vel4  MRSTFT=1.8631
  m037 vel5  MRSTFT=1.6742
  m037 vel6  MRSTFT=1.5912
  m037 vel7  MRSTFT=1.8850
  m038 vel0  MRSTFT=3.0557
  m038 vel1  MRSTFT=2.8861
  m038 vel2  MRSTFT=2.3570
  m038 vel3  MRSTFT=2.0504
  m038 vel4  MRSTFT=1.8822
  m038 vel5  MRSTFT=1.6940
  m038 vel6  MRSTFT=1.6322
  m038 vel7  MRSTFT=1.8418
  m039 vel0  MRSTFT=2.3076
  m039 vel1  MRSTFT=2.7316
  m039 vel2  MRSTFT=2.0818
  m039 vel3  MRSTFT=1.9041
  m039 vel4  MRSTFT=1.6969
  m039 vel5  MRSTFT=1.5705
  m039 vel6  MRSTFT=1.6234
  m039 vel7  MRSTFT=1.9091
  m040 vel0  MRSTFT=1.8098
  m040 vel1  MRSTFT=1.9549
  m040 vel2  MRSTFT=1.7350
  m040 vel3  MRSTFT=1.5605
  m040 vel4  MRSTFT=1.4575
  m040 vel5  MRSTFT=1.4662
  m040 vel6  MRSTFT=1.5354
  m040 vel7  MRSTFT=1.9313
  m041 vel0  MRSTFT=2.0194
  m041 vel1  MRSTFT=2.4101
  m041 vel2  MRSTFT=1.9725
  m041 vel3  MRSTFT=1.8469
  m041 vel4  MRSTFT=1.5427
  m041 vel5  MRSTFT=1.4826
  m041 vel6  MRSTFT=1.5554
  m041 vel7  MRSTFT=1.8392
  m042 vel0  MRSTFT=2.1234
  m042 vel1  MRSTFT=2.2494
  m042 vel2  MRSTFT=1.7911
  m042 vel3  MRSTFT=1.4920
  m042 vel4  MRSTFT=1.4742
  m042 vel5  MRSTFT=1.5011
  m042 vel6  MRSTFT=1.5587
  m042 vel7  MRSTFT=1.8083
  m043 vel0  MRSTFT=1.4760
  m043 vel1  MRSTFT=1.8768
  m043 vel2  MRSTFT=1.5081
  m043 vel3  MRSTFT=1.5052
  m043 vel4  MRSTFT=1.5164
  m043 vel5  MRSTFT=1.5907
  m043 vel6  MRSTFT=1.6947
  m043 vel7  MRSTFT=1.9208
  m044 vel0  MRSTFT=3.1668
  m044 vel1  MRSTFT=3.0592
  m044 vel2  MRSTFT=2.3729
  m044 vel3  MRSTFT=2.1841
  m044 vel4  MRSTFT=1.9243
  m044 vel5  MRSTFT=1.7328
  m044 vel6  MRSTFT=1.6604
  m044 vel7  MRSTFT=1.8945
  m045 vel0  MRSTFT=3.4739
  m045 vel1  MRSTFT=4.0044
  m045 vel2  MRSTFT=3.0636
  m045 vel3  MRSTFT=2.6790
  m045 vel4  MRSTFT=2.2955
  m045 vel5  MRSTFT=2.0353
  m045 vel6  MRSTFT=1.9062
  m045 vel7  MRSTFT=1.9706
  m046 vel0  MRSTFT=3.1023
  m046 vel1  MRSTFT=3.7618
  m046 vel2  MRSTFT=2.8539
  m046 vel3  MRSTFT=2.5279
  m046 vel4  MRSTFT=2.2252
  m046 vel5  MRSTFT=1.9321
  m046 vel6  MRSTFT=1.8217
  m046 vel7  MRSTFT=1.9547
  m047 vel0  MRSTFT=3.2857
  m047 vel1  MRSTFT=3.5696
  m047 vel2  MRSTFT=3.1873
  m047 vel3  MRSTFT=2.8864
  m047 vel4  MRSTFT=2.2991
  m047 vel5  MRSTFT=2.1188
  m047 vel6  MRSTFT=1.8494
  m047 vel7  MRSTFT=1.9353
  m048 vel0  MRSTFT=3.1895
  m048 vel1  MRSTFT=3.1680
  m048 vel2  MRSTFT=2.8069
  m048 vel3  MRSTFT=2.5064
  m048 vel4  MRSTFT=2.1847
  m048 vel5  MRSTFT=1.9328
  m048 vel6  MRSTFT=1.8084
  m048 vel7  MRSTFT=2.0283
  m049 vel0  MRSTFT=4.4110
  m049 vel1  MRSTFT=4.2276
  m049 vel2  MRSTFT=2.7402
  m049 vel3  MRSTFT=2.3932
  m049 vel4  MRSTFT=2.0504
  m049 vel5  MRSTFT=1.8820
  m049 vel6  MRSTFT=1.7586
  m049 vel7  MRSTFT=1.9779
  m050 vel0  MRSTFT=3.4938
  m050 vel1  MRSTFT=3.9675
  m050 vel2  MRSTFT=2.8786
  m050 vel3  MRSTFT=2.5556
  m050 vel4  MRSTFT=2.2139
  m050 vel5  MRSTFT=1.9182
  m050 vel6  MRSTFT=1.8094
  m050 vel7  MRSTFT=1.9520
  m051 vel0  MRSTFT=4.4007
  m051 vel1  MRSTFT=4.4663
  m051 vel2  MRSTFT=3.7613
  m051 vel3  MRSTFT=2.9648
  m051 vel4  MRSTFT=2.5853
  m051 vel5  MRSTFT=2.1928
  m051 vel6  MRSTFT=1.9512
  m051 vel7  MRSTFT=4.2266
  m052 vel0  MRSTFT=3.9068
  m052 vel1  MRSTFT=3.6201
  m052 vel2  MRSTFT=3.0405
  m052 vel3  MRSTFT=2.6911
  m052 vel4  MRSTFT=2.3869
  m052 vel5  MRSTFT=2.1404
  m052 vel6  MRSTFT=2.0257
  m052 vel7  MRSTFT=2.0645
  m053 vel0  MRSTFT=3.7628
  m053 vel1  MRSTFT=4.0442
  m053 vel2  MRSTFT=3.2818
  m053 vel3  MRSTFT=2.9156
  m053 vel4  MRSTFT=2.4928
  m053 vel5  MRSTFT=2.3175
  m053 vel6  MRSTFT=2.2193
  m053 vel7  MRSTFT=2.1782
  m054 vel0  MRSTFT=4.7248
  m054 vel1  MRSTFT=4.8563
  m054 vel2  MRSTFT=3.9611
  m054 vel3  MRSTFT=3.1927
  m054 vel4  MRSTFT=2.9251
  m054 vel5  MRSTFT=2.5367
  m054 vel6  MRSTFT=2.2603
  m054 vel7  MRSTFT=2.2106
  m055 vel0  MRSTFT=4.7139
  m055 vel1  MRSTFT=6.4271
  m055 vel2  MRSTFT=4.3042
  m055 vel3  MRSTFT=3.5719
  m055 vel4  MRSTFT=3.1220
  m055 vel5  MRSTFT=2.6922
  m055 vel6  MRSTFT=2.4210
  m055 vel7  MRSTFT=2.2793
  m056 vel0  MRSTFT=3.0812
  m056 vel1  MRSTFT=3.7021
  m056 vel2  MRSTFT=2.9845
  m056 vel3  MRSTFT=2.7658
  m056 vel4  MRSTFT=2.4196
  m056 vel5  MRSTFT=2.1326
  m056 vel6  MRSTFT=1.9812
  m056 vel7  MRSTFT=2.0962
  m057 vel0  MRSTFT=3.2504
  m057 vel1  MRSTFT=3.8544
  m057 vel2  MRSTFT=3.2333
  m057 vel3  MRSTFT=2.8876
  m057 vel4  MRSTFT=2.5958
  m057 vel5  MRSTFT=2.2763
  m057 vel6  MRSTFT=2.0815
  m057 vel7  MRSTFT=2.0825
  m058 vel0  MRSTFT=4.3288
  m058 vel1  MRSTFT=5.4373
  m058 vel2  MRSTFT=3.9633
  m058 vel3  MRSTFT=3.4065
  m058 vel4  MRSTFT=3.0488
  m058 vel5  MRSTFT=2.5867
  m058 vel6  MRSTFT=2.2599
  m058 vel7  MRSTFT=2.0003
  m059 vel0  MRSTFT=3.9618
  m059 vel1  MRSTFT=4.7831
  m059 vel2  MRSTFT=3.4562
  m059 vel3  MRSTFT=3.0419
  m059 vel4  MRSTFT=2.4528
  m059 vel5  MRSTFT=2.1971
  m059 vel6  MRSTFT=2.0030
  m059 vel7  MRSTFT=2.0146
  m060 vel0  MRSTFT=3.5602
  m060 vel1  MRSTFT=4.3758
  m060 vel2  MRSTFT=3.2222
  m060 vel3  MRSTFT=2.8149
  m060 vel4  MRSTFT=2.5686
  m060 vel5  MRSTFT=2.2853
  m060 vel6  MRSTFT=2.1665
  m060 vel7  MRSTFT=2.2745
  m061 vel0  MRSTFT=4.2489
  m061 vel1  MRSTFT=4.2404
  m061 vel2  MRSTFT=3.5120
  m061 vel3  MRSTFT=3.0618
  m061 vel4  MRSTFT=2.6580
  m061 vel5  MRSTFT=2.2691
  m061 vel6  MRSTFT=2.0421
  m061 vel7  MRSTFT=1.9684
  m062 vel0  MRSTFT=3.8732
  m062 vel1  MRSTFT=4.5082
  m062 vel2  MRSTFT=3.7303
  m062 vel3  MRSTFT=3.2190
  m062 vel4  MRSTFT=2.8557
  m062 vel5  MRSTFT=2.3032
  m062 vel6  MRSTFT=1.9881
  m062 vel7  MRSTFT=1.9285
  m063 vel0  MRSTFT=4.1860
  m063 vel1  MRSTFT=6.7875
  m063 vel2  MRSTFT=5.6403
  m063 vel3  MRSTFT=4.1152
  m063 vel4  MRSTFT=3.8911
  m063 vel5  MRSTFT=2.9441
  m063 vel6  MRSTFT=2.2906
  m063 vel7  MRSTFT=1.7872
  m064 vel0  MRSTFT=3.2278
  m064 vel1  MRSTFT=4.0747
  m064 vel2  MRSTFT=3.2298
  m064 vel3  MRSTFT=2.5557
  m064 vel4  MRSTFT=2.1960
  m064 vel5  MRSTFT=1.8683
  m064 vel6  MRSTFT=1.7765
  m064 vel7  MRSTFT=1.9171
  m065 vel0  MRSTFT=3.0301
  m065 vel1  MRSTFT=4.5497
  m065 vel2  MRSTFT=3.4928
  m065 vel3  MRSTFT=2.9759
  m065 vel4  MRSTFT=2.1489
  m065 vel5  MRSTFT=1.7928
  m065 vel6  MRSTFT=1.6108
  m065 vel7  MRSTFT=2.1315
  m066 vel0  MRSTFT=4.1988
  m066 vel1  MRSTFT=4.5099
  m066 vel2  MRSTFT=3.8776
  m066 vel3  MRSTFT=3.3870
  m066 vel4  MRSTFT=2.6901
  m066 vel5  MRSTFT=2.1889
  m066 vel6  MRSTFT=1.8047
  m066 vel7  MRSTFT=1.6841
  m067 vel0  MRSTFT=3.7819
  m067 vel1  MRSTFT=5.8966
  m067 vel2  MRSTFT=3.9160
  m067 vel3  MRSTFT=3.1942
  m067 vel4  MRSTFT=2.5931
  m067 vel5  MRSTFT=2.3173
  m067 vel6  MRSTFT=1.6995
  m067 vel7  MRSTFT=3.1331
  m068 vel0  MRSTFT=3.1238
  m068 vel1  MRSTFT=4.5880
  m068 vel2  MRSTFT=3.2674
  m068 vel3  MRSTFT=2.6161
  m068 vel4  MRSTFT=2.0444
  m068 vel5  MRSTFT=1.7798
  m068 vel6  MRSTFT=1.5981
  m068 vel7  MRSTFT=1.6453
  m069 vel0  MRSTFT=7.5349
  m069 vel1  MRSTFT=9.3772
  m069 vel2  MRSTFT=7.3703
  m069 vel3  MRSTFT=5.8458
  m069 vel4  MRSTFT=4.4929
  m069 vel5  MRSTFT=3.3041
  m069 vel6  MRSTFT=2.6975
  m069 vel7  MRSTFT=1.7475
  m070 vel0  MRSTFT=3.7149
  m070 vel1  MRSTFT=5.6037
  m070 vel2  MRSTFT=4.4019
  m070 vel3  MRSTFT=3.6752
  m070 vel4  MRSTFT=2.5595
  m070 vel5  MRSTFT=2.0048
  m070 vel6  MRSTFT=1.6462
  m070 vel7  MRSTFT=1.4873
  m071 vel0  MRSTFT=4.8829
  m071 vel1  MRSTFT=5.6019
  m071 vel2  MRSTFT=2.9065
  m071 vel3  MRSTFT=2.5815
  m071 vel4  MRSTFT=1.9010
  m071 vel5  MRSTFT=1.5901
  m071 vel6  MRSTFT=1.3213
  m071 vel7  MRSTFT=1.4654
  m072 vel0  MRSTFT=3.7358
  m072 vel1  MRSTFT=4.0745
  m072 vel2  MRSTFT=2.5092
  m072 vel3  MRSTFT=2.2742
  m072 vel4  MRSTFT=1.7002
  m072 vel5  MRSTFT=1.4815
  m072 vel6  MRSTFT=1.4145
  m072 vel7  MRSTFT=1.5761
  m073 vel0  MRSTFT=6.2002
  m073 vel1  MRSTFT=7.9850
  m073 vel2  MRSTFT=7.3717
  m073 vel3  MRSTFT=6.6095
  m073 vel4  MRSTFT=4.6516
  m073 vel5  MRSTFT=3.5016
  m073 vel6  MRSTFT=2.9866
  m073 vel7  MRSTFT=4.2299
  m074 vel0  MRSTFT=3.3546
  m074 vel1  MRSTFT=3.6634
  m074 vel2  MRSTFT=3.2248
  m074 vel3  MRSTFT=2.4615
  m074 vel4  MRSTFT=2.1062
  m074 vel5  MRSTFT=4.2397
  m074 vel6  MRSTFT=1.4610
  m074 vel7  MRSTFT=6.4797
  m075 vel0  MRSTFT=4.3477
  m075 vel1  MRSTFT=5.1681
  m075 vel2  MRSTFT=4.9475
  m075 vel3  MRSTFT=4.1080
  m075 vel4  MRSTFT=3.0700
  m075 vel5  MRSTFT=3.3355
  m075 vel6  MRSTFT=1.7025
  m075 vel7  MRSTFT=1.5989
  m076 vel0  MRSTFT=4.7048
  m076 vel1  MRSTFT=5.8811
  m076 vel2  MRSTFT=4.6771
  m076 vel3  MRSTFT=4.0895
  m076 vel4  MRSTFT=2.5592
  m076 vel5  MRSTFT=2.0420
  m076 vel6  MRSTFT=1.6994
  m076 vel7  MRSTFT=1.9669
  m077 vel0  MRSTFT=5.9546
  m077 vel1  MRSTFT=6.7964
  m077 vel2  MRSTFT=5.1253
  m077 vel3  MRSTFT=3.8095
  m077 vel4  MRSTFT=3.1180
  m077 vel5  MRSTFT=4.3496
  m077 vel6  MRSTFT=1.7886
  m077 vel7  MRSTFT=4.9977
  m078 vel0  MRSTFT=5.0835
  m078 vel1  MRSTFT=6.8765
  m078 vel2  MRSTFT=5.2698
  m078 vel3  MRSTFT=3.9107
  m078 vel4  MRSTFT=3.1073
  m078 vel5  MRSTFT=2.2785
  m078 vel6  MRSTFT=1.5893
  m078 vel7  MRSTFT=4.2438
  m079 vel0  MRSTFT=7.5765
  m079 vel1  MRSTFT=7.4135
  m079 vel2  MRSTFT=9.3655
  m079 vel3  MRSTFT=7.7859
  m079 vel4  MRSTFT=6.1980
  m079 vel5  MRSTFT=4.6879
  m079 vel6  MRSTFT=2.8545
  m079 vel7  MRSTFT=2.9675
  m080 vel0  MRSTFT=10.0563
  m080 vel1  MRSTFT=10.6459
  m080 vel2  MRSTFT=9.5086
  m080 vel3  MRSTFT=6.6451
  m080 vel4  MRSTFT=5.0673
  m080 vel5  MRSTFT=3.7126
  m080 vel6  MRSTFT=2.7718
  m080 vel7  MRSTFT=4.3999
  m081 vel0  MRSTFT=6.1569
  m081 vel1  MRSTFT=6.3189
  m081 vel2  MRSTFT=4.1460
  m081 vel3  MRSTFT=3.2726
  m081 vel4  MRSTFT=2.4397
  m081 vel5  MRSTFT=1.8551
  m081 vel6  MRSTFT=1.4025
  m081 vel7  MRSTFT=6.4210
  m082 vel0  MRSTFT=6.8014
  m082 vel1  MRSTFT=7.6201
  m082 vel2  MRSTFT=7.6147
  m082 vel3  MRSTFT=4.8720
  m082 vel4  MRSTFT=3.3962
  m082 vel5  MRSTFT=2.3332
  m082 vel6  MRSTFT=1.6299
  m082 vel7  MRSTFT=1.5654
  m083 vel0  MRSTFT=7.2608
  m083 vel1  MRSTFT=10.0958
  m083 vel2  MRSTFT=9.2883
  m083 vel3  MRSTFT=6.8196
  m083 vel4  MRSTFT=4.5605
  m083 vel5  MRSTFT=3.4022
  m083 vel6  MRSTFT=2.9475
  m083 vel7  MRSTFT=4.4740
  m084 vel0  MRSTFT=10.3357
  m084 vel1  MRSTFT=12.2139
  m084 vel2  MRSTFT=12.4762
  m084 vel3  MRSTFT=8.3756
  m084 vel4  MRSTFT=6.7999
  m084 vel5  MRSTFT=4.7128
  m084 vel6  MRSTFT=3.0472
  m084 vel7  MRSTFT=1.8800
  m085 vel0  MRSTFT=7.9775
  m085 vel1  MRSTFT=11.3207
  m085 vel2  MRSTFT=6.8485
  m085 vel3  MRSTFT=4.4112
  m085 vel4  MRSTFT=2.6942
  m085 vel5  MRSTFT=1.8981
  m085 vel6  MRSTFT=1.5779
  m085 vel7  MRSTFT=7.0063
  m086 vel0  MRSTFT=8.6940
  m086 vel1  MRSTFT=10.7340
  m086 vel2  MRSTFT=8.5710
  m086 vel3  MRSTFT=5.8139
  m086 vel4  MRSTFT=4.4716
  m086 vel5  MRSTFT=3.2000
  m086 vel6  MRSTFT=2.2731
  m086 vel7  MRSTFT=2.4581
  m087 vel0  MRSTFT=10.8651
  m087 vel1  MRSTFT=9.8165
  m087 vel2  MRSTFT=22.9508
  m087 vel3  MRSTFT=17.2467
  m087 vel4  MRSTFT=15.4886
  m087 vel5  MRSTFT=12.8047
  m087 vel6  MRSTFT=7.4447
  m087 vel7  MRSTFT=3.8108
  m088 vel0  MRSTFT=10.2330
  m088 vel1  MRSTFT=8.7494
  m088 vel2  MRSTFT=8.4469
  m088 vel3  MRSTFT=5.6042
  m088 vel4  MRSTFT=4.2132
  m088 vel5  MRSTFT=3.4519
  m088 vel6  MRSTFT=1.9151
  m088 vel7  MRSTFT=5.3408
  m089 vel0  MRSTFT=8.2489
  m089 vel1  MRSTFT=9.9358
  m089 vel2  MRSTFT=6.6940
  m089 vel3  MRSTFT=4.6912
  m089 vel4  MRSTFT=3.4525
  m089 vel5  MRSTFT=5.1971
  m089 vel6  MRSTFT=1.8238
  m089 vel7  MRSTFT=3.4271
  m090 vel0  MRSTFT=15.4296
  m090 vel1  MRSTFT=17.0657
  m090 vel2  MRSTFT=20.9117
  m090 vel3  MRSTFT=15.2321
  m090 vel4  MRSTFT=11.7240
  m090 vel5  MRSTFT=8.7113
  m090 vel6  MRSTFT=5.4644
  m090 vel7  MRSTFT=4.0735
  m091 vel0  MRSTFT=17.5033
  m091 vel1  MRSTFT=16.4119
  m091 vel2  MRSTFT=14.9505
  m091 vel3  MRSTFT=10.0121
  m091 vel4  MRSTFT=7.1363
  m091 vel5  MRSTFT=5.0535
  m091 vel6  MRSTFT=2.8756
  m091 vel7  MRSTFT=3.6282
  m092 vel0  MRSTFT=11.7457
  m092 vel1  MRSTFT=16.0919
  m092 vel2  MRSTFT=21.0552
  m092 vel3  MRSTFT=11.9432
  m092 vel4  MRSTFT=8.7887
  m092 vel5  MRSTFT=5.8906
  m092 vel6  MRSTFT=5.4588
  m092 vel7  MRSTFT=3.7034
  m093 vel0  MRSTFT=17.2631
  m093 vel1  MRSTFT=16.2851
  m093 vel2  MRSTFT=12.9066
  m093 vel3  MRSTFT=8.6517
  m093 vel4  MRSTFT=5.2302
  m093 vel5  MRSTFT=3.4587
  m093 vel6  MRSTFT=2.5433
  m093 vel7  MRSTFT=2.3538
  m094 vel0  MRSTFT=15.1436
  m094 vel1  MRSTFT=13.5397
  m094 vel2  MRSTFT=17.2300
  m094 vel3  MRSTFT=11.9566
  m094 vel4  MRSTFT=7.2716
  m094 vel5  MRSTFT=5.6091
  m094 vel6  MRSTFT=4.6418
  m094 vel7  MRSTFT=2.6181
  m095 vel0  MRSTFT=18.4168
  m095 vel1  MRSTFT=21.8335
  m095 vel2  MRSTFT=16.4959
  m095 vel3  MRSTFT=11.8237
  m095 vel4  MRSTFT=7.6557
  m095 vel5  MRSTFT=5.7483
  m095 vel6  MRSTFT=3.9890
  m095 vel7  MRSTFT=3.1659
  m096 vel0  MRSTFT=17.0175
  m096 vel1  MRSTFT=17.2994
  m096 vel2  MRSTFT=17.4046
  m096 vel3  MRSTFT=13.6688
  m096 vel4  MRSTFT=8.1268
  m096 vel5  MRSTFT=5.2976
  m096 vel6  MRSTFT=4.0852
  m096 vel7  MRSTFT=2.7865
  m097 vel0  MRSTFT=13.2236
  m097 vel1  MRSTFT=14.9171
  m097 vel2  MRSTFT=19.6691
  m097 vel3  MRSTFT=14.7170
  m097 vel4  MRSTFT=12.6207
  m097 vel5  MRSTFT=7.5164
  m097 vel6  MRSTFT=4.5898
  m097 vel7  MRSTFT=2.6112
  m098 vel0  MRSTFT=12.9213
  m098 vel1  MRSTFT=24.2267
  m098 vel2  MRSTFT=16.2704
  m098 vel3  MRSTFT=13.6915
  m098 vel4  MRSTFT=14.5192
  m098 vel5  MRSTFT=12.3468
  m098 vel6  MRSTFT=9.3122
  m098 vel7  MRSTFT=2.6676
  m099 vel0  MRSTFT=12.0510
  m099 vel1  MRSTFT=14.7128
  m099 vel2  MRSTFT=22.3663
  m099 vel3  MRSTFT=18.8356
  m099 vel4  MRSTFT=14.1323
  m099 vel5  MRSTFT=9.6174
  m099 vel6  MRSTFT=6.3082
  m099 vel7  MRSTFT=2.2522
  m100 vel0  MRSTFT=15.3471
  m100 vel1  MRSTFT=16.6615
  m100 vel2  MRSTFT=20.7310
  m100 vel3  MRSTFT=10.7026
  m100 vel4  MRSTFT=10.5257
  m100 vel5  MRSTFT=12.8792
  m100 vel6  MRSTFT=13.1445
  m100 vel7  MRSTFT=2.1933
  m101 vel0  MRSTFT=17.3783
  m101 vel1  MRSTFT=18.6396
  m101 vel2  MRSTFT=21.3652
  m101 vel3  MRSTFT=16.3553
  m101 vel4  MRSTFT=10.4643
  m101 vel5  MRSTFT=9.1448
  m101 vel6  MRSTFT=9.1531
  m101 vel7  MRSTFT=2.7089
  m102 vel0  MRSTFT=8.4690
  m102 vel1  MRSTFT=13.3118
  m102 vel2  MRSTFT=25.9317
  m102 vel3  MRSTFT=13.0113
  m102 vel4  MRSTFT=13.6854
  m102 vel5  MRSTFT=12.0068
  m102 vel6  MRSTFT=9.6141
  m102 vel7  MRSTFT=2.5133
  m103 vel0  MRSTFT=14.5336
  m103 vel1  MRSTFT=17.0543
  m103 vel2  MRSTFT=27.7053
  m103 vel3  MRSTFT=13.8106
  m103 vel4  MRSTFT=14.0422
  m103 vel5  MRSTFT=12.0431
  m103 vel6  MRSTFT=10.5926
  m103 vel7  MRSTFT=3.1270
  m104 vel0  MRSTFT=14.8895
  m104 vel1  MRSTFT=10.9668
  m104 vel2  MRSTFT=28.1261
  m104 vel3  MRSTFT=14.4456
  m104 vel4  MRSTFT=10.5207
  m104 vel5  MRSTFT=13.2529
  m104 vel6  MRSTFT=9.4331
  m104 vel7  MRSTFT=2.6289
  m105 vel0  MRSTFT=16.2340
  m105 vel1  MRSTFT=7.5441
  m105 vel2  MRSTFT=22.8535
  m105 vel3  MRSTFT=12.8892
  m105 vel4  MRSTFT=11.5069
  m105 vel5  MRSTFT=10.7224
  m105 vel6  MRSTFT=8.0252
  m105 vel7  MRSTFT=3.3968
  m106 vel0  MRSTFT=13.1314
  m106 vel1  MRSTFT=11.9048
  m106 vel2  MRSTFT=25.1105
  m106 vel3  MRSTFT=16.6941
  m106 vel4  MRSTFT=8.3178
  m106 vel5  MRSTFT=12.1802
  m106 vel6  MRSTFT=7.7441
  m106 vel7  MRSTFT=3.5299
  m107 vel0  MRSTFT=8.9491
  m107 vel1  MRSTFT=17.2442
  m107 vel2  MRSTFT=24.8832
  m107 vel3  MRSTFT=17.8336
  m107 vel4  MRSTFT=14.2786
  m107 vel5  MRSTFT=16.0911
  m107 vel6  MRSTFT=10.9110
  m107 vel7  MRSTFT=4.8902
  m108 vel0  MRSTFT=17.6129
  m108 vel1  MRSTFT=20.2686
  m108 vel2  MRSTFT=2.5605
  m108 vel3  MRSTFT=15.2710
  m108 vel4  MRSTFT=2.6424
  m108 vel5  MRSTFT=17.1622
  m108 vel6  MRSTFT=10.4277
  m108 vel7  MRSTFT=3.6857
  ── mean MRSTFT = 5.1562  (704/704 notes) ──
  sample -> m021_vel3.wav
  sample -> m048_vel3.wav
  sample -> m060_vel3.wav
  sample -> m084_vel5.wav
  sample -> m096_vel5.wav

── Restored best model (MRSTFT=5.1428) ──
Saved: analysis/profile-finetuned-demo.pt
