Loading model: analysis/profile.pt
  hidden=64, parameters=99,214
Scanning bank: C:/SoundBanks/IthacaPlayer/ks-grand  pattern=m*-vel*-f44.wav
  Found 704 WAV files
Loading references (duration=3.0s, sr=44100 Hz) …
  Loaded 704 notes

── Fine-tune: 704 reference notes, batch=8, epochs=200, lr=0.0003 ──

[epoch 0 / 200] initial evaluation:
  m021 vel0  MRSTFT=6.1054
  m021 vel1  MRSTFT=6.7006
  m021 vel2  MRSTFT=4.2882
  m021 vel3  MRSTFT=3.7505
  m021 vel4  MRSTFT=3.4277
  m021 vel5  MRSTFT=3.0460
  m021 vel6  MRSTFT=2.8707
  m021 vel7  MRSTFT=2.8235
  m022 vel0  MRSTFT=6.2968
  m022 vel1  MRSTFT=6.4249
  m022 vel2  MRSTFT=4.5979
  m022 vel3  MRSTFT=4.0593
  m022 vel4  MRSTFT=3.5187
  m022 vel5  MRSTFT=3.1663
  m022 vel6  MRSTFT=2.9058
  m022 vel7  MRSTFT=2.7797
  m023 vel0  MRSTFT=4.4512
  m023 vel1  MRSTFT=4.0882
  m023 vel2  MRSTFT=3.2644
  m023 vel3  MRSTFT=3.1382
  m023 vel4  MRSTFT=3.0158
  m023 vel5  MRSTFT=2.7968
  m023 vel6  MRSTFT=2.6881
  m023 vel7  MRSTFT=2.7623
  m024 vel0  MRSTFT=3.4915
  m024 vel1  MRSTFT=3.2554
  m024 vel2  MRSTFT=2.8996
  m024 vel3  MRSTFT=2.7725
  m024 vel4  MRSTFT=2.8092
  m024 vel5  MRSTFT=2.7015
  m024 vel6  MRSTFT=2.6610
  m024 vel7  MRSTFT=2.7337
  m025 vel0  MRSTFT=4.3864
  m025 vel1  MRSTFT=3.8015
  m025 vel2  MRSTFT=3.0339
  m025 vel3  MRSTFT=2.8598
  m025 vel4  MRSTFT=2.6983
  m025 vel5  MRSTFT=2.5387
  m025 vel6  MRSTFT=2.4906
  m025 vel7  MRSTFT=2.6682
  m026 vel0  MRSTFT=4.2334
  m026 vel1  MRSTFT=4.1875
  m026 vel2  MRSTFT=3.4598
  m026 vel3  MRSTFT=3.1278
  m026 vel4  MRSTFT=2.9051
  m026 vel5  MRSTFT=2.7428
  m026 vel6  MRSTFT=2.6790
  m026 vel7  MRSTFT=2.6859
  m027 vel0  MRSTFT=4.2042
  m027 vel1  MRSTFT=4.6546
  m027 vel2  MRSTFT=3.3561
  m027 vel3  MRSTFT=3.0643
  m027 vel4  MRSTFT=2.8407
  m027 vel5  MRSTFT=2.6569
  m027 vel6  MRSTFT=2.6553
  m027 vel7  MRSTFT=2.6918
  m028 vel0  MRSTFT=3.9548
  m028 vel1  MRSTFT=4.2537
  m028 vel2  MRSTFT=3.3217
  m028 vel3  MRSTFT=3.0459
  m028 vel4  MRSTFT=2.8334
  m028 vel5  MRSTFT=2.6927
  m028 vel6  MRSTFT=2.6208
  m028 vel7  MRSTFT=2.6750
  m029 vel0  MRSTFT=3.6822
  m029 vel1  MRSTFT=3.6123
  m029 vel2  MRSTFT=3.0976
  m029 vel3  MRSTFT=2.8878
  m029 vel4  MRSTFT=2.6974
  m029 vel5  MRSTFT=2.6402
  m029 vel6  MRSTFT=2.5863
  m029 vel7  MRSTFT=2.6930
  m030 vel0  MRSTFT=3.9093
  m030 vel1  MRSTFT=3.9362
  m030 vel2  MRSTFT=3.1976
  m030 vel3  MRSTFT=2.9203
  m030 vel4  MRSTFT=2.7667
  m030 vel5  MRSTFT=2.6824
  m030 vel6  MRSTFT=2.6500
  m030 vel7  MRSTFT=2.7484
  m031 vel0  MRSTFT=4.1954
  m031 vel1  MRSTFT=4.1226
  m031 vel2  MRSTFT=3.0768
  m031 vel3  MRSTFT=2.8412
  m031 vel4  MRSTFT=2.6641
  m031 vel5  MRSTFT=2.6041
  m031 vel6  MRSTFT=2.5903
  m031 vel7  MRSTFT=2.7392
  m032 vel0  MRSTFT=4.0779
  m032 vel1  MRSTFT=4.1972
  m032 vel2  MRSTFT=3.2572
  m032 vel3  MRSTFT=2.9095
  m032 vel4  MRSTFT=2.7909
  m032 vel5  MRSTFT=2.6665
  m032 vel6  MRSTFT=2.6097
  m032 vel7  MRSTFT=2.7320
  m033 vel0  MRSTFT=4.9806
  m033 vel1  MRSTFT=4.9225
  m033 vel2  MRSTFT=3.9757
  m033 vel3  MRSTFT=3.5014
  m033 vel4  MRSTFT=3.1896
  m033 vel5  MRSTFT=2.9377
  m033 vel6  MRSTFT=2.7354
  m033 vel7  MRSTFT=2.7996
  m034 vel0  MRSTFT=4.8131
  m034 vel1  MRSTFT=5.1227
  m034 vel2  MRSTFT=4.0353
  m034 vel3  MRSTFT=3.6871
  m034 vel4  MRSTFT=3.3475
  m034 vel5  MRSTFT=3.0661
  m034 vel6  MRSTFT=2.8452
  m034 vel7  MRSTFT=2.8578
  m035 vel0  MRSTFT=4.7457
  m035 vel1  MRSTFT=5.1507
  m035 vel2  MRSTFT=3.9215
  m035 vel3  MRSTFT=3.5755
  m035 vel4  MRSTFT=3.3253
  m035 vel5  MRSTFT=3.0942
  m035 vel6  MRSTFT=3.0041
  m035 vel7  MRSTFT=2.9279
  m036 vel0  MRSTFT=4.4225
  m036 vel1  MRSTFT=4.9078
  m036 vel2  MRSTFT=3.9485
  m036 vel3  MRSTFT=3.6263
  m036 vel4  MRSTFT=3.3486
  m036 vel5  MRSTFT=3.1253
  m036 vel6  MRSTFT=3.0522
  m036 vel7  MRSTFT=3.0377
  m037 vel0  MRSTFT=5.1501
  m037 vel1  MRSTFT=5.1578
  m037 vel2  MRSTFT=4.2498
  m037 vel3  MRSTFT=3.9223
  m037 vel4  MRSTFT=3.5802
  m037 vel5  MRSTFT=3.3670
  m037 vel6  MRSTFT=3.2314
  m037 vel7  MRSTFT=3.1912
  m038 vel0  MRSTFT=4.9444
  m038 vel1  MRSTFT=4.7983
  m038 vel2  MRSTFT=4.2118
  m038 vel3  MRSTFT=3.8870
  m038 vel4  MRSTFT=3.6973
  m038 vel5  MRSTFT=3.4896
  m038 vel6  MRSTFT=3.4232
  m038 vel7  MRSTFT=3.3491
  m039 vel0  MRSTFT=3.9240
  m039 vel1  MRSTFT=4.3936
  m039 vel2  MRSTFT=3.6256
  m039 vel3  MRSTFT=3.4165
  m039 vel4  MRSTFT=3.2562
  m039 vel5  MRSTFT=3.1493
  m039 vel6  MRSTFT=3.2243
  m039 vel7  MRSTFT=3.2465
  m040 vel0  MRSTFT=3.5268
  m040 vel1  MRSTFT=3.6736
  m040 vel2  MRSTFT=3.3610
  m040 vel3  MRSTFT=3.1990
  m040 vel4  MRSTFT=3.0685
  m040 vel5  MRSTFT=3.0752
  m040 vel6  MRSTFT=3.1350
  m040 vel7  MRSTFT=3.1911
  m041 vel0  MRSTFT=3.7960
  m041 vel1  MRSTFT=4.1962
  m041 vel2  MRSTFT=3.7104
  m041 vel3  MRSTFT=3.5547
  m041 vel4  MRSTFT=3.2472
  m041 vel5  MRSTFT=3.1462
  m041 vel6  MRSTFT=3.1876
  m041 vel7  MRSTFT=3.2015
  m042 vel0  MRSTFT=3.8202
  m042 vel1  MRSTFT=4.0231
  m042 vel2  MRSTFT=3.4838
  m042 vel3  MRSTFT=3.2279
  m042 vel4  MRSTFT=3.1696
  m042 vel5  MRSTFT=3.1484
  m042 vel6  MRSTFT=3.1808
  m042 vel7  MRSTFT=3.1994
  m043 vel0  MRSTFT=3.2140
  m043 vel1  MRSTFT=3.5767
  m043 vel2  MRSTFT=3.2074
  m043 vel3  MRSTFT=3.2105
  m043 vel4  MRSTFT=3.2205
  m043 vel5  MRSTFT=3.2894
  m043 vel6  MRSTFT=3.3441
  m043 vel7  MRSTFT=3.3572
  m044 vel0  MRSTFT=4.9140
  m044 vel1  MRSTFT=4.8120
  m044 vel2  MRSTFT=4.0773
  m044 vel3  MRSTFT=3.9248
  m044 vel4  MRSTFT=3.6957
  m044 vel5  MRSTFT=3.4839
  m044 vel6  MRSTFT=3.4386
  m044 vel7  MRSTFT=3.4088
  m045 vel0  MRSTFT=5.1726
  m045 vel1  MRSTFT=5.7554
  m045 vel2  MRSTFT=4.7535
  m045 vel3  MRSTFT=4.4091
  m045 vel4  MRSTFT=4.0702
  m045 vel5  MRSTFT=3.8517
  m045 vel6  MRSTFT=3.6817
  m045 vel7  MRSTFT=3.5305
  m046 vel0  MRSTFT=4.8338
  m046 vel1  MRSTFT=5.5605
  m046 vel2  MRSTFT=4.6584
  m046 vel3  MRSTFT=4.3072
  m046 vel4  MRSTFT=4.0248
  m046 vel5  MRSTFT=3.7577
  m046 vel6  MRSTFT=3.6946
  m046 vel7  MRSTFT=3.5327
  m047 vel0  MRSTFT=4.9141
  m047 vel1  MRSTFT=5.3217
  m047 vel2  MRSTFT=4.9029
  m047 vel3  MRSTFT=4.6594
  m047 vel4  MRSTFT=4.0915
  m047 vel5  MRSTFT=3.8817
  m047 vel6  MRSTFT=3.5642
  m047 vel7  MRSTFT=3.4006
  m048 vel0  MRSTFT=4.7206
  m048 vel1  MRSTFT=4.8581
  m048 vel2  MRSTFT=4.5172
  m048 vel3  MRSTFT=4.2544
  m048 vel4  MRSTFT=3.8851
  m048 vel5  MRSTFT=3.5763
  m048 vel6  MRSTFT=3.4538
  m048 vel7  MRSTFT=3.3735
  m049 vel0  MRSTFT=6.0790
  m049 vel1  MRSTFT=6.0766
  m049 vel2  MRSTFT=4.5359
  m049 vel3  MRSTFT=4.2410
  m049 vel4  MRSTFT=3.8485
  m049 vel5  MRSTFT=3.6564
  m049 vel6  MRSTFT=3.4840
  m049 vel7  MRSTFT=3.3537
  m050 vel0  MRSTFT=5.1035
  m050 vel1  MRSTFT=5.7631
  m050 vel2  MRSTFT=4.6910
  m050 vel3  MRSTFT=4.3615
  m050 vel4  MRSTFT=3.9736
  m050 vel5  MRSTFT=3.6001
  m050 vel6  MRSTFT=3.3903
  m050 vel7  MRSTFT=3.2629
  m051 vel0  MRSTFT=6.0074
  m051 vel1  MRSTFT=6.2807
  m051 vel2  MRSTFT=5.5463
  m051 vel3  MRSTFT=4.7817
  m051 vel4  MRSTFT=4.3779
  m051 vel5  MRSTFT=3.8925
  m051 vel6  MRSTFT=3.6298
  m051 vel7  MRSTFT=6.2035
  m052 vel0  MRSTFT=5.3974
  m052 vel1  MRSTFT=5.2794
  m052 vel2  MRSTFT=4.7194
  m052 vel3  MRSTFT=4.3912
  m052 vel4  MRSTFT=4.0041
  m052 vel5  MRSTFT=3.6382
  m052 vel6  MRSTFT=3.4429
  m052 vel7  MRSTFT=3.2926
  m053 vel0  MRSTFT=5.1768
  m053 vel1  MRSTFT=5.6595
  m053 vel2  MRSTFT=4.8988
  m053 vel3  MRSTFT=4.5215
  m053 vel4  MRSTFT=4.0680
  m053 vel5  MRSTFT=3.8139
  m053 vel6  MRSTFT=3.6667
  m053 vel7  MRSTFT=3.3924
  m054 vel0  MRSTFT=6.0726
  m054 vel1  MRSTFT=6.4540
  m054 vel2  MRSTFT=5.5251
  m054 vel3  MRSTFT=4.7340
  m054 vel4  MRSTFT=4.4258
  m054 vel5  MRSTFT=3.9738
  m054 vel6  MRSTFT=3.6751
  m054 vel7  MRSTFT=3.4385
  m055 vel0  MRSTFT=6.0582
  m055 vel1  MRSTFT=7.9867
  m055 vel2  MRSTFT=5.7799
  m055 vel3  MRSTFT=5.0513
  m055 vel4  MRSTFT=4.5458
  m055 vel5  MRSTFT=4.0214
  m055 vel6  MRSTFT=3.6229
  m055 vel7  MRSTFT=3.4233
  m056 vel0  MRSTFT=4.4867
  m056 vel1  MRSTFT=5.2621
  m056 vel2  MRSTFT=4.5451
  m056 vel3  MRSTFT=4.3684
  m056 vel4  MRSTFT=3.9686
  m056 vel5  MRSTFT=3.6284
  m056 vel6  MRSTFT=3.3923
  m056 vel7  MRSTFT=3.3268
  m057 vel0  MRSTFT=4.6789
  m057 vel1  MRSTFT=5.4465
  m057 vel2  MRSTFT=4.8434
  m057 vel3  MRSTFT=4.5359
  m057 vel4  MRSTFT=4.1727
  m057 vel5  MRSTFT=3.7975
  m057 vel6  MRSTFT=3.5671
  m057 vel7  MRSTFT=3.3822
  m058 vel0  MRSTFT=5.8585
  m058 vel1  MRSTFT=7.1048
  m058 vel2  MRSTFT=5.6121
  m058 vel3  MRSTFT=5.0931
  m058 vel4  MRSTFT=4.7027
  m058 vel5  MRSTFT=4.2439
  m058 vel6  MRSTFT=3.9369
  m058 vel7  MRSTFT=3.5593
  m059 vel0  MRSTFT=5.3973
  m059 vel1  MRSTFT=6.4126
  m059 vel2  MRSTFT=5.0937
  m059 vel3  MRSTFT=4.7104
  m059 vel4  MRSTFT=4.1177
  m059 vel5  MRSTFT=3.8784
  m059 vel6  MRSTFT=3.6461
  m059 vel7  MRSTFT=3.4390
  m060 vel0  MRSTFT=4.8987
  m060 vel1  MRSTFT=5.7914
  m060 vel2  MRSTFT=4.6566
  m060 vel3  MRSTFT=4.2614
  m060 vel4  MRSTFT=4.0485
  m060 vel5  MRSTFT=3.7421
  m060 vel6  MRSTFT=3.5879
  m060 vel7  MRSTFT=3.5446
  m061 vel0  MRSTFT=5.6395
  m061 vel1  MRSTFT=5.7520
  m061 vel2  MRSTFT=5.0429
  m061 vel3  MRSTFT=4.6444
  m061 vel4  MRSTFT=4.2406
  m061 vel5  MRSTFT=3.8260
  m061 vel6  MRSTFT=3.5365
  m061 vel7  MRSTFT=3.3106
  m062 vel0  MRSTFT=5.5057
  m062 vel1  MRSTFT=6.2564
  m062 vel2  MRSTFT=5.5160
  m062 vel3  MRSTFT=5.0437
  m062 vel4  MRSTFT=4.7239
  m062 vel5  MRSTFT=4.2657
  m062 vel6  MRSTFT=3.9796
  m062 vel7  MRSTFT=3.8159
  m063 vel0  MRSTFT=5.7892
  m063 vel1  MRSTFT=8.4806
  m063 vel2  MRSTFT=7.3827
  m063 vel3  MRSTFT=5.9182
  m063 vel4  MRSTFT=5.7290
  m063 vel5  MRSTFT=4.8555
  m063 vel6  MRSTFT=4.1585
  m063 vel7  MRSTFT=3.5062
  m064 vel0  MRSTFT=4.7076
  m064 vel1  MRSTFT=5.6999
  m064 vel2  MRSTFT=4.8961
  m064 vel3  MRSTFT=4.2679
  m064 vel4  MRSTFT=3.9823
  m064 vel5  MRSTFT=3.6816
  m064 vel6  MRSTFT=3.5737
  m064 vel7  MRSTFT=3.6165
  m065 vel0  MRSTFT=5.0613
  m065 vel1  MRSTFT=6.6788
  m065 vel2  MRSTFT=5.6861
  m065 vel3  MRSTFT=5.2735
  m065 vel4  MRSTFT=4.5280
  m065 vel5  MRSTFT=4.1944
  m065 vel6  MRSTFT=3.9774
  m065 vel7  MRSTFT=3.9977
  m066 vel0  MRSTFT=6.1872
  m066 vel1  MRSTFT=6.7881
  m066 vel2  MRSTFT=6.1862
  m066 vel3  MRSTFT=5.6136
  m066 vel4  MRSTFT=4.8981
  m066 vel5  MRSTFT=4.3263
  m066 vel6  MRSTFT=3.8621
  m066 vel7  MRSTFT=3.4576
  m067 vel0  MRSTFT=5.5162
  m067 vel1  MRSTFT=7.8134
  m067 vel2  MRSTFT=5.8971
  m067 vel3  MRSTFT=5.2312
  m067 vel4  MRSTFT=4.6763
  m067 vel5  MRSTFT=4.4123
  m067 vel6  MRSTFT=3.8013
  m067 vel7  MRSTFT=5.3022
  m068 vel0  MRSTFT=4.6740
  m068 vel1  MRSTFT=6.3176
  m068 vel2  MRSTFT=5.0559
  m068 vel3  MRSTFT=4.4543
  m068 vel4  MRSTFT=3.9047
  m068 vel5  MRSTFT=3.6525
  m068 vel6  MRSTFT=3.4443
  m068 vel7  MRSTFT=3.3440
  m069 vel0  MRSTFT=9.0750
  m069 vel1  MRSTFT=11.0962
  m069 vel2  MRSTFT=9.1172
  m069 vel3  MRSTFT=7.6197
  m069 vel4  MRSTFT=6.3261
  m069 vel5  MRSTFT=5.1333
  m069 vel6  MRSTFT=4.5094
  m069 vel7  MRSTFT=3.4899
  m070 vel0  MRSTFT=5.3480
  m070 vel1  MRSTFT=7.3882
  m070 vel2  MRSTFT=6.2606
  m070 vel3  MRSTFT=5.5937
  m070 vel4  MRSTFT=4.4902
  m070 vel5  MRSTFT=3.9521
  m070 vel6  MRSTFT=3.6199
  m070 vel7  MRSTFT=3.3269
  m071 vel0  MRSTFT=6.4944
  m071 vel1  MRSTFT=7.3635
  m071 vel2  MRSTFT=4.7576
  m071 vel3  MRSTFT=4.4659
  m071 vel4  MRSTFT=3.8198
  m071 vel5  MRSTFT=3.5191
  m071 vel6  MRSTFT=3.2696
  m071 vel7  MRSTFT=3.2261
  m072 vel0  MRSTFT=5.4432
  m072 vel1  MRSTFT=5.8494
  m072 vel2  MRSTFT=4.3433
  m072 vel3  MRSTFT=4.1687
  m072 vel4  MRSTFT=3.6380
  m072 vel5  MRSTFT=3.4728
  m072 vel6  MRSTFT=3.3623
  m072 vel7  MRSTFT=3.2613
  m073 vel0  MRSTFT=7.7995
  m073 vel1  MRSTFT=9.6682
  m073 vel2  MRSTFT=9.1427
  m073 vel3  MRSTFT=8.3923
  m073 vel4  MRSTFT=6.4637
  m073 vel5  MRSTFT=5.3236
  m073 vel6  MRSTFT=4.7770
  m073 vel7  MRSTFT=6.0758
  m074 vel0  MRSTFT=5.1618
  m074 vel1  MRSTFT=5.4978
  m074 vel2  MRSTFT=5.1275
  m074 vel3  MRSTFT=4.3828
  m074 vel4  MRSTFT=4.0811
  m074 vel5  MRSTFT=6.1842
  m074 vel6  MRSTFT=3.4737
  m074 vel7  MRSTFT=8.1257
  m075 vel0  MRSTFT=6.0000
  m075 vel1  MRSTFT=6.8428
  m075 vel2  MRSTFT=6.6832
  m075 vel3  MRSTFT=5.8682
  m075 vel4  MRSTFT=4.8805
  m075 vel5  MRSTFT=5.2585
  m075 vel6  MRSTFT=3.5332
  m075 vel7  MRSTFT=3.3897
  m076 vel0  MRSTFT=6.2068
  m076 vel1  MRSTFT=7.5081
  m076 vel2  MRSTFT=6.3726
  m076 vel3  MRSTFT=5.8328
  m076 vel4  MRSTFT=4.3441
  m076 vel5  MRSTFT=3.8387
  m076 vel6  MRSTFT=3.5120
  m076 vel7  MRSTFT=3.6244
  m077 vel0  MRSTFT=7.5420
  m077 vel1  MRSTFT=8.4277
  m077 vel2  MRSTFT=6.8419
  m077 vel3  MRSTFT=5.5404
  m077 vel4  MRSTFT=4.8824
  m077 vel5  MRSTFT=6.1893
  m077 vel6  MRSTFT=3.5805
  m077 vel7  MRSTFT=6.4361
  m078 vel0  MRSTFT=6.6720
  m078 vel1  MRSTFT=8.4707
  m078 vel2  MRSTFT=6.9252
  m078 vel3  MRSTFT=5.5958
  m078 vel4  MRSTFT=4.8053
  m078 vel5  MRSTFT=4.0249
  m078 vel6  MRSTFT=3.3289
  m078 vel7  MRSTFT=5.6853
  m079 vel0  MRSTFT=9.0552
  m079 vel1  MRSTFT=8.8592
  m079 vel2  MRSTFT=10.8920
  m079 vel3  MRSTFT=9.3267
  m079 vel4  MRSTFT=7.7540
  m079 vel5  MRSTFT=6.2601
  m079 vel6  MRSTFT=4.4307
  m079 vel7  MRSTFT=4.4722
  m080 vel0  MRSTFT=11.5509
  m080 vel1  MRSTFT=12.1452
  m080 vel2  MRSTFT=11.0969
  m080 vel3  MRSTFT=8.2025
  m080 vel4  MRSTFT=6.6379
  m080 vel5  MRSTFT=5.3313
  m080 vel6  MRSTFT=4.3914
  m080 vel7  MRSTFT=5.7139
  m081 vel0  MRSTFT=7.7263
  m081 vel1  MRSTFT=7.8657
  m081 vel2  MRSTFT=5.7432
  m081 vel3  MRSTFT=4.9078
  m081 vel4  MRSTFT=4.1055
  m081 vel5  MRSTFT=3.5830
  m081 vel6  MRSTFT=3.1811
  m081 vel7  MRSTFT=7.0481
  m082 vel0  MRSTFT=8.6501
  m082 vel1  MRSTFT=9.3151
  m082 vel2  MRSTFT=9.3443
  m082 vel3  MRSTFT=6.5854
  m082 vel4  MRSTFT=5.1365
  m082 vel5  MRSTFT=4.2066
  m082 vel6  MRSTFT=3.7634
  m082 vel7  MRSTFT=4.0700
  m083 vel0  MRSTFT=8.9901
  m083 vel1  MRSTFT=12.1034
  m083 vel2  MRSTFT=11.5702
  m083 vel3  MRSTFT=9.2199
  m083 vel4  MRSTFT=7.2055
  m083 vel5  MRSTFT=6.2308
  m083 vel6  MRSTFT=6.0458
  m083 vel7  MRSTFT=4.7335
  m084 vel0  MRSTFT=11.6232
  m084 vel1  MRSTFT=13.4902
  m084 vel2  MRSTFT=13.8427
  m084 vel3  MRSTFT=9.7313
  m084 vel4  MRSTFT=8.1884
  m084 vel5  MRSTFT=6.1272
  m084 vel6  MRSTFT=4.4793
  m084 vel7  MRSTFT=3.2331
  m085 vel0  MRSTFT=9.3545
  m085 vel1  MRSTFT=12.6877
  m085 vel2  MRSTFT=8.2497
  m085 vel3  MRSTFT=5.7857
  m085 vel4  MRSTFT=4.1672
  m085 vel5  MRSTFT=3.4381
  m085 vel6  MRSTFT=3.0778
  m085 vel7  MRSTFT=8.3709
  m086 vel0  MRSTFT=10.1193
  m086 vel1  MRSTFT=12.1496
  m086 vel2  MRSTFT=10.0137
  m086 vel3  MRSTFT=7.2601
  m086 vel4  MRSTFT=5.9717
  m086 vel5  MRSTFT=4.7258
  m086 vel6  MRSTFT=3.8257
  m086 vel7  MRSTFT=3.1927
  m087 vel0  MRSTFT=12.2649
  m087 vel1  MRSTFT=11.1734
  m087 vel2  MRSTFT=24.4203
  m087 vel3  MRSTFT=18.6478
  m087 vel4  MRSTFT=16.8662
  m087 vel5  MRSTFT=14.0946
  m087 vel6  MRSTFT=8.6815
  m087 vel7  MRSTFT=4.2339
  m088 vel0  MRSTFT=11.7181
  m088 vel1  MRSTFT=10.1869
  m088 vel2  MRSTFT=9.8948
  m088 vel3  MRSTFT=7.0602
  m088 vel4  MRSTFT=5.7265
  m088 vel5  MRSTFT=4.9344
  m088 vel6  MRSTFT=3.4984
  m088 vel7  MRSTFT=4.4422
  m089 vel0  MRSTFT=9.7912
  m089 vel1  MRSTFT=11.4352
  m089 vel2  MRSTFT=8.1063
  m089 vel3  MRSTFT=6.0862
  m089 vel4  MRSTFT=4.8971
  m089 vel5  MRSTFT=6.1569
  m089 vel6  MRSTFT=3.4306
  m089 vel7  MRSTFT=6.6732
  m090 vel0  MRSTFT=17.0537
  m090 vel1  MRSTFT=18.6831
  m090 vel2  MRSTFT=22.4996
  m090 vel3  MRSTFT=16.7687
  m090 vel4  MRSTFT=13.2011
  m090 vel5  MRSTFT=10.2110
  m090 vel6  MRSTFT=6.9069
  m090 vel7  MRSTFT=8.6007
  m091 vel0  MRSTFT=19.3721
  m091 vel1  MRSTFT=18.1733
  m091 vel2  MRSTFT=16.6329
  m091 vel3  MRSTFT=11.5990
  m091 vel4  MRSTFT=8.6539
  m091 vel5  MRSTFT=6.6423
  m091 vel6  MRSTFT=4.4727
  m091 vel7  MRSTFT=8.1518
  m092 vel0  MRSTFT=13.5603
  m092 vel1  MRSTFT=17.8963
  m092 vel2  MRSTFT=22.8778
  m092 vel3  MRSTFT=13.5275
  m092 vel4  MRSTFT=10.3081
  m092 vel5  MRSTFT=7.4436
  m092 vel6  MRSTFT=6.9617
  m092 vel7  MRSTFT=8.8068
  m093 vel0  MRSTFT=19.2827
  m093 vel1  MRSTFT=18.2030
  m093 vel2  MRSTFT=14.5732
  m093 vel3  MRSTFT=10.2236
  m093 vel4  MRSTFT=6.7197
  m093 vel5  MRSTFT=4.9644
  m093 vel6  MRSTFT=4.0833
  m093 vel7  MRSTFT=7.4950
  m094 vel0  MRSTFT=17.2324
  m094 vel1  MRSTFT=15.4280
  m094 vel2  MRSTFT=19.0883
  m094 vel3  MRSTFT=13.6282
  m094 vel4  MRSTFT=8.7963
  m094 vel5  MRSTFT=7.1495
  m094 vel6  MRSTFT=6.0852
  m094 vel7  MRSTFT=7.7857
  m095 vel0  MRSTFT=20.7624
  m095 vel1  MRSTFT=24.1523
  m095 vel2  MRSTFT=18.4425
  m095 vel3  MRSTFT=13.5622
  m095 vel4  MRSTFT=9.2848
  m095 vel5  MRSTFT=7.3844
  m095 vel6  MRSTFT=5.5100
  m095 vel7  MRSTFT=8.6264
  m096 vel0  MRSTFT=19.3847
  m096 vel1  MRSTFT=19.4651
  m096 vel2  MRSTFT=19.4790
  m096 vel3  MRSTFT=15.5885
  m096 vel4  MRSTFT=9.8253
  m096 vel5  MRSTFT=7.0108
  m096 vel6  MRSTFT=5.5360
  m096 vel7  MRSTFT=7.7610
  m097 vel0  MRSTFT=15.6294
  m097 vel1  MRSTFT=17.2113
  m097 vel2  MRSTFT=21.9708
  m097 vel3  MRSTFT=16.7743
  m097 vel4  MRSTFT=14.6085
  m097 vel5  MRSTFT=9.4131
  m097 vel6  MRSTFT=6.1935
  m097 vel7  MRSTFT=8.5261
  m098 vel0  MRSTFT=15.1958
  m098 vel1  MRSTFT=26.6636
  m098 vel2  MRSTFT=18.3209
  m098 vel3  MRSTFT=15.5723
  m098 vel4  MRSTFT=16.4046
  m098 vel5  MRSTFT=14.1644
  m098 vel6  MRSTFT=10.9271
  m098 vel7  MRSTFT=7.9263
  m099 vel0  MRSTFT=14.3628
  m099 vel1  MRSTFT=16.9346
  m099 vel2  MRSTFT=24.7140
  m099 vel3  MRSTFT=20.9589
  m099 vel4  MRSTFT=16.1587
  m099 vel5  MRSTFT=11.6211
  m099 vel6  MRSTFT=8.0882
  m099 vel7  MRSTFT=7.7440
  m100 vel0  MRSTFT=17.8296
  m100 vel1  MRSTFT=18.9953
  m100 vel2  MRSTFT=23.0300
  m100 vel3  MRSTFT=12.7084
  m100 vel4  MRSTFT=12.5300
  m100 vel5  MRSTFT=15.1487
  m100 vel6  MRSTFT=15.1366
  m100 vel7  MRSTFT=7.6522
  m101 vel0  MRSTFT=19.9204
  m101 vel1  MRSTFT=21.0041
  m101 vel2  MRSTFT=23.6328
  m101 vel3  MRSTFT=18.5429
  m101 vel4  MRSTFT=12.5618
  m101 vel5  MRSTFT=11.3743
  m101 vel6  MRSTFT=9.9348
  m101 vel7  MRSTFT=7.9054
  m102 vel0  MRSTFT=10.7486
  m102 vel1  MRSTFT=15.5305
  m102 vel2  MRSTFT=28.4897
  m102 vel3  MRSTFT=15.3120
  m102 vel4  MRSTFT=16.1598
  m102 vel5  MRSTFT=14.6383
  m102 vel6  MRSTFT=11.8401
  m102 vel7  MRSTFT=7.7753
  m103 vel0  MRSTFT=16.9626
  m103 vel1  MRSTFT=19.3569
  m103 vel2  MRSTFT=30.2275
  m103 vel3  MRSTFT=16.1656
  m103 vel4  MRSTFT=16.6057
  m103 vel5  MRSTFT=14.7222
  m103 vel6  MRSTFT=11.4491
  m103 vel7  MRSTFT=8.4568
  m104 vel0  MRSTFT=17.2754
  m104 vel1  MRSTFT=13.0727
  m104 vel2  MRSTFT=30.5816
  m104 vel3  MRSTFT=16.8072
  m104 vel4  MRSTFT=13.0467
  m104 vel5  MRSTFT=15.9418
  m104 vel6  MRSTFT=11.5819
  m104 vel7  MRSTFT=8.4986
  m105 vel0  MRSTFT=18.5932
  m105 vel1  MRSTFT=9.5796
  m105 vel2  MRSTFT=25.2486
  m105 vel3  MRSTFT=15.2614
  m105 vel4  MRSTFT=14.0772
  m105 vel5  MRSTFT=13.2465
  m105 vel6  MRSTFT=9.9527
  m105 vel7  MRSTFT=9.4310
  m106 vel0  MRSTFT=15.5061
  m106 vel1  MRSTFT=14.1719
  m106 vel2  MRSTFT=27.6529
  m106 vel3  MRSTFT=19.2866
  m106 vel4  MRSTFT=10.8477
  m106 vel5  MRSTFT=14.5871
  m106 vel6  MRSTFT=9.4994
  m106 vel7  MRSTFT=9.0375
  m107 vel0  MRSTFT=11.1073
  m107 vel1  MRSTFT=19.4145
  m107 vel2  MRSTFT=27.2628
  m107 vel3  MRSTFT=20.1954
  m107 vel4  MRSTFT=16.5295
  m107 vel5  MRSTFT=18.0905
  m107 vel6  MRSTFT=12.2612
  m107 vel7  MRSTFT=9.7107
  m108 vel0  MRSTFT=19.4831
  m108 vel1  MRSTFT=22.1281
  m108 vel2  MRSTFT=4.1802
  m108 vel3  MRSTFT=16.9862
  m108 vel4  MRSTFT=4.1175
  m108 vel5  MRSTFT=18.4999
  m108 vel6  MRSTFT=11.3630
  m108 vel7  MRSTFT=10.2149
  ── mean MRSTFT = 6.9015  (704/704 notes) ──
  sample -> m021_vel3.wav
  sample -> m048_vel3.wav
  sample -> m060_vel3.wav
  sample -> m084_vel5.wav
  sample -> m096_vel5.wav
  sample -> m108_vel7.wav
